#
# There is insufficient memory for the Java Runtime Environment to continue.
# Native memory allocation (malloc) failed to allocate 546496 bytes for Chunk::new
# Possible reasons:
#   The system is out of physical RAM or swap space
#   The process is running with CompressedOops enabled, and the Java Heap may be blocking the growth of the native heap
# Possible solutions:
#   Reduce memory load on the system
#   Increase physical memory or swap space
#   Check if swap backing store is full
#   Decrease Java heap size (-Xmx/-Xms)
#   Decrease number of Java threads
#   Decrease Java thread stack sizes (-Xss)
#   Set larger code cache with -XX:ReservedCodeCacheSize=
#   JVM is running with Unscaled Compressed Oops mode in which the Java heap is
#     placed in the first 4GB address space. The Java Heap base address is the
#     maximum limit for the native heap growth. Please use -XX:HeapBaseMinAddress
#     to set the Java Heap base and to place the Java Heap above 4GB virtual address.
# This output file may be truncated or incomplete.
#
#  Out of Memory Error (./src/hotspot/share/memory/arena.cpp:197), pid=17512, tid=17484
#
# JRE version: OpenJDK Runtime Environment (11.0.13) (build 11.0.13+0-b1751.21-8125866)
# Java VM: OpenJDK 64-Bit Server VM (11.0.13+0-b1751.21-8125866, mixed mode, tiered, compressed oops, g1 gc, windows-amd64)
# No core dump will be written. Minidumps are not enabled by default on client versions of Windows
#

---------------  S U M M A R Y ------------

Command Line: --add-opens=java.base/java.util=ALL-UNNAMED --add-opens=java.base/java.lang=ALL-UNNAMED --add-opens=java.base/java.lang.invoke=ALL-UNNAMED --add-opens=java.base/java.util=ALL-UNNAMED --add-opens=java.prefs/java.util.prefs=ALL-UNNAMED --add-opens=java.prefs/java.util.prefs=ALL-UNNAMED --add-opens=java.base/java.nio.charset=ALL-UNNAMED --add-opens=java.base/java.net=ALL-UNNAMED --add-opens=java.base/java.util.concurrent.atomic=ALL-UNNAMED -Xmx2048m -Dfile.encoding=UTF-8 -Duser.country=US -Duser.language=en -Duser.variant org.gradle.launcher.daemon.bootstrap.GradleDaemon 7.4

Host: Intel(R) Core(TM) i5-8250U CPU @ 1.60GHz, 8 cores, 11G,  Windows 10 , 64 bit Build 19041 (10.0.19041.3031)
Time: Wed Sep 13 16:17:12 2023 India Standard Time elapsed time: 15.665640 seconds (0d 0h 0m 15s)

---------------  T H R E A D  ---------------

Current thread (0x000001cbb5d30000):  JavaThread "C2 CompilerThread2" daemon [_thread_in_native, id=17484, stack(0x000000200b300000,0x000000200b400000)]


Current CompileTask:
C2:  15665 3691       4       java.lang.ClassLoader::defineClass (43 bytes)

Stack: [0x000000200b300000,0x000000200b400000]
Native frames: (J=compiled Java code, j=interpreted, Vv=VM code, C=native code)
V  [jvm.dll+0x6100fa]
V  [jvm.dll+0x747090]
V  [jvm.dll+0x7486ad]
V  [jvm.dll+0x748d83]
V  [jvm.dll+0x24ab48]
V  [jvm.dll+0xc04dc]
V  [jvm.dll+0xc0a0c]
V  [jvm.dll+0x2bfab4]
V  [jvm.dll+0x524238]
V  [jvm.dll+0x20b193]
V  [jvm.dll+0x204ca0]
V  [jvm.dll+0x2023c2]
V  [jvm.dll+0x188e01]
V  [jvm.dll+0x21106b]
V  [jvm.dll+0x20f8c1]
V  [jvm.dll+0x70de0f]
V  [jvm.dll+0x706a75]
V  [jvm.dll+0x60ed66]
C  [ucrtbase.dll+0x21bb2]
C  [KERNEL32.DLL+0x17614]
C  [ntdll.dll+0x526f1]


---------------  P R O C E S S  ---------------

Threads class SMR info:
_java_thread_list=0x000001cbb5e35710, length=41, elements={
0x000001cb96ccc800, 0x000001cbb2160800, 0x000001cbb2163800, 0x000001cbb21be800,
0x000001cbb21c0000, 0x000001cbb21c2000, 0x000001cbb21c5000, 0x000001cbb21c8000,
0x000001cbb21d1000, 0x000001cbb2335800, 0x000001cbb3b5c800, 0x000001cbb2dda000,
0x000001cbb3958000, 0x000001cbb51a8800, 0x000001cbb504d800, 0x000001cbb5315800,
0x000001cbb2eb6800, 0x000001cbb373e800, 0x000001cbb34e3000, 0x000001cbb471d000,
0x000001cbb2339000, 0x000001cbb233b000, 0x000001cbb2337000, 0x000001cbb233a800,
0x000001cbb233c000, 0x000001cbb2339800, 0x000001cbb2336800, 0x000001cbb233d000,
0x000001cbb2338000, 0x000001cbb559b800, 0x000001cbb559e000, 0x000001cbb5598000,
0x000001cbb559a800, 0x000001cbb559c800, 0x000001cbb559d000, 0x000001cbb559e800,
0x000001cbb5599000, 0x000001cbb559a000, 0x000001cbb5d32000, 0x000001cbb5d30000,
0x000001cbb5572800
}

Java Threads: ( => current thread )
  0x000001cb96ccc800 JavaThread "main" [_thread_blocked, id=21456, stack(0x0000002007d00000,0x0000002007e00000)]
  0x000001cbb2160800 JavaThread "Reference Handler" daemon [_thread_blocked, id=19964, stack(0x0000002008400000,0x0000002008500000)]
  0x000001cbb2163800 JavaThread "Finalizer" daemon [_thread_blocked, id=33356, stack(0x0000002008500000,0x0000002008600000)]
  0x000001cbb21be800 JavaThread "Signal Dispatcher" daemon [_thread_blocked, id=24912, stack(0x0000002008600000,0x0000002008700000)]
  0x000001cbb21c0000 JavaThread "Attach Listener" daemon [_thread_blocked, id=29224, stack(0x0000002008700000,0x0000002008800000)]
  0x000001cbb21c2000 JavaThread "Service Thread" daemon [_thread_blocked, id=33308, stack(0x0000002008800000,0x0000002008900000)]
  0x000001cbb21c5000 JavaThread "C2 CompilerThread0" daemon [_thread_in_native, id=17988, stack(0x0000002008900000,0x0000002008a00000)]
  0x000001cbb21c8000 JavaThread "C1 CompilerThread0" daemon [_thread_blocked, id=30768, stack(0x0000002008a00000,0x0000002008b00000)]
  0x000001cbb21d1000 JavaThread "Sweeper thread" daemon [_thread_blocked, id=13304, stack(0x0000002008b00000,0x0000002008c00000)]
  0x000001cbb2335800 JavaThread "Common-Cleaner" daemon [_thread_blocked, id=28204, stack(0x0000002008c00000,0x0000002008d00000)]
  0x000001cbb3b5c800 JavaThread "Daemon health stats" [_thread_blocked, id=18900, stack(0x0000002009300000,0x0000002009400000)]
  0x000001cbb2dda000 JavaThread "Incoming local TCP Connector on port 60757" [_thread_in_native, id=17684, stack(0x0000002008e00000,0x0000002008f00000)]
  0x000001cbb3958000 JavaThread "Daemon periodic checks" [_thread_blocked, id=8432, stack(0x0000002009200000,0x0000002009300000)]
  0x000001cbb51a8800 JavaThread "Daemon" [_thread_blocked, id=19028, stack(0x0000002009400000,0x0000002009500000)]
  0x000001cbb504d800 JavaThread "Handler for socket connection from /127.0.0.1:60757 to /127.0.0.1:60758" [_thread_in_native, id=22312, stack(0x0000002009500000,0x0000002009600000)]
  0x000001cbb5315800 JavaThread "Cancel handler" [_thread_blocked, id=21676, stack(0x0000002009600000,0x0000002009700000)]
  0x000001cbb2eb6800 JavaThread "Daemon worker" [_thread_in_vm, id=26728, stack(0x0000002009700000,0x0000002009800000)]
  0x000001cbb373e800 JavaThread "Asynchronous log dispatcher for DefaultDaemonConnection: socket connection from /127.0.0.1:60757 to /127.0.0.1:60758" [_thread_blocked, id=8004, stack(0x0000002009800000,0x0000002009900000)]
  0x000001cbb34e3000 JavaThread "Stdin handler" [_thread_blocked, id=22740, stack(0x0000002009900000,0x0000002009a00000)]
  0x000001cbb471d000 JavaThread "Daemon client event forwarder" [_thread_blocked, id=14684, stack(0x0000002009a00000,0x0000002009b00000)]
  0x000001cbb2339000 JavaThread "Cache worker for journal cache (C:\Users\gadha\.gradle\caches\journal-1)" [_thread_blocked, id=5972, stack(0x0000002009b00000,0x0000002009c00000)]
  0x000001cbb233b000 JavaThread "File lock request listener" [_thread_in_native, id=33548, stack(0x0000002009c00000,0x0000002009d00000)]
  0x000001cbb2337000 JavaThread "Cache worker for file hash cache (C:\Users\gadha\.gradle\caches\7.4\fileHashes)" [_thread_blocked, id=23440, stack(0x000000200a200000,0x000000200a300000)]
  0x000001cbb233a800 JavaThread "File watcher server" daemon [_thread_in_native, id=19440, stack(0x000000200a300000,0x000000200a400000)]
  0x000001cbb233c000 JavaThread "File watcher consumer" daemon [_thread_blocked, id=12440, stack(0x000000200a400000,0x000000200a500000)]
  0x000001cbb2339800 JavaThread "jar transforms" [_thread_blocked, id=20028, stack(0x000000200a600000,0x000000200a700000)]
  0x000001cbb2336800 JavaThread "jar transforms Thread 2" [_thread_blocked, id=28692, stack(0x000000200a700000,0x000000200a800000)]
  0x000001cbb233d000 JavaThread "jar transforms Thread 3" [_thread_blocked, id=17628, stack(0x000000200a800000,0x000000200a900000)]
  0x000001cbb2338000 JavaThread "jar transforms Thread 4" [_thread_blocked, id=11684, stack(0x000000200a900000,0x000000200aa00000)]
  0x000001cbb559b800 JavaThread "jar transforms Thread 5" [_thread_blocked, id=14384, stack(0x000000200aa00000,0x000000200ab00000)]
  0x000001cbb559e000 JavaThread "jar transforms Thread 6" [_thread_blocked, id=32980, stack(0x000000200ab00000,0x000000200ac00000)]
  0x000001cbb5598000 JavaThread "jar transforms Thread 7" [_thread_blocked, id=22804, stack(0x000000200ac00000,0x000000200ad00000)]
  0x000001cbb559a800 JavaThread "jar transforms Thread 8" [_thread_blocked, id=15064, stack(0x000000200ad00000,0x000000200ae00000)]
  0x000001cbb559c800 JavaThread "Cache worker for checksums cache (D:\RoomDatabaseStore\.gradle\7.4\checksums)" [_thread_blocked, id=25860, stack(0x000000200a500000,0x000000200a600000)]
  0x000001cbb559d000 JavaThread "Cache worker for cache directory md-rule (C:\Users\gadha\.gradle\caches\7.4\md-rule)" [_thread_blocked, id=10736, stack(0x000000200ae00000,0x000000200af00000)]
  0x000001cbb559e800 JavaThread "Cache worker for file hash cache (D:\RoomDatabaseStore\.gradle\7.4\fileHashes)" [_thread_blocked, id=4296, stack(0x000000200af00000,0x000000200b000000)]
  0x000001cbb5599000 JavaThread "Cache worker for cache directory md-supplier (C:\Users\gadha\.gradle\caches\7.4\md-supplier)" [_thread_blocked, id=33232, stack(0x000000200b000000,0x000000200b100000)]
  0x000001cbb559a000 JavaThread "Cache worker for execution history cache (C:\Users\gadha\.gradle\caches\7.4\executionHistory)" [_thread_blocked, id=6892, stack(0x000000200b100000,0x000000200b200000)]
  0x000001cbb5d32000 JavaThread "C2 CompilerThread1" daemon [_thread_in_native, id=11084, stack(0x000000200b200000,0x000000200b300000)]
=>0x000001cbb5d30000 JavaThread "C2 CompilerThread2" daemon [_thread_in_native, id=17484, stack(0x000000200b300000,0x000000200b400000)]
  0x000001cbb5572800 JavaThread "Cache worker for file content cache (C:\Users\gadha\.gradle\caches\7.4\fileContent)" [_thread_blocked, id=27048, stack(0x000000200b400000,0x000000200b500000)]

Other Threads:
  0x000001cbb1955000 VMThread "VM Thread" [stack: 0x0000002008300000,0x0000002008400000] [id=23352]
  0x000001cbb2357000 WatcherThread [stack: 0x0000002008d00000,0x0000002008e00000] [id=24208]
  0x000001cb96ce7000 GCTaskThread "GC Thread#0" [stack: 0x0000002007e00000,0x0000002007f00000] [id=26352]
  0x000001cbb32fc000 GCTaskThread "GC Thread#1" [stack: 0x0000002008f00000,0x0000002009000000] [id=12572]
  0x000001cbb2dbf000 GCTaskThread "GC Thread#2" [stack: 0x0000002009000000,0x0000002009100000] [id=31860]
  0x000001cbb321a800 GCTaskThread "GC Thread#3" [stack: 0x0000002009100000,0x0000002009200000] [id=9848]
  0x000001cbb51dd000 GCTaskThread "GC Thread#4" [stack: 0x0000002009d00000,0x0000002009e00000] [id=30552]
  0x000001cbb3b95800 GCTaskThread "GC Thread#5" [stack: 0x0000002009e00000,0x0000002009f00000] [id=5532]
  0x000001cbb4d99800 GCTaskThread "GC Thread#6" [stack: 0x0000002009f00000,0x000000200a000000] [id=31412]
  0x000001cbb2aec000 GCTaskThread "GC Thread#7" [stack: 0x000000200a000000,0x000000200a100000] [id=14420]
  0x000001cb96d17000 ConcurrentGCThread "G1 Main Marker" [stack: 0x0000002007f00000,0x0000002008000000] [id=33404]
  0x000001cb96d18800 ConcurrentGCThread "G1 Conc#0" [stack: 0x0000002008000000,0x0000002008100000] [id=12908]
  0x000001cbb3e09000 ConcurrentGCThread "G1 Conc#1" [stack: 0x000000200a100000,0x000000200a200000] [id=26028]
  0x000001cbb17a4800 ConcurrentGCThread "G1 Refine#0" [stack: 0x0000002008100000,0x0000002008200000] [id=3592]
  0x000001cbb17a5800 ConcurrentGCThread "G1 Young RemSet Sampling" [stack: 0x0000002008200000,0x0000002008300000] [id=11628]

Threads with active compile tasks:
C2 CompilerThread0  15725 3713       4       java.lang.ReflectiveOperationException::<init> (7 bytes)
C2 CompilerThread1  15725 3637       4       org.objectweb.asm.Frame::execute (2318 bytes)
C2 CompilerThread2  15725 3691       4       java.lang.ClassLoader::defineClass (43 bytes)

VM state:not at safepoint (normal execution)

VM Mutex/Monitor currently owned by a thread: None

Heap address: 0x0000000080000000, size: 2048 MB, Compressed Oops mode: 32-bit
Narrow klass base: 0x0000000000000000, Narrow klass shift: 3
Compressed class space size: 1073741824 Address: 0x0000000100000000

Heap:
 garbage-first heap   total 196608K, used 117207K [0x0000000080000000, 0x0000000100000000)
  region size 1024K, 80 young (81920K), 9 survivors (9216K)
 Metaspace       used 42793K, capacity 43911K, committed 44108K, reserved 1087488K
  class space    used 5439K, capacity 5861K, committed 5964K, reserved 1048576K
Heap Regions: E=young(eden), S=young(survivor), O=old, HS=humongous(starts), HC=humongous(continues), CS=collection set, F=free, A=archive, TAMS=top-at-mark-start (previous, next)
|   0|0x0000000080000000, 0x0000000080100000, 0x0000000080100000|100%| O|  |TAMS 0x0000000080100000, 0x0000000080000000| Untracked 
|   1|0x0000000080100000, 0x0000000080200000, 0x0000000080200000|100%| O|  |TAMS 0x0000000080200000, 0x0000000080100000| Untracked 
|   2|0x0000000080200000, 0x0000000080300000, 0x0000000080300000|100%| O|  |TAMS 0x0000000080300000, 0x0000000080200000| Untracked 
|   3|0x0000000080300000, 0x0000000080400000, 0x0000000080400000|100%|HS|  |TAMS 0x0000000080400000, 0x0000000080300000| Complete 
|   4|0x0000000080400000, 0x0000000080500000, 0x0000000080500000|100%|HC|  |TAMS 0x0000000080500000, 0x0000000080400000| Complete 
|   5|0x0000000080500000, 0x0000000080600000, 0x0000000080600000|100%|HC|  |TAMS 0x0000000080600000, 0x0000000080500000| Complete 
|   6|0x0000000080600000, 0x0000000080700000, 0x0000000080700000|100%| O|  |TAMS 0x0000000080700000, 0x0000000080600000| Untracked 
|   7|0x0000000080700000, 0x0000000080800000, 0x0000000080800000|100%| O|  |TAMS 0x0000000080800000, 0x0000000080700000| Untracked 
|   8|0x0000000080800000, 0x0000000080900000, 0x0000000080900000|100%| O|  |TAMS 0x0000000080900000, 0x0000000080800000| Untracked 
|   9|0x0000000080900000, 0x0000000080a00000, 0x0000000080a00000|100%| O|  |TAMS 0x0000000080a00000, 0x0000000080900000| Untracked 
|  10|0x0000000080a00000, 0x0000000080b00000, 0x0000000080b00000|100%| O|  |TAMS 0x0000000080b00000, 0x0000000080a00000| Untracked 
|  11|0x0000000080b00000, 0x0000000080c00000, 0x0000000080c00000|100%| O|  |TAMS 0x0000000080c00000, 0x0000000080b00000| Untracked 
|  12|0x0000000080c00000, 0x0000000080d00000, 0x0000000080d00000|100%| O|  |TAMS 0x0000000080d00000, 0x0000000080c00000| Untracked 
|  13|0x0000000080d00000, 0x0000000080e00000, 0x0000000080e00000|100%| O|  |TAMS 0x0000000080e00000, 0x0000000080d00000| Untracked 
|  14|0x0000000080e00000, 0x0000000080f00000, 0x0000000080f00000|100%| O|  |TAMS 0x0000000080f00000, 0x0000000080e00000| Untracked 
|  15|0x0000000080f00000, 0x0000000081000000, 0x0000000081000000|100%| O|  |TAMS 0x0000000081000000, 0x0000000080f00000| Untracked 
|  16|0x0000000081000000, 0x0000000081100000, 0x0000000081100000|100%| O|  |TAMS 0x0000000081100000, 0x0000000081000000| Untracked 
|  17|0x0000000081100000, 0x0000000081200000, 0x0000000081200000|100%|HS|  |TAMS 0x0000000081200000, 0x0000000081100000| Complete 
|  18|0x0000000081200000, 0x0000000081300000, 0x0000000081300000|100%|HC|  |TAMS 0x0000000081300000, 0x0000000081200000| Complete 
|  19|0x0000000081300000, 0x0000000081400000, 0x0000000081400000|100%|HS|  |TAMS 0x0000000081400000, 0x0000000081300000| Complete 
|  20|0x0000000081400000, 0x0000000081500000, 0x0000000081500000|100%|HC|  |TAMS 0x0000000081500000, 0x0000000081400000| Complete 
|  21|0x0000000081500000, 0x0000000081600000, 0x0000000081600000|100%|HC|  |TAMS 0x0000000081600000, 0x0000000081500000| Complete 
|  22|0x0000000081600000, 0x0000000081700000, 0x0000000081700000|100%|HS|  |TAMS 0x0000000081700000, 0x0000000081600000| Complete 
|  23|0x0000000081700000, 0x0000000081800000, 0x0000000081800000|100%|HC|  |TAMS 0x0000000081800000, 0x0000000081700000| Complete 
|  24|0x0000000081800000, 0x0000000081900000, 0x0000000081900000|100%|HC|  |TAMS 0x0000000081900000, 0x0000000081800000| Complete 
|  25|0x0000000081900000, 0x0000000081a00000, 0x0000000081a00000|100%|HS|  |TAMS 0x0000000081a00000, 0x0000000081900000| Complete 
|  26|0x0000000081a00000, 0x0000000081b00000, 0x0000000081b00000|100%|HC|  |TAMS 0x0000000081b00000, 0x0000000081a00000| Complete 
|  27|0x0000000081b00000, 0x0000000081c00000, 0x0000000081c00000|100%|HC|  |TAMS 0x0000000081c00000, 0x0000000081b00000| Complete 
|  28|0x0000000081c00000, 0x0000000081d00000, 0x0000000081d00000|100%|HC|  |TAMS 0x0000000081d00000, 0x0000000081c00000| Complete 
|  29|0x0000000081d00000, 0x0000000081e00000, 0x0000000081e00000|100%|HS|  |TAMS 0x0000000081e00000, 0x0000000081d00000| Complete 
|  30|0x0000000081e00000, 0x0000000081f00000, 0x0000000081f00000|100%|HC|  |TAMS 0x0000000081f00000, 0x0000000081e00000| Complete 
|  31|0x0000000081f00000, 0x0000000082000000, 0x0000000082000000|100%|HC|  |TAMS 0x0000000082000000, 0x0000000081f00000| Complete 
|  32|0x0000000082000000, 0x0000000082100000, 0x0000000082100000|100%|HC|  |TAMS 0x0000000082100000, 0x0000000082000000| Complete 
|  33|0x0000000082100000, 0x0000000082200000, 0x0000000082200000|100%|HC|  |TAMS 0x0000000082200000, 0x0000000082100000| Complete 
|  34|0x0000000082200000, 0x000000008225de00, 0x0000000082300000| 36%| O|  |TAMS 0x000000008225de00, 0x0000000082200000| Untracked 
|  35|0x0000000082300000, 0x0000000082400000, 0x0000000082400000|100%|HS|  |TAMS 0x0000000082300000, 0x0000000082300000| Complete 
|  36|0x0000000082400000, 0x0000000082500000, 0x0000000082500000|100%|HS|  |TAMS 0x0000000082400000, 0x0000000082400000| Complete 
|  37|0x0000000082500000, 0x0000000082600000, 0x0000000082600000|100%|HC|  |TAMS 0x0000000082500000, 0x0000000082500000| Complete 
|  38|0x0000000082600000, 0x0000000082600000, 0x0000000082700000|  0%| F|  |TAMS 0x0000000082600000, 0x0000000082600000| Untracked 
|  39|0x0000000082700000, 0x0000000082700000, 0x0000000082800000|  0%| F|  |TAMS 0x0000000082700000, 0x0000000082700000| Untracked 
|  40|0x0000000082800000, 0x0000000082800000, 0x0000000082900000|  0%| F|  |TAMS 0x0000000082800000, 0x0000000082800000| Untracked 
|  41|0x0000000082900000, 0x0000000082900000, 0x0000000082a00000|  0%| F|  |TAMS 0x0000000082900000, 0x0000000082900000| Untracked 
|  42|0x0000000082a00000, 0x0000000082a00000, 0x0000000082b00000|  0%| F|  |TAMS 0x0000000082a00000, 0x0000000082a00000| Untracked 
|  43|0x0000000082b00000, 0x0000000082b00000, 0x0000000082c00000|  0%| F|  |TAMS 0x0000000082b00000, 0x0000000082b00000| Untracked 
|  44|0x0000000082c00000, 0x0000000082c00000, 0x0000000082d00000|  0%| F|  |TAMS 0x0000000082c00000, 0x0000000082c00000| Untracked 
|  45|0x0000000082d00000, 0x0000000082d00000, 0x0000000082e00000|  0%| F|  |TAMS 0x0000000082d00000, 0x0000000082d00000| Untracked 
|  46|0x0000000082e00000, 0x0000000082e00000, 0x0000000082f00000|  0%| F|  |TAMS 0x0000000082e00000, 0x0000000082e00000| Untracked 
|  47|0x0000000082f00000, 0x0000000082f00000, 0x0000000083000000|  0%| F|  |TAMS 0x0000000082f00000, 0x0000000082f00000| Untracked 
|  48|0x0000000083000000, 0x0000000083000000, 0x0000000083100000|  0%| F|  |TAMS 0x0000000083000000, 0x0000000083000000| Untracked 
|  49|0x0000000083100000, 0x0000000083100000, 0x0000000083200000|  0%| F|  |TAMS 0x0000000083100000, 0x0000000083100000| Untracked 
|  50|0x0000000083200000, 0x0000000083200000, 0x0000000083300000|  0%| F|  |TAMS 0x0000000083200000, 0x0000000083200000| Untracked 
|  51|0x0000000083300000, 0x0000000083300000, 0x0000000083400000|  0%| F|  |TAMS 0x0000000083300000, 0x0000000083300000| Untracked 
|  52|0x0000000083400000, 0x0000000083400000, 0x0000000083500000|  0%| F|  |TAMS 0x0000000083400000, 0x0000000083400000| Untracked 
|  53|0x0000000083500000, 0x0000000083500000, 0x0000000083600000|  0%| F|  |TAMS 0x0000000083500000, 0x0000000083500000| Untracked 
|  54|0x0000000083600000, 0x0000000083600000, 0x0000000083700000|  0%| F|  |TAMS 0x0000000083600000, 0x0000000083600000| Untracked 
|  55|0x0000000083700000, 0x0000000083700000, 0x0000000083800000|  0%| F|  |TAMS 0x0000000083700000, 0x0000000083700000| Untracked 
|  56|0x0000000083800000, 0x0000000083800000, 0x0000000083900000|  0%| F|  |TAMS 0x0000000083800000, 0x0000000083800000| Untracked 
|  57|0x0000000083900000, 0x0000000083900000, 0x0000000083a00000|  0%| F|  |TAMS 0x0000000083900000, 0x0000000083900000| Untracked 
|  58|0x0000000083a00000, 0x0000000083a00000, 0x0000000083b00000|  0%| F|  |TAMS 0x0000000083a00000, 0x0000000083a00000| Untracked 
|  59|0x0000000083b00000, 0x0000000083b00000, 0x0000000083c00000|  0%| F|  |TAMS 0x0000000083b00000, 0x0000000083b00000| Untracked 
|  60|0x0000000083c00000, 0x0000000083c00000, 0x0000000083d00000|  0%| F|  |TAMS 0x0000000083c00000, 0x0000000083c00000| Untracked 
|  61|0x0000000083d00000, 0x0000000083d00000, 0x0000000083e00000|  0%| F|  |TAMS 0x0000000083d00000, 0x0000000083d00000| Untracked 
|  62|0x0000000083e00000, 0x0000000083e00000, 0x0000000083f00000|  0%| F|  |TAMS 0x0000000083e00000, 0x0000000083e00000| Untracked 
|  63|0x0000000083f00000, 0x0000000083f00000, 0x0000000084000000|  0%| F|  |TAMS 0x0000000083f00000, 0x0000000083f00000| Untracked 
|  64|0x0000000084000000, 0x0000000084000000, 0x0000000084100000|  0%| F|  |TAMS 0x0000000084000000, 0x0000000084000000| Untracked 
|  65|0x0000000084100000, 0x0000000084100000, 0x0000000084200000|  0%| F|  |TAMS 0x0000000084100000, 0x0000000084100000| Untracked 
|  66|0x0000000084200000, 0x0000000084200000, 0x0000000084300000|  0%| F|  |TAMS 0x0000000084200000, 0x0000000084200000| Untracked 
|  67|0x0000000084300000, 0x0000000084300000, 0x0000000084400000|  0%| F|  |TAMS 0x0000000084300000, 0x0000000084300000| Untracked 
|  68|0x0000000084400000, 0x0000000084400000, 0x0000000084500000|  0%| F|  |TAMS 0x0000000084400000, 0x0000000084400000| Untracked 
|  69|0x0000000084500000, 0x0000000084500000, 0x0000000084600000|  0%| F|  |TAMS 0x0000000084500000, 0x0000000084500000| Untracked 
|  70|0x0000000084600000, 0x0000000084600000, 0x0000000084700000|  0%| F|  |TAMS 0x0000000084600000, 0x0000000084600000| Untracked 
|  71|0x0000000084700000, 0x0000000084700000, 0x0000000084800000|  0%| F|  |TAMS 0x0000000084700000, 0x0000000084700000| Untracked 
|  72|0x0000000084800000, 0x0000000084800000, 0x0000000084900000|  0%| F|  |TAMS 0x0000000084800000, 0x0000000084800000| Untracked 
|  73|0x0000000084900000, 0x0000000084900000, 0x0000000084a00000|  0%| F|  |TAMS 0x0000000084900000, 0x0000000084900000| Untracked 
|  74|0x0000000084a00000, 0x0000000084a00000, 0x0000000084b00000|  0%| F|  |TAMS 0x0000000084a00000, 0x0000000084a00000| Untracked 
|  75|0x0000000084b00000, 0x0000000084b00000, 0x0000000084c00000|  0%| F|  |TAMS 0x0000000084b00000, 0x0000000084b00000| Untracked 
|  76|0x0000000084c00000, 0x0000000084c00000, 0x0000000084d00000|  0%| F|  |TAMS 0x0000000084c00000, 0x0000000084c00000| Untracked 
|  77|0x0000000084d00000, 0x0000000084d00000, 0x0000000084e00000|  0%| F|  |TAMS 0x0000000084d00000, 0x0000000084d00000| Untracked 
|  78|0x0000000084e00000, 0x0000000084e00000, 0x0000000084f00000|  0%| F|  |TAMS 0x0000000084e00000, 0x0000000084e00000| Untracked 
|  79|0x0000000084f00000, 0x0000000084f00000, 0x0000000085000000|  0%| F|  |TAMS 0x0000000084f00000, 0x0000000084f00000| Untracked 
|  80|0x0000000085000000, 0x0000000085000000, 0x0000000085100000|  0%| F|  |TAMS 0x0000000085000000, 0x0000000085000000| Untracked 
|  81|0x0000000085100000, 0x0000000085100000, 0x0000000085200000|  0%| F|  |TAMS 0x0000000085100000, 0x0000000085100000| Untracked 
|  82|0x0000000085200000, 0x0000000085200000, 0x0000000085300000|  0%| F|  |TAMS 0x0000000085200000, 0x0000000085200000| Untracked 
|  83|0x0000000085300000, 0x0000000085300000, 0x0000000085400000|  0%| F|  |TAMS 0x0000000085300000, 0x0000000085300000| Untracked 
|  84|0x0000000085400000, 0x0000000085400000, 0x0000000085500000|  0%| F|  |TAMS 0x0000000085400000, 0x0000000085400000| Untracked 
|  85|0x0000000085500000, 0x0000000085500000, 0x0000000085600000|  0%| F|  |TAMS 0x0000000085500000, 0x0000000085500000| Untracked 
|  86|0x0000000085600000, 0x0000000085600000, 0x0000000085700000|  0%| F|  |TAMS 0x0000000085600000, 0x0000000085600000| Untracked 
|  87|0x0000000085700000, 0x0000000085700000, 0x0000000085800000|  0%| F|  |TAMS 0x0000000085700000, 0x0000000085700000| Untracked 
|  88|0x0000000085800000, 0x0000000085800000, 0x0000000085900000|  0%| F|  |TAMS 0x0000000085800000, 0x0000000085800000| Untracked 
|  89|0x0000000085900000, 0x0000000085900000, 0x0000000085a00000|  0%| F|  |TAMS 0x0000000085900000, 0x0000000085900000| Untracked 
|  90|0x0000000085a00000, 0x0000000085a00000, 0x0000000085b00000|  0%| F|  |TAMS 0x0000000085a00000, 0x0000000085a00000| Untracked 
|  91|0x0000000085b00000, 0x0000000085b00000, 0x0000000085c00000|  0%| F|  |TAMS 0x0000000085b00000, 0x0000000085b00000| Untracked 
|  92|0x0000000085c00000, 0x0000000085c00000, 0x0000000085d00000|  0%| F|  |TAMS 0x0000000085c00000, 0x0000000085c00000| Untracked 
|  93|0x0000000085d00000, 0x0000000085d00000, 0x0000000085e00000|  0%| F|  |TAMS 0x0000000085d00000, 0x0000000085d00000| Untracked 
|  94|0x0000000085e00000, 0x0000000085e00000, 0x0000000085f00000|  0%| F|  |TAMS 0x0000000085e00000, 0x0000000085e00000| Untracked 
|  95|0x0000000085f00000, 0x0000000085f00000, 0x0000000086000000|  0%| F|  |TAMS 0x0000000085f00000, 0x0000000085f00000| Untracked 
|  96|0x0000000086000000, 0x0000000086000000, 0x0000000086100000|  0%| F|  |TAMS 0x0000000086000000, 0x0000000086000000| Untracked 
|  97|0x0000000086100000, 0x0000000086100000, 0x0000000086200000|  0%| F|  |TAMS 0x0000000086100000, 0x0000000086100000| Untracked 
|  98|0x0000000086200000, 0x0000000086200000, 0x0000000086300000|  0%| F|  |TAMS 0x0000000086200000, 0x0000000086200000| Untracked 
|  99|0x0000000086300000, 0x0000000086300000, 0x0000000086400000|  0%| F|  |TAMS 0x0000000086300000, 0x0000000086300000| Untracked 
| 100|0x0000000086400000, 0x0000000086400000, 0x0000000086500000|  0%| F|  |TAMS 0x0000000086400000, 0x0000000086400000| Untracked 
| 101|0x0000000086500000, 0x0000000086500000, 0x0000000086600000|  0%| F|  |TAMS 0x0000000086500000, 0x0000000086500000| Untracked 
| 102|0x0000000086600000, 0x0000000086600000, 0x0000000086700000|  0%| F|  |TAMS 0x0000000086600000, 0x0000000086600000| Untracked 
| 103|0x0000000086700000, 0x0000000086700000, 0x0000000086800000|  0%| F|  |TAMS 0x0000000086700000, 0x0000000086700000| Untracked 
| 104|0x0000000086800000, 0x0000000086800000, 0x0000000086900000|  0%| F|  |TAMS 0x0000000086800000, 0x0000000086800000| Untracked 
| 105|0x0000000086900000, 0x0000000086900000, 0x0000000086a00000|  0%| F|  |TAMS 0x0000000086900000, 0x0000000086900000| Untracked 
| 106|0x0000000086a00000, 0x0000000086a00000, 0x0000000086b00000|  0%| F|  |TAMS 0x0000000086a00000, 0x0000000086a00000| Untracked 
| 107|0x0000000086b00000, 0x0000000086b00000, 0x0000000086c00000|  0%| F|  |TAMS 0x0000000086b00000, 0x0000000086b00000| Untracked 
| 108|0x0000000086c00000, 0x0000000086c00000, 0x0000000086d00000|  0%| F|  |TAMS 0x0000000086c00000, 0x0000000086c00000| Untracked 
| 109|0x0000000086d00000, 0x0000000086d00000, 0x0000000086e00000|  0%| F|  |TAMS 0x0000000086d00000, 0x0000000086d00000| Untracked 
| 110|0x0000000086e00000, 0x0000000086e00000, 0x0000000086f00000|  0%| F|  |TAMS 0x0000000086e00000, 0x0000000086e00000| Untracked 
| 111|0x0000000086f00000, 0x0000000086f00000, 0x0000000087000000|  0%| F|  |TAMS 0x0000000086f00000, 0x0000000086f00000| Untracked 
| 112|0x0000000087000000, 0x0000000087081240, 0x0000000087100000| 50%| E|  |TAMS 0x0000000087000000, 0x0000000087000000| Complete 
| 113|0x0000000087100000, 0x0000000087200000, 0x0000000087200000|100%| E|CS|TAMS 0x0000000087100000, 0x0000000087100000| Complete 
| 114|0x0000000087200000, 0x0000000087300000, 0x0000000087300000|100%| E|CS|TAMS 0x0000000087200000, 0x0000000087200000| Complete 
| 115|0x0000000087300000, 0x0000000087400000, 0x0000000087400000|100%| E|CS|TAMS 0x0000000087300000, 0x0000000087300000| Complete 
| 116|0x0000000087400000, 0x0000000087500000, 0x0000000087500000|100%| E|CS|TAMS 0x0000000087400000, 0x0000000087400000| Complete 
| 117|0x0000000087500000, 0x0000000087600000, 0x0000000087600000|100%| E|CS|TAMS 0x0000000087500000, 0x0000000087500000| Complete 
| 118|0x0000000087600000, 0x0000000087700000, 0x0000000087700000|100%| E|CS|TAMS 0x0000000087600000, 0x0000000087600000| Complete 
| 119|0x0000000087700000, 0x0000000087800000, 0x0000000087800000|100%| E|CS|TAMS 0x0000000087700000, 0x0000000087700000| Complete 
| 120|0x0000000087800000, 0x0000000087900000, 0x0000000087900000|100%| E|CS|TAMS 0x0000000087800000, 0x0000000087800000| Complete 
| 121|0x0000000087900000, 0x0000000087a00000, 0x0000000087a00000|100%| E|CS|TAMS 0x0000000087900000, 0x0000000087900000| Complete 
| 122|0x0000000087a00000, 0x0000000087b00000, 0x0000000087b00000|100%| E|CS|TAMS 0x0000000087a00000, 0x0000000087a00000| Complete 
| 123|0x0000000087b00000, 0x0000000087c00000, 0x0000000087c00000|100%| E|CS|TAMS 0x0000000087b00000, 0x0000000087b00000| Complete 
| 124|0x0000000087c00000, 0x0000000087d00000, 0x0000000087d00000|100%| E|CS|TAMS 0x0000000087c00000, 0x0000000087c00000| Complete 
| 125|0x0000000087d00000, 0x0000000087e00000, 0x0000000087e00000|100%| E|CS|TAMS 0x0000000087d00000, 0x0000000087d00000| Complete 
| 126|0x0000000087e00000, 0x0000000087f00000, 0x0000000087f00000|100%| E|CS|TAMS 0x0000000087e00000, 0x0000000087e00000| Complete 
| 127|0x0000000087f00000, 0x0000000088000000, 0x0000000088000000|100%| E|CS|TAMS 0x0000000087f00000, 0x0000000087f00000| Complete 
| 128|0x0000000088000000, 0x0000000088100000, 0x0000000088100000|100%| E|CS|TAMS 0x0000000088000000, 0x0000000088000000| Complete 
| 129|0x0000000088100000, 0x0000000088200000, 0x0000000088200000|100%| E|CS|TAMS 0x0000000088100000, 0x0000000088100000| Complete 
| 130|0x0000000088200000, 0x0000000088300000, 0x0000000088300000|100%| E|CS|TAMS 0x0000000088200000, 0x0000000088200000| Complete 
| 131|0x0000000088300000, 0x0000000088400000, 0x0000000088400000|100%| E|CS|TAMS 0x0000000088300000, 0x0000000088300000| Complete 
| 132|0x0000000088400000, 0x0000000088500000, 0x0000000088500000|100%| E|CS|TAMS 0x0000000088400000, 0x0000000088400000| Complete 
| 133|0x0000000088500000, 0x0000000088600000, 0x0000000088600000|100%| E|CS|TAMS 0x0000000088500000, 0x0000000088500000| Complete 
| 134|0x0000000088600000, 0x0000000088700000, 0x0000000088700000|100%| E|CS|TAMS 0x0000000088600000, 0x0000000088600000| Complete 
| 135|0x0000000088700000, 0x0000000088800000, 0x0000000088800000|100%| E|CS|TAMS 0x0000000088700000, 0x0000000088700000| Complete 
| 136|0x0000000088800000, 0x0000000088900000, 0x0000000088900000|100%| E|CS|TAMS 0x0000000088800000, 0x0000000088800000| Complete 
| 137|0x0000000088900000, 0x0000000088a00000, 0x0000000088a00000|100%| E|CS|TAMS 0x0000000088900000, 0x0000000088900000| Complete 
| 138|0x0000000088a00000, 0x0000000088b00000, 0x0000000088b00000|100%| E|CS|TAMS 0x0000000088a00000, 0x0000000088a00000| Complete 
| 139|0x0000000088b00000, 0x0000000088c00000, 0x0000000088c00000|100%| E|CS|TAMS 0x0000000088b00000, 0x0000000088b00000| Complete 
| 140|0x0000000088c00000, 0x0000000088d00000, 0x0000000088d00000|100%| E|CS|TAMS 0x0000000088c00000, 0x0000000088c00000| Complete 
| 141|0x0000000088d00000, 0x0000000088e00000, 0x0000000088e00000|100%| E|CS|TAMS 0x0000000088d00000, 0x0000000088d00000| Complete 
| 142|0x0000000088e00000, 0x0000000088f00000, 0x0000000088f00000|100%| E|  |TAMS 0x0000000088e00000, 0x0000000088e00000| Complete 
| 143|0x0000000088f00000, 0x0000000089000000, 0x0000000089000000|100%| E|CS|TAMS 0x0000000088f00000, 0x0000000088f00000| Complete 
| 144|0x0000000089000000, 0x0000000089100000, 0x0000000089100000|100%| E|CS|TAMS 0x0000000089000000, 0x0000000089000000| Complete 
| 145|0x0000000089100000, 0x0000000089200000, 0x0000000089200000|100%| E|CS|TAMS 0x0000000089100000, 0x0000000089100000| Complete 
| 146|0x0000000089200000, 0x0000000089300000, 0x0000000089300000|100%| E|CS|TAMS 0x0000000089200000, 0x0000000089200000| Complete 
| 147|0x0000000089300000, 0x0000000089400000, 0x0000000089400000|100%| E|CS|TAMS 0x0000000089300000, 0x0000000089300000| Complete 
| 148|0x0000000089400000, 0x0000000089500000, 0x0000000089500000|100%| E|CS|TAMS 0x0000000089400000, 0x0000000089400000| Complete 
| 149|0x0000000089500000, 0x0000000089600000, 0x0000000089600000|100%| E|CS|TAMS 0x0000000089500000, 0x0000000089500000| Complete 
| 150|0x0000000089600000, 0x0000000089700000, 0x0000000089700000|100%| E|CS|TAMS 0x0000000089600000, 0x0000000089600000| Complete 
| 151|0x0000000089700000, 0x0000000089800000, 0x0000000089800000|100%| E|CS|TAMS 0x0000000089700000, 0x0000000089700000| Complete 
| 152|0x0000000089800000, 0x0000000089900000, 0x0000000089900000|100%| E|CS|TAMS 0x0000000089800000, 0x0000000089800000| Complete 
| 153|0x0000000089900000, 0x0000000089a00000, 0x0000000089a00000|100%| E|CS|TAMS 0x0000000089900000, 0x0000000089900000| Complete 
| 154|0x0000000089a00000, 0x0000000089b00000, 0x0000000089b00000|100%| E|CS|TAMS 0x0000000089a00000, 0x0000000089a00000| Complete 
| 155|0x0000000089b00000, 0x0000000089c00000, 0x0000000089c00000|100%| E|CS|TAMS 0x0000000089b00000, 0x0000000089b00000| Complete 
| 156|0x0000000089c00000, 0x0000000089d00000, 0x0000000089d00000|100%| E|CS|TAMS 0x0000000089c00000, 0x0000000089c00000| Complete 
| 157|0x0000000089d00000, 0x0000000089e00000, 0x0000000089e00000|100%| E|CS|TAMS 0x0000000089d00000, 0x0000000089d00000| Complete 
| 158|0x0000000089e00000, 0x0000000089f00000, 0x0000000089f00000|100%| E|CS|TAMS 0x0000000089e00000, 0x0000000089e00000| Complete 
| 159|0x0000000089f00000, 0x000000008a000000, 0x000000008a000000|100%| E|CS|TAMS 0x0000000089f00000, 0x0000000089f00000| Complete 
| 160|0x000000008a000000, 0x000000008a100000, 0x000000008a100000|100%| E|CS|TAMS 0x000000008a000000, 0x000000008a000000| Complete 
| 161|0x000000008a100000, 0x000000008a200000, 0x000000008a200000|100%| E|CS|TAMS 0x000000008a100000, 0x000000008a100000| Complete 
| 162|0x000000008a200000, 0x000000008a300000, 0x000000008a300000|100%| E|CS|TAMS 0x000000008a200000, 0x000000008a200000| Complete 
| 163|0x000000008a300000, 0x000000008a400000, 0x000000008a400000|100%| E|CS|TAMS 0x000000008a300000, 0x000000008a300000| Complete 
| 164|0x000000008a400000, 0x000000008a500000, 0x000000008a500000|100%| E|CS|TAMS 0x000000008a400000, 0x000000008a400000| Complete 
| 165|0x000000008a500000, 0x000000008a600000, 0x000000008a600000|100%| E|CS|TAMS 0x000000008a500000, 0x000000008a500000| Complete 
| 166|0x000000008a600000, 0x000000008a700000, 0x000000008a700000|100%| E|CS|TAMS 0x000000008a600000, 0x000000008a600000| Complete 
| 167|0x000000008a700000, 0x000000008a800000, 0x000000008a800000|100%| E|CS|TAMS 0x000000008a700000, 0x000000008a700000| Complete 
| 168|0x000000008a800000, 0x000000008a900000, 0x000000008a900000|100%| E|CS|TAMS 0x000000008a800000, 0x000000008a800000| Complete 
| 169|0x000000008a900000, 0x000000008aa00000, 0x000000008aa00000|100%| E|CS|TAMS 0x000000008a900000, 0x000000008a900000| Complete 
| 170|0x000000008aa00000, 0x000000008ab00000, 0x000000008ab00000|100%| E|CS|TAMS 0x000000008aa00000, 0x000000008aa00000| Complete 
| 171|0x000000008ab00000, 0x000000008ac00000, 0x000000008ac00000|100%| E|CS|TAMS 0x000000008ab00000, 0x000000008ab00000| Complete 
| 172|0x000000008ac00000, 0x000000008ad00000, 0x000000008ad00000|100%| E|CS|TAMS 0x000000008ac00000, 0x000000008ac00000| Complete 
| 173|0x000000008ad00000, 0x000000008ad17eb8, 0x000000008ae00000|  9%| S|CS|TAMS 0x000000008ad00000, 0x000000008ad00000| Complete 
| 174|0x000000008ae00000, 0x000000008af00000, 0x000000008af00000|100%| S|CS|TAMS 0x000000008ae00000, 0x000000008ae00000| Complete 
| 175|0x000000008af00000, 0x000000008b000000, 0x000000008b000000|100%| S|CS|TAMS 0x000000008af00000, 0x000000008af00000| Complete 
| 176|0x000000008b000000, 0x000000008b100000, 0x000000008b100000|100%| S|CS|TAMS 0x000000008b000000, 0x000000008b000000| Complete 
| 177|0x000000008b100000, 0x000000008b200000, 0x000000008b200000|100%| S|CS|TAMS 0x000000008b100000, 0x000000008b100000| Complete 
| 178|0x000000008b200000, 0x000000008b300000, 0x000000008b300000|100%| S|CS|TAMS 0x000000008b200000, 0x000000008b200000| Complete 
| 179|0x000000008b300000, 0x000000008b400000, 0x000000008b400000|100%| S|CS|TAMS 0x000000008b300000, 0x000000008b300000| Complete 
| 180|0x000000008b400000, 0x000000008b500000, 0x000000008b500000|100%| S|CS|TAMS 0x000000008b400000, 0x000000008b400000| Complete 
| 181|0x000000008b500000, 0x000000008b600000, 0x000000008b600000|100%| S|CS|TAMS 0x000000008b500000, 0x000000008b500000| Complete 
| 182|0x000000008b600000, 0x000000008b700000, 0x000000008b700000|100%| E|CS|TAMS 0x000000008b600000, 0x000000008b600000| Complete 
| 183|0x000000008b700000, 0x000000008b800000, 0x000000008b800000|100%| E|CS|TAMS 0x000000008b700000, 0x000000008b700000| Complete 
| 184|0x000000008b800000, 0x000000008b900000, 0x000000008b900000|100%| E|CS|TAMS 0x000000008b800000, 0x000000008b800000| Complete 
| 185|0x000000008b900000, 0x000000008ba00000, 0x000000008ba00000|100%| E|CS|TAMS 0x000000008b900000, 0x000000008b900000| Complete 
| 186|0x000000008ba00000, 0x000000008bb00000, 0x000000008bb00000|100%| E|CS|TAMS 0x000000008ba00000, 0x000000008ba00000| Complete 
| 187|0x000000008bb00000, 0x000000008bc00000, 0x000000008bc00000|100%| E|CS|TAMS 0x000000008bb00000, 0x000000008bb00000| Complete 
| 188|0x000000008bc00000, 0x000000008bd00000, 0x000000008bd00000|100%| E|CS|TAMS 0x000000008bc00000, 0x000000008bc00000| Complete 
| 189|0x000000008bd00000, 0x000000008be00000, 0x000000008be00000|100%| E|CS|TAMS 0x000000008bd00000, 0x000000008bd00000| Complete 
| 190|0x000000008be00000, 0x000000008bf00000, 0x000000008bf00000|100%| E|CS|TAMS 0x000000008be00000, 0x000000008be00000| Complete 
| 191|0x000000008bf00000, 0x000000008c000000, 0x000000008c000000|100%| E|CS|TAMS 0x000000008bf00000, 0x000000008bf00000| Complete 

Card table byte_map: [0x000001cbaa650000,0x000001cbaaa50000] _byte_map_base: 0x000001cbaa250000

Marking Bits (Prev, Next): (CMBitMap*) 0x000001cb96d0e558, (CMBitMap*) 0x000001cb96d0e590
 Prev Bits: [0x000001cbaae50000, 0x000001cbace50000)
 Next Bits: [0x000001cbace50000, 0x000001cbaee50000)

Polling page: 0x000001cb95460000

Metaspace:

Usage:
  Non-class:     37.16 MB capacity,    36.52 MB ( 98%) used,   555.73 KB (  1%) free+waste,   107.25 KB ( <1%) overhead. 
      Class:      5.76 MB capacity,     5.32 MB ( 92%) used,   398.25 KB (  7%) free+waste,    51.69 KB ( <1%) overhead. 
       Both:     42.92 MB capacity,    41.83 MB ( 97%) used,   953.98 KB (  2%) free+waste,   158.94 KB ( <1%) overhead. 

Virtual space:
  Non-class space:       38.00 MB reserved,      37.25 MB ( 98%) committed 
      Class space:        1.00 GB reserved,       5.82 MB ( <1%) committed 
             Both:        1.04 GB reserved,      43.07 MB (  4%) committed 

Chunk freelists:
   Non-Class:  25.00 KB
       Class:  25.00 KB
        Both:  50.00 KB

MaxMetaspaceSize: 17179869184.00 GB
CompressedClassSpaceSize: 1.00 GB
Initial GC threshold: 20.80 MB
Current GC threshold: 58.88 MB
CDS: off

CodeHeap 'non-profiled nmethods': size=120000Kb used=2100Kb max_used=2100Kb free=117899Kb
 bounds [0x000001cba22c0000, 0x000001cba2530000, 0x000001cba97f0000]
CodeHeap 'profiled nmethods': size=120000Kb used=7684Kb max_used=7684Kb free=112316Kb
 bounds [0x000001cb9ad90000, 0x000001cb9b520000, 0x000001cba22c0000]
CodeHeap 'non-nmethods': size=5760Kb used=2275Kb max_used=2303Kb free=3484Kb
 bounds [0x000001cb9a7f0000, 0x000001cb9aa60000, 0x000001cb9ad90000]
 total_blobs=4454 nmethods=3682 adapters=684
 compilation: enabled
              stopped_count=0, restarted_count=0
 full_count=0

Compilation events (20 events):
Event: 15.615 Thread 0x000001cbb21c8000 3697       3       java.lang.invoke.LambdaFormEditor$Transform::<init> (28 bytes)
Event: 15.615 Thread 0x000001cbb21c8000 nmethod 3697 0x000001cb9b508a10 code [0x000001cb9b508be0, 0x000001cb9b508ec8]
Event: 15.617 Thread 0x000001cbb21c8000 3699       3       java.util.concurrent.locks.AbstractQueuedSynchronizer$ConditionObject::unlinkCancelledWaiters (67 bytes)
Event: 15.618 Thread 0x000001cbb21c8000 nmethod 3699 0x000001cb9b509010 code [0x000001cb9b5091e0, 0x000001cb9b5095d8]
Event: 15.652 Thread 0x000001cbb21c8000 3701       3       com.google.common.base.Preconditions::checkArgument (25 bytes)
Event: 15.653 Thread 0x000001cbb21c8000 nmethod 3701 0x000001cb9b509710 code [0x000001cb9b509900, 0x000001cb9b509d18]
Event: 15.653 Thread 0x000001cbb21c8000 3705       3       com.google.common.reflect.TypeResolver$TypeMappingIntrospector::map (92 bytes)
Event: 15.655 Thread 0x000001cbb21c8000 nmethod 3705 0x000001cb9b509e90 code [0x000001cb9b50a1c0, 0x000001cb9b50ba48]
Event: 15.655 Thread 0x000001cbb21c8000 3704       3       com.google.common.reflect.TypeResolver$TypeMappingIntrospector::visitParameterizedType (105 bytes)
Event: 15.657 Thread 0x000001cbb21c8000 nmethod 3704 0x000001cb9b50bf90 code [0x000001cb9b50c2a0, 0x000001cb9b50d768]
Event: 15.658 Thread 0x000001cbb21c8000 3702       3       sun.reflect.generics.reflectiveObjects.ParameterizedTypeImpl::hashCode (24 bytes)
Event: 15.658 Thread 0x000001cbb21c8000 nmethod 3702 0x000001cb9b50dd90 code [0x000001cb9b50df80, 0x000001cb9b50e3a8]
Event: 15.659 Thread 0x000001cbb21c8000 3707       3       org.objectweb.asm.ClassWriter::visitField (53 bytes)
Event: 15.659 Thread 0x000001cbb21c8000 nmethod 3707 0x000001cb9b50e510 code [0x000001cb9b50e6e0, 0x000001cb9b50ea28]
Event: 15.659 Thread 0x000001cbb21c8000 3703       3       sun.reflect.generics.parser.SignatureParser::parseFormalParameters (47 bytes)
Event: 15.660 Thread 0x000001cbb21c8000 nmethod 3703 0x000001cb9b50eb90 code [0x000001cb9b50eda0, 0x000001cb9b50f0c8]
Event: 15.660 Thread 0x000001cbb21c8000 3708       1       sun.reflect.generics.reflectiveObjects.LazyReflectiveObjectGenerator::getFactory (5 bytes)
Event: 15.660 Thread 0x000001cbb21c8000 nmethod 3708 0x000001cba24c7c10 code [0x000001cba24c7dc0, 0x000001cba24c7e78]
Event: 15.660 Thread 0x000001cbb21c8000 3706       1       com.google.common.collect.LinkedHashMultimap$ValueEntry::setSuccessorInValueSet (6 bytes)
Event: 15.660 Thread 0x000001cbb21c8000 nmethod 3706 0x000001cba24c7f10 code [0x000001cba24c80c0, 0x000001cba24c81b8]

GC Heap History (10 events):
Event: 2.482 GC heap before
{Heap before GC invocations=0 (full 0):
 garbage-first heap   total 196608K, used 29696K [0x0000000080000000, 0x0000000100000000)
  region size 1024K, 24 young (24576K), 0 survivors (0K)
 Metaspace       used 9808K, capacity 10058K, committed 10112K, reserved 1058816K
  class space    used 1008K, capacity 1102K, committed 1152K, reserved 1048576K
}
Event: 2.490 GC heap after
{Heap after GC invocations=1 (full 0):
 garbage-first heap   total 196608K, used 9334K [0x0000000080000000, 0x0000000100000000)
  region size 1024K, 3 young (3072K), 3 survivors (3072K)
 Metaspace       used 9808K, capacity 10058K, committed 10112K, reserved 1058816K
  class space    used 1008K, capacity 1102K, committed 1152K, reserved 1048576K
}
Event: 8.205 GC heap before
{Heap before GC invocations=1 (full 0):
 garbage-first heap   total 196608K, used 110710K [0x0000000080000000, 0x0000000100000000)
  region size 1024K, 103 young (105472K), 3 survivors (3072K)
 Metaspace       used 20738K, capacity 21124K, committed 21248K, reserved 1067008K
  class space    used 2518K, capacity 2695K, committed 2816K, reserved 1048576K
}
Event: 8.230 GC heap after
{Heap after GC invocations=2 (full 0):
 garbage-first heap   total 196608K, used 16948K [0x0000000080000000, 0x0000000100000000)
  region size 1024K, 11 young (11264K), 11 survivors (11264K)
 Metaspace       used 20738K, capacity 21124K, committed 21248K, reserved 1067008K
  class space    used 2518K, capacity 2695K, committed 2816K, reserved 1048576K
}
Event: 9.658 GC heap before
{Heap before GC invocations=3 (full 0):
 garbage-first heap   total 196608K, used 47668K [0x0000000080000000, 0x0000000100000000)
  region size 1024K, 41 young (41984K), 11 survivors (11264K)
 Metaspace       used 23804K, capacity 24359K, committed 24576K, reserved 1071104K
  class space    used 3004K, capacity 3224K, committed 3328K, reserved 1048576K
}
Event: 9.677 GC heap after
{Heap after GC invocations=4 (full 0):
 garbage-first heap   total 196608K, used 18209K [0x0000000080000000, 0x0000000100000000)
  region size 1024K, 2 young (2048K), 2 survivors (2048K)
 Metaspace       used 23804K, capacity 24359K, committed 24576K, reserved 1071104K
  class space    used 3004K, capacity 3224K, committed 3328K, reserved 1048576K
}
Event: 13.270 GC heap before
{Heap before GC invocations=4 (full 0):
 garbage-first heap   total 196608K, used 133921K [0x0000000080000000, 0x0000000100000000)
  region size 1024K, 99 young (101376K), 2 survivors (2048K)
 Metaspace       used 32952K, capacity 33828K, committed 34048K, reserved 1079296K
  class space    used 4417K, capacity 4762K, committed 4864K, reserved 1048576K
}
Event: 13.282 GC heap after
{Heap after GC invocations=5 (full 0):
 garbage-first heap   total 196608K, used 42255K [0x0000000080000000, 0x0000000100000000)
  region size 1024K, 9 young (9216K), 9 survivors (9216K)
 Metaspace       used 32952K, capacity 33828K, committed 34048K, reserved 1079296K
  class space    used 4417K, capacity 4762K, committed 4864K, reserved 1048576K
}
Event: 13.752 GC heap before
{Heap before GC invocations=5 (full 0):
 garbage-first heap   total 196608K, used 51471K [0x0000000080000000, 0x0000000100000000)
  region size 1024K, 19 young (19456K), 9 survivors (9216K)
 Metaspace       used 34875K, capacity 35772K, committed 35840K, reserved 1081344K
  class space    used 4602K, capacity 4963K, committed 4992K, reserved 1048576K
}
Event: 13.777 GC heap after
{Heap after GC invocations=6 (full 0):
 garbage-first heap   total 196608K, used 43479K [0x0000000080000000, 0x0000000100000000)
  region size 1024K, 9 young (9216K), 9 survivors (9216K)
 Metaspace       used 34875K, capacity 35772K, committed 35840K, reserved 1081344K
  class space    used 4602K, capacity 4963K, committed 4992K, reserved 1048576K
}

Deoptimization events (20 events):
Event: 15.176 Thread 0x000001cbb2eb6800 Uncommon trap: trap_request=0xffffffbe fr.pc=0x000001cba2491830 relative=0x0000000000000850
Event: 15.176 Thread 0x000001cbb2eb6800 Uncommon trap: reason=profile_predicate action=maybe_recompile pc=0x000001cba2491830 method=java.lang.PublicMethods$MethodList.filter([Ljava/lang/reflect/Method;Ljava/lang/String;[Ljava/lang/Class;Z)Ljava/lang/PublicMethods$MethodList; @ 21 c2
Event: 15.176 Thread 0x000001cbb2eb6800 DEOPT PACKING pc=0x000001cba2491830 sp=0x00000020097f7be0
Event: 15.176 Thread 0x000001cbb2eb6800 DEOPT UNPACKING pc=0x000001cb9a83a1af sp=0x00000020097f7b98 mode 2
Event: 15.176 Thread 0x000001cbb2eb6800 Uncommon trap: trap_request=0xffffffbe fr.pc=0x000001cba2491830 relative=0x0000000000000850
Event: 15.176 Thread 0x000001cbb2eb6800 Uncommon trap: reason=profile_predicate action=maybe_recompile pc=0x000001cba2491830 method=java.lang.PublicMethods$MethodList.filter([Ljava/lang/reflect/Method;Ljava/lang/String;[Ljava/lang/Class;Z)Ljava/lang/PublicMethods$MethodList; @ 21 c2
Event: 15.176 Thread 0x000001cbb2eb6800 DEOPT PACKING pc=0x000001cba2491830 sp=0x00000020097f7be0
Event: 15.176 Thread 0x000001cbb2eb6800 DEOPT UNPACKING pc=0x000001cb9a83a1af sp=0x00000020097f7b98 mode 2
Event: 15.176 Thread 0x000001cbb2eb6800 Uncommon trap: trap_request=0xffffffbe fr.pc=0x000001cba2491830 relative=0x0000000000000850
Event: 15.177 Thread 0x000001cbb2eb6800 Uncommon trap: reason=profile_predicate action=maybe_recompile pc=0x000001cba2491830 method=java.lang.PublicMethods$MethodList.filter([Ljava/lang/reflect/Method;Ljava/lang/String;[Ljava/lang/Class;Z)Ljava/lang/PublicMethods$MethodList; @ 21 c2
Event: 15.177 Thread 0x000001cbb2eb6800 DEOPT PACKING pc=0x000001cba2491830 sp=0x00000020097f7be0
Event: 15.177 Thread 0x000001cbb2eb6800 DEOPT UNPACKING pc=0x000001cb9a83a1af sp=0x00000020097f7b98 mode 2
Event: 15.270 Thread 0x000001cbb2eb6800 Uncommon trap: trap_request=0xffffffbe fr.pc=0x000001cba2491830 relative=0x0000000000000850
Event: 15.270 Thread 0x000001cbb2eb6800 Uncommon trap: reason=profile_predicate action=maybe_recompile pc=0x000001cba2491830 method=java.lang.PublicMethods$MethodList.filter([Ljava/lang/reflect/Method;Ljava/lang/String;[Ljava/lang/Class;Z)Ljava/lang/PublicMethods$MethodList; @ 21 c2
Event: 15.270 Thread 0x000001cbb2eb6800 DEOPT PACKING pc=0x000001cba2491830 sp=0x00000020097f6e80
Event: 15.270 Thread 0x000001cbb2eb6800 DEOPT UNPACKING pc=0x000001cb9a83a1af sp=0x00000020097f6e38 mode 2
Event: 15.602 Thread 0x000001cbb3b5c800 Uncommon trap: trap_request=0xffffffbe fr.pc=0x000001cba24808c8 relative=0x0000000000000548
Event: 15.602 Thread 0x000001cbb3b5c800 Uncommon trap: reason=profile_predicate action=maybe_recompile pc=0x000001cba24808c8 method=java.util.stream.ReferencePipeline.forEachWithCancel(Ljava/util/Spliterator;Ljava/util/stream/Sink;)Z @ 8 c2
Event: 15.602 Thread 0x000001cbb3b5c800 DEOPT PACKING pc=0x000001cba24808c8 sp=0x00000020093fe7f0
Event: 15.602 Thread 0x000001cbb3b5c800 DEOPT UNPACKING pc=0x000001cb9a83a1af sp=0x00000020093fe790 mode 2

Classes redefined (0 events):
No events

Internal exceptions (20 events):
Event: 14.805 Thread 0x000001cbb2eb6800 Exception <a 'java/lang/ClassNotFoundException'{0x0000000089056ea8}: org/gradle/invocation/DefaultGradle_DecoratedBeanInfo> (0x0000000089056ea8) thrown at [./src/hotspot/share/classfile/systemDictionary.cpp, line 231]
Event: 14.807 Thread 0x000001cbb2eb6800 Exception <a 'java/lang/ClassNotFoundException'{0x000000008907aeb0}: org/gradle/invocation/DefaultGradleBeanInfo> (0x000000008907aeb0) thrown at [./src/hotspot/share/classfile/systemDictionary.cpp, line 231]
Event: 14.807 Thread 0x000001cbb2eb6800 Exception <a 'java/lang/ClassNotFoundException'{0x00000000890a32d8}: org/gradle/api/internal/project/AbstractPluginAwareBeanInfo> (0x00000000890a32d8) thrown at [./src/hotspot/share/classfile/systemDictionary.cpp, line 231]
Event: 14.808 Thread 0x000001cbb2eb6800 Exception <a 'java/lang/ClassNotFoundException'{0x00000000890cb520}: org/gradle/api/internal/project/AbstractPluginAwareCustomizer> (0x00000000890cb520) thrown at [./src/hotspot/share/classfile/systemDictionary.cpp, line 231]
Event: 14.810 Thread 0x000001cbb2eb6800 Exception <a 'java/lang/ClassNotFoundException'{0x00000000890f57f0}: org/gradle/invocation/DefaultGradleCustomizer> (0x00000000890f57f0) thrown at [./src/hotspot/share/classfile/systemDictionary.cpp, line 231]
Event: 14.815 Thread 0x000001cbb2eb6800 Exception <a 'java/lang/ClassNotFoundException'{0x0000000088f4d9b0}: org/gradle/invocation/DefaultGradle_DecoratedCustomizer> (0x0000000088f4d9b0) thrown at [./src/hotspot/share/classfile/systemDictionary.cpp, line 231]
Event: 14.975 Thread 0x000001cbb2eb6800 Exception <a 'java/lang/ClassNotFoundException'{0x0000000088cf3ca8}: groovy/lang/Closure$1BeanInfo> (0x0000000088cf3ca8) thrown at [./src/hotspot/share/classfile/systemDictionary.cpp, line 231]
Event: 14.976 Thread 0x000001cbb2eb6800 Exception <a 'java/lang/ClassNotFoundException'{0x0000000088b28570}: groovy/lang/ClosureBeanInfo> (0x0000000088b28570) thrown at [./src/hotspot/share/classfile/systemDictionary.cpp, line 231]
Event: 14.978 Thread 0x000001cbb2eb6800 Exception <a 'java/lang/ClassNotFoundException'{0x0000000088b5cbf8}: groovy/lang/ClosureCustomizer> (0x0000000088b5cbf8) thrown at [./src/hotspot/share/classfile/systemDictionary.cpp, line 231]
Event: 14.984 Thread 0x000001cbb2eb6800 Exception <a 'java/lang/ClassNotFoundException'{0x0000000088bb2df8}: groovy/lang/Closure$1Customizer> (0x0000000088bb2df8) thrown at [./src/hotspot/share/classfile/systemDictionary.cpp, line 231]
Event: 15.154 Thread 0x000001cbb2eb6800 Exception <a 'java/lang/ClassNotFoundException'{0x000000008895c678}: sync_studio_tooling9_1i3647buxg5l24pc0lkoab37uBeanInfo> (0x000000008895c678) thrown at [./src/hotspot/share/classfile/systemDictionary.cpp, line 231]
Event: 15.155 Thread 0x000001cbb2eb6800 Exception <a 'java/lang/ClassNotFoundException'{0x0000000088969818}: sync_studio_tooling9_1i3647buxg5l24pc0lkoab37uCustomizer> (0x0000000088969818) thrown at [./src/hotspot/share/classfile/systemDictionary.cpp, line 231]
Event: 15.166 Thread 0x000001cbb2eb6800 Exception <a 'java/lang/ClassNotFoundException'{0x00000000889e3d20}: org/gradle/internal/metaobject/ConfigureDelegateBeanInfo> (0x00000000889e3d20) thrown at [./src/hotspot/share/classfile/systemDictionary.cpp, line 231]
Event: 15.167 Thread 0x000001cbb2eb6800 Exception <a 'java/lang/ClassNotFoundException'{0x000000008880b258}: org/gradle/internal/metaobject/ConfigureDelegateCustomizer> (0x000000008880b258) thrown at [./src/hotspot/share/classfile/systemDictionary.cpp, line 231]
Event: 15.183 Thread 0x000001cbb2eb6800 Exception <a 'java/lang/ClassNotFoundException'{0x000000008888d240}: org/gradle/api/internal/initialization/DefaultScriptHandlerBeanInfo> (0x000000008888d240) thrown at [./src/hotspot/share/classfile/systemDictionary.cpp, line 231]
Event: 15.184 Thread 0x000001cbb2eb6800 Exception <a 'java/lang/ClassNotFoundException'{0x00000000888b7690}: org/gradle/api/internal/initialization/DefaultScriptHandlerCustomizer> (0x00000000888b7690) thrown at [./src/hotspot/share/classfile/systemDictionary.cpp, line 231]
Event: 15.423 Thread 0x000001cbb2eb6800 Exception <a 'java/lang/ClassNotFoundException'{0x0000000087fd0268}: org/gradle/api/internal/artifacts/dsl/dependencies/DefaultDependencyHandler_DecoratedBeanInfo> (0x0000000087fd0268) thrown at [./src/hotspot/share/classfile/systemDictionary.cpp, line 231]
Event: 15.425 Thread 0x000001cbb2eb6800 Exception <a 'java/lang/ClassNotFoundException'{0x0000000087e0f920}: org/gradle/api/internal/artifacts/dsl/dependencies/DefaultDependencyHandlerBeanInfo> (0x0000000087e0f920) thrown at [./src/hotspot/share/classfile/systemDictionary.cpp, line 231]
Event: 15.426 Thread 0x000001cbb2eb6800 Exception <a 'java/lang/ClassNotFoundException'{0x0000000087e4e788}: org/gradle/api/internal/artifacts/dsl/dependencies/DefaultDependencyHandlerCustomizer> (0x0000000087e4e788) thrown at [./src/hotspot/share/classfile/systemDictionary.cpp, line 231]
Event: 15.430 Thread 0x000001cbb2eb6800 Exception <a 'java/lang/ClassNotFoundException'{0x0000000087eb8138}: org/gradle/api/internal/artifacts/dsl/dependencies/DefaultDependencyHandler_DecoratedCustomizer> (0x0000000087eb8138) thrown at [./src/hotspot/share/classfile/systemDictionary.cpp, line 231]

Events (20 events):
Event: 15.644 loading class org/gradle/internal/component/local/model/BuildableLocalConfigurationMetadata
Event: 15.644 loading class org/gradle/internal/component/local/model/BuildableLocalConfigurationMetadata done
Event: 15.645 loading class org/gradle/internal/component/local/model/DefaultLocalComponentMetadata$DefaultLocalConfigurationMetadata
Event: 15.645 loading class org/gradle/internal/component/local/model/DefaultLocalComponentMetadata$DefaultLocalConfigurationMetadata done
Event: 15.646 loading class org/gradle/internal/component/local/model/RootLocalComponentMetadata$RootLocalConfigurationMetadata
Event: 15.646 loading class org/gradle/internal/component/local/model/RootLocalComponentMetadata$RootLocalConfigurationMetadata done
Event: 15.647 loading class org/gradle/internal/component/local/model/RootConfigurationMetadata
Event: 15.647 loading class org/gradle/internal/component/local/model/RootConfigurationMetadata done
Event: 15.648 loading class org/gradle/internal/component/model/ImmutableModuleSources
Event: 15.648 loading class org/gradle/internal/component/model/ImmutableModuleSources done
Event: 15.657 loading class org/gradle/api/internal/collections/FilteredCollection
Event: 15.657 loading class org/gradle/api/internal/collections/FilteredCollection done
Event: 15.658 loading class org/gradle/api/internal/collections/DefaultCollectionEventRegister$FilteredEventRegister
Event: 15.658 loading class org/gradle/api/internal/collections/DefaultCollectionEventRegister$FilteredEventRegister done
Event: 15.660 loading class org/gradle/api/internal/DefaultNamedDomainObjectCollection$FilteredIndex
Event: 15.660 loading class org/gradle/api/internal/DefaultNamedDomainObjectCollection$FilteredIndex done
Event: 15.661 loading class org/gradle/api/internal/collections/FilteredCollection$FilteringIterator
Event: 15.661 loading class org/gradle/api/internal/collections/FilteredCollection$FilteringIterator done
Event: 15.662 loading class org/gradle/api/internal/attributes/ImmutableAttributeContainerWithErrorMessage
Event: 15.662 loading class org/gradle/api/internal/attributes/ImmutableAttributeContainerWithErrorMessage done


Dynamic libraries:
0x00007ff6edab0000 - 0x00007ff6edaba000 	C:\Program Files\Android\Android Studio\jre\bin\java.exe
0x00007ffef0cb0000 - 0x00007ffef0ea8000 	C:\WINDOWS\SYSTEM32\ntdll.dll
0x00007ffeef2e0000 - 0x00007ffeef39f000 	C:\WINDOWS\System32\KERNEL32.DLL
0x00007ffeee990000 - 0x00007ffeeec86000 	C:\WINDOWS\System32\KERNELBASE.dll
0x00007ffeee890000 - 0x00007ffeee990000 	C:\WINDOWS\System32\ucrtbase.dll
0x00007ffee83b0000 - 0x00007ffee83c7000 	C:\Program Files\Android\Android Studio\jre\bin\VCRUNTIME140.dll
0x00007ffedf580000 - 0x00007ffedf599000 	C:\Program Files\Android\Android Studio\jre\bin\jli.dll
0x00007ffef0ad0000 - 0x00007ffef0c6d000 	C:\WINDOWS\System32\USER32.dll
0x00007ffeee530000 - 0x00007ffeee552000 	C:\WINDOWS\System32\win32u.dll
0x00007ffed6200000 - 0x00007ffed649a000 	C:\WINDOWS\WinSxS\amd64_microsoft.windows.common-controls_6595b64144ccf1df_6.0.19041.1110_none_60b5254171f9507e\COMCTL32.dll
0x00007ffeeee40000 - 0x00007ffeeee6c000 	C:\WINDOWS\System32\GDI32.dll
0x00007ffeeee70000 - 0x00007ffeeef0e000 	C:\WINDOWS\System32\msvcrt.dll
0x00007ffeee610000 - 0x00007ffeee725000 	C:\WINDOWS\System32\gdi32full.dll
0x00007ffeee420000 - 0x00007ffeee4bd000 	C:\WINDOWS\System32\msvcp_win.dll
0x00007ffeefd60000 - 0x00007ffeefd90000 	C:\WINDOWS\System32\IMM32.DLL
0x00007ffed44a0000 - 0x00007ffed453d000 	C:\Program Files\Android\Android Studio\jre\bin\msvcp140.dll
0x00007ffe94310000 - 0x00007ffe94e12000 	C:\Program Files\Android\Android Studio\jre\bin\server\jvm.dll
0x00007ffeef120000 - 0x00007ffeef1cf000 	C:\WINDOWS\System32\ADVAPI32.dll
0x00007ffeefd90000 - 0x00007ffeefe2c000 	C:\WINDOWS\System32\sechost.dll
0x00007ffeeed10000 - 0x00007ffeeee36000 	C:\WINDOWS\System32\RPCRT4.dll
0x00007ffef01a0000 - 0x00007ffef01a8000 	C:\WINDOWS\System32\PSAPI.DLL
0x00007ffee9150000 - 0x00007ffee9159000 	C:\WINDOWS\SYSTEM32\WSOCK32.dll
0x00007ffee98c0000 - 0x00007ffee98ca000 	C:\WINDOWS\SYSTEM32\VERSION.dll
0x00007ffed5f90000 - 0x00007ffed5fb7000 	C:\WINDOWS\SYSTEM32\WINMM.dll
0x00007ffeefbd0000 - 0x00007ffeefc3b000 	C:\WINDOWS\System32\WS2_32.dll
0x00007ffeed000000 - 0x00007ffeed012000 	C:\WINDOWS\SYSTEM32\kernel.appcore.dll
0x00007ffedcd20000 - 0x00007ffedcd31000 	C:\Program Files\Android\Android Studio\jre\bin\verify.dll
0x00007ffeeca00000 - 0x00007ffeecbe4000 	C:\WINDOWS\SYSTEM32\DBGHELP.DLL
0x00007ffedd6f0000 - 0x00007ffedd724000 	C:\WINDOWS\SYSTEM32\dbgcore.DLL
0x00007ffeee390000 - 0x00007ffeee412000 	C:\WINDOWS\System32\bcryptPrimitives.dll
0x00007ffed2060000 - 0x00007ffed2089000 	C:\Program Files\Android\Android Studio\jre\bin\java.dll
0x00007ffedb230000 - 0x00007ffedb23b000 	C:\Program Files\Android\Android Studio\jre\bin\jimage.dll
0x00007ffecad60000 - 0x00007ffecad78000 	C:\Program Files\Android\Android Studio\jre\bin\zip.dll
0x00007ffeef480000 - 0x00007ffeefbc4000 	C:\WINDOWS\System32\SHELL32.dll
0x00007ffeec190000 - 0x00007ffeec923000 	C:\WINDOWS\SYSTEM32\windows.storage.dll
0x00007ffef01c0000 - 0x00007ffef0514000 	C:\WINDOWS\System32\combase.dll
0x00007ffeedd00000 - 0x00007ffeedd2e000 	C:\WINDOWS\SYSTEM32\Wldp.dll
0x00007ffeef230000 - 0x00007ffeef2dd000 	C:\WINDOWS\System32\SHCORE.dll
0x00007ffeeefe0000 - 0x00007ffeef035000 	C:\WINDOWS\System32\shlwapi.dll
0x00007ffeee2d0000 - 0x00007ffeee2ef000 	C:\WINDOWS\SYSTEM32\profapi.dll
0x00007ffed2040000 - 0x00007ffed205a000 	C:\Program Files\Android\Android Studio\jre\bin\net.dll
0x00007ffedd7f0000 - 0x00007ffedd8fa000 	C:\WINDOWS\SYSTEM32\WINHTTP.dll
0x00007ffeeda60000 - 0x00007ffeedaca000 	C:\WINDOWS\system32\mswsock.dll
0x00007ffed2020000 - 0x00007ffed2034000 	C:\Program Files\Android\Android Studio\jre\bin\nio.dll
0x00007ffede7f0000 - 0x00007ffede817000 	C:\Users\gadha\.gradle\native\e1d6ef7f7dcc3fd88c89a11ec53ec762bb8ba0a96d01ffa2cd45eb1d1d8dd5c5\windows-amd64\native-platform.dll
0x00007ffed2560000 - 0x00007ffed26a4000 	C:\Users\gadha\.gradle\native\0d407fdbe67a94daf76414ababcb853783967236a71b16ec16e742cd7a986fd3\windows-amd64\native-platform-file-events.dll
0x00007ffedeb20000 - 0x00007ffedeb2a000 	C:\Program Files\Android\Android Studio\jre\bin\management.dll
0x00007ffee8420000 - 0x00007ffee842d000 	C:\Program Files\Android\Android Studio\jre\bin\management_ext.dll
0x00007ffeedc50000 - 0x00007ffeedc68000 	C:\WINDOWS\SYSTEM32\CRYPTSP.dll
0x00007ffeed380000 - 0x00007ffeed3b4000 	C:\WINDOWS\system32\rsaenh.dll
0x00007ffeeece0000 - 0x00007ffeeed07000 	C:\WINDOWS\System32\bcrypt.dll
0x00007ffeee250000 - 0x00007ffeee27e000 	C:\WINDOWS\SYSTEM32\USERENV.dll
0x00007ffeedc70000 - 0x00007ffeedc7c000 	C:\WINDOWS\SYSTEM32\CRYPTBASE.dll
0x00007ffeed750000 - 0x00007ffeed78c000 	C:\WINDOWS\SYSTEM32\IPHLPAPI.DLL
0x00007ffef01b0000 - 0x00007ffef01b8000 	C:\WINDOWS\System32\NSI.dll
0x00007ffeddb10000 - 0x00007ffeddb27000 	C:\WINDOWS\SYSTEM32\dhcpcsvc6.DLL
0x00007ffede610000 - 0x00007ffede62d000 	C:\WINDOWS\SYSTEM32\dhcpcsvc.DLL
0x00007ffeed790000 - 0x00007ffeed85a000 	C:\WINDOWS\SYSTEM32\DNSAPI.dll

dbghelp: loaded successfully - version: 4.0.5 - missing functions: none
symbol engine: initialized successfully - sym options: 0x614 - pdb path: .;C:\Program Files\Android\Android Studio\jre\bin;C:\WINDOWS\SYSTEM32;C:\WINDOWS\WinSxS\amd64_microsoft.windows.common-controls_6595b64144ccf1df_6.0.19041.1110_none_60b5254171f9507e;C:\Program Files\Android\Android Studio\jre\bin\server;C:\Users\gadha\.gradle\native\e1d6ef7f7dcc3fd88c89a11ec53ec762bb8ba0a96d01ffa2cd45eb1d1d8dd5c5\windows-amd64;C:\Users\gadha\.gradle\native\0d407fdbe67a94daf76414ababcb853783967236a71b16ec16e742cd7a986fd3\windows-amd64

VM Arguments:
jvm_args: --add-opens=java.base/java.util=ALL-UNNAMED --add-opens=java.base/java.lang=ALL-UNNAMED --add-opens=java.base/java.lang.invoke=ALL-UNNAMED --add-opens=java.base/java.util=ALL-UNNAMED --add-opens=java.prefs/java.util.prefs=ALL-UNNAMED --add-opens=java.prefs/java.util.prefs=ALL-UNNAMED --add-opens=java.base/java.nio.charset=ALL-UNNAMED --add-opens=java.base/java.net=ALL-UNNAMED --add-opens=java.base/java.util.concurrent.atomic=ALL-UNNAMED -Xmx2048m -Dfile.encoding=UTF-8 -Duser.country=US -Duser.language=en -Duser.variant 
java_command: org.gradle.launcher.daemon.bootstrap.GradleDaemon 7.4
java_class_path (initial): C:\Users\gadha\.gradle\wrapper\dists\gradle-7.4-bin\c0gwcg53nkjbqw7r0h0umtfvt\gradle-7.4\lib\gradle-launcher-7.4.jar
Launcher Type: SUN_STANDARD

[Global flags]
     intx CICompilerCount                          = 4                                         {product} {ergonomic}
     uint ConcGCThreads                            = 2                                         {product} {ergonomic}
     uint G1ConcRefinementThreads                  = 8                                         {product} {ergonomic}
   size_t G1HeapRegionSize                         = 1048576                                   {product} {ergonomic}
    uintx GCDrainStackTargetSize                   = 64                                        {product} {ergonomic}
   size_t InitialHeapSize                          = 201326592                                 {product} {ergonomic}
   size_t MarkStackSize                            = 4194304                                   {product} {ergonomic}
   size_t MaxHeapSize                              = 2147483648                                {product} {command line}
   size_t MaxNewSize                               = 1287651328                                {product} {ergonomic}
   size_t MinHeapDeltaBytes                        = 1048576                                   {product} {ergonomic}
    uintx NonNMethodCodeHeapSize                   = 5836300                                {pd product} {ergonomic}
    uintx NonProfiledCodeHeapSize                  = 122910970                              {pd product} {ergonomic}
    uintx ProfiledCodeHeapSize                     = 122910970                              {pd product} {ergonomic}
    uintx ReservedCodeCacheSize                    = 251658240                              {pd product} {ergonomic}
     bool SegmentedCodeCache                       = true                                      {product} {ergonomic}
     bool UseCompressedClassPointers               = true                                 {lp64_product} {ergonomic}
     bool UseCompressedOops                        = true                                 {lp64_product} {ergonomic}
     bool UseG1GC                                  = true                                      {product} {ergonomic}
     bool UseLargePagesIndividualAllocation        = false                                  {pd product} {ergonomic}

Logging:
Log output configuration:
 #0: stdout all=warning uptime,level,tags
 #1: stderr all=off uptime,level,tags

Environment Variables:
PATH=C:\Program Files\Common Files\Oracle\Java\javapath;C:\Program Files (x86)\Intel\iCLS Client\;C:\Program Files\Intel\iCLS Client\;C:\WINDOWS\system32;C:\WINDOWS;C:\WINDOWS\System32\Wbem;C:\WINDOWS\System32\WindowsPowerShell\v1.0\;C:\Program Files (x86)\Intel\Intel(R) Management Engine Components\DAL;C:\Program Files\Intel\Intel(R) Management Engine Components\DAL;C:\Program Files (x86)\Intel\Intel(R) Management Engine Components\IPT;C:\Program Files\Intel\Intel(R) Management Engine Components\IPT;C:\WINDOWS\System32\OpenSSH\;C:\MinGW\bin;C:\Program Files\Git\cmd;C:\Users\gadha\AppData\Local\Microsoft\WindowsApps;;C:\Users\gadha\AppData\Local\Programs\Microsoft VS Code\bin
USERNAME=gadha
OS=Windows_NT
PROCESSOR_IDENTIFIER=Intel64 Family 6 Model 142 Stepping 10, GenuineIntel



---------------  S Y S T E M  ---------------

OS: Windows 10 , 64 bit Build 19041 (10.0.19041.3031)
OS uptime: 87 days 21:25 hours

CPU:total 8 (initial active 8) (4 cores per cpu, 2 threads per core) family 6 model 142 stepping 10 microcode 0xea, cmov, cx8, fxsr, mmx, sse, sse2, sse3, ssse3, sse4.1, sse4.2, popcnt, avx, avx2, aes, clmul, erms, 3dnowpref, lzcnt, ht, tsc, tscinvbit, bmi1, bmi2, adx, fma

Memory: 4k page, system-wide physical 12197M (1625M free)
TotalPageFile size 12197M (AvailPageFile size 6M)
current process WorkingSet (physical memory assigned to process): 306M, peak: 309M
current process commit charge ("private bytes"): 386M, peak: 389M

vm_info: OpenJDK 64-Bit Server VM (11.0.13+0-b1751.21-8125866) for windows-amd64 JRE (11.0.13+0-b1751.21-8125866), built on Feb  2 2022 03:00:22 by "builder" with MS VC++ 14.0 (VS2015)

END.
