#
# There is insufficient memory for the Java Runtime Environment to continue.
# Native memory allocation (malloc) failed to allocate 32744 bytes for ChunkPool::allocate
# Possible reasons:
#   The system is out of physical RAM or swap space
#   The process is running with CompressedOops enabled, and the Java Heap may be blocking the growth of the native heap
# Possible solutions:
#   Reduce memory load on the system
#   Increase physical memory or swap space
#   Check if swap backing store is full
#   Decrease Java heap size (-Xmx/-Xms)
#   Decrease number of Java threads
#   Decrease Java thread stack sizes (-Xss)
#   Set larger code cache with -XX:ReservedCodeCacheSize=
#   JVM is running with Unscaled Compressed Oops mode in which the Java heap is
#     placed in the first 4GB address space. The Java Heap base address is the
#     maximum limit for the native heap growth. Please use -XX:HeapBaseMinAddress
#     to set the Java Heap base and to place the Java Heap above 4GB virtual address.
# This output file may be truncated or incomplete.
#
#  Out of Memory Error (./src/hotspot/share/memory/arena.cpp:81), pid=13376, tid=30052
#
# JRE version: OpenJDK Runtime Environment (11.0.13) (build 11.0.13+0-b1751.21-8125866)
# Java VM: OpenJDK 64-Bit Server VM (11.0.13+0-b1751.21-8125866, mixed mode, tiered, compressed oops, g1 gc, windows-amd64)
# No core dump will be written. Minidumps are not enabled by default on client versions of Windows
#

---------------  S U M M A R Y ------------

Command Line: --add-opens=java.base/java.util=ALL-UNNAMED --add-opens=java.base/java.lang=ALL-UNNAMED --add-opens=java.base/java.lang.invoke=ALL-UNNAMED --add-opens=java.base/java.util=ALL-UNNAMED --add-opens=java.prefs/java.util.prefs=ALL-UNNAMED --add-opens=java.prefs/java.util.prefs=ALL-UNNAMED --add-opens=java.base/java.nio.charset=ALL-UNNAMED --add-opens=java.base/java.net=ALL-UNNAMED --add-opens=java.base/java.util.concurrent.atomic=ALL-UNNAMED -Xmx2048m -Dfile.encoding=UTF-8 -Duser.country=US -Duser.language=en -Duser.variant org.gradle.launcher.daemon.bootstrap.GradleDaemon 7.4

Host: Intel(R) Core(TM) i5-8250U CPU @ 1.60GHz, 8 cores, 11G,  Windows 10 , 64 bit Build 19041 (10.0.19041.3393)
Time: Mon Nov 20 10:34:48 2023 India Standard Time elapsed time: 48.279356 seconds (0d 0h 0m 48s)

---------------  T H R E A D  ---------------

Current thread (0x00000221d5062000):  JavaThread "C2 CompilerThread2" daemon [_thread_in_native, id=30052, stack(0x000000dc20e00000,0x000000dc20f00000)]


Current CompileTask:
C2:  48279 16934 %     4       com.android.tools.r8.ir.regalloc.b::c @ 126 (4031 bytes)

Stack: [0x000000dc20e00000,0x000000dc20f00000]
Native frames: (J=compiled Java code, j=interpreted, Vv=VM code, C=native code)
V  [jvm.dll+0x6100fa]
V  [jvm.dll+0x747090]
V  [jvm.dll+0x7486ad]
V  [jvm.dll+0x748d83]
V  [jvm.dll+0x24ab48]
V  [jvm.dll+0xc075b]
V  [jvm.dll+0xc0a0c]
V  [jvm.dll+0x363f9c]
V  [jvm.dll+0x508b6e]
V  [jvm.dll+0x507f83]
V  [jvm.dll+0x508756]
V  [jvm.dll+0x32b862]
V  [jvm.dll+0x32ad2a]
V  [jvm.dll+0x2032b2]
V  [jvm.dll+0x202437]
V  [jvm.dll+0x188e01]
V  [jvm.dll+0x21106b]
V  [jvm.dll+0x20f8c1]
V  [jvm.dll+0x70de0f]
V  [jvm.dll+0x706a75]
V  [jvm.dll+0x60ed66]
C  [ucrtbase.dll+0x21bb2]
C  [KERNEL32.DLL+0x17344]
C  [ntdll.dll+0x526b1]


---------------  P R O C E S S  ---------------

Threads class SMR info:
_java_thread_list=0x00000221e3afa220, length=135, elements={
0x00000221b9b4e000, 0x00000221d4028000, 0x00000221d402d800, 0x00000221d4887800,
0x00000221d4888800, 0x00000221d488b000, 0x00000221d4893000, 0x00000221d4894800,
0x00000221d4895800, 0x00000221d49f5800, 0x00000221d5deb000, 0x00000221d5872000,
0x00000221d7932800, 0x00000221d7466800, 0x00000221d8056800, 0x00000221d6ba4800,
0x00000221d73ae000, 0x00000221d5bde800, 0x00000221d75fe800, 0x00000221d75e0800,
0x00000221d6a06000, 0x00000221d6a09800, 0x00000221d6a05800, 0x00000221d6a07800,
0x00000221d6a0a000, 0x00000221d6a0c000, 0x00000221d6a08800, 0x00000221d81c9000,
0x00000221d81c6000, 0x00000221d81c5000, 0x00000221d81c6800, 0x00000221d81cc800,
0x00000221d81cb000, 0x00000221d81ca000, 0x00000221d81cd800, 0x00000221d81ce000,
0x00000221d81c8800, 0x00000221d81d3000, 0x00000221d81cf000, 0x00000221d81cf800,
0x00000221d81d1800, 0x00000221d81d0800, 0x00000221d81d2000, 0x00000221da562000,
0x00000221da564800, 0x00000221da565800, 0x00000221da563000, 0x00000221da560800,
0x00000221da566000, 0x00000221da563800, 0x00000221da561800, 0x00000221da568000,
0x00000221da567000, 0x00000221da56a800, 0x00000221da56c800, 0x00000221da569800,
0x00000221da56b000, 0x00000221da56d800, 0x00000221da56e800, 0x00000221da56c000,
0x00000221da568800, 0x00000221da56f000, 0x00000221d5b4c800, 0x00000221d5b50800,
0x00000221d5b4f000, 0x00000221d5b4e000, 0x00000221d5b51800, 0x00000221d5b4b800,
0x00000221d5b50000, 0x00000221d5b53000, 0x00000221d5b52000, 0x00000221d5b4d800,
0x00000221d5b55800, 0x00000221d5b54000, 0x00000221d5b57000, 0x00000221d5b58000,
0x00000221d5b58800, 0x00000221d5b59800, 0x00000221d5b56800, 0x00000221d5b5a800,
0x00000221d5b54800, 0x00000221d5803000, 0x00000221d5804000, 0x00000221d5800800,
0x00000221d5801800, 0x00000221d57fe000, 0x00000221d57ff000, 0x00000221d5804800,
0x00000221d5805800, 0x00000221d57ff800, 0x00000221d5806000, 0x00000221d5802000,
0x00000221d580b000, 0x00000221d5808800, 0x00000221d580a800, 0x00000221d5807000,
0x00000221d580c000, 0x00000221d5808000, 0x00000221d580d000, 0x00000221d5809800,
0x00000221d82d5000, 0x00000221d82d3800, 0x00000221d82d6800, 0x00000221d82da000,
0x00000221d82d8000, 0x00000221d82d9000, 0x00000221d82d4000, 0x00000221d82da800,
0x00000221d82d5800, 0x00000221d82d7800, 0x00000221d82df800, 0x00000221d82db800,
0x00000221d82de800, 0x00000221d82e0800, 0x00000221d82de000, 0x00000221d82e1000,
0x00000221d82e2000, 0x00000221d82dc800, 0x00000221d82dd000, 0x00000221dc738000,
0x00000221dc735800, 0x00000221dc736800, 0x00000221dc735000, 0x00000221dc737800,
0x00000221dc73a000, 0x00000221dc734000, 0x00000221dc73e000, 0x00000221dc73c800,
0x00000221dc73e800, 0x00000221dc73a800, 0x00000221dc73f800, 0x00000221dc740800,
0x00000221dc741000, 0x00000221d5060800, 0x00000221d5062000
}

Java Threads: ( => current thread )
  0x00000221b9b4e000 JavaThread "main" [_thread_blocked, id=35216, stack(0x000000dc17500000,0x000000dc17600000)]
  0x00000221d4028000 JavaThread "Reference Handler" daemon [_thread_blocked, id=37408, stack(0x000000dc17c00000,0x000000dc17d00000)]
  0x00000221d402d800 JavaThread "Finalizer" daemon [_thread_blocked, id=10168, stack(0x000000dc17d00000,0x000000dc17e00000)]
  0x00000221d4887800 JavaThread "Signal Dispatcher" daemon [_thread_blocked, id=25064, stack(0x000000dc17e00000,0x000000dc17f00000)]
  0x00000221d4888800 JavaThread "Attach Listener" daemon [_thread_blocked, id=20536, stack(0x000000dc17f00000,0x000000dc18000000)]
  0x00000221d488b000 JavaThread "Service Thread" daemon [_thread_blocked, id=22856, stack(0x000000dc18000000,0x000000dc18100000)]
  0x00000221d4893000 JavaThread "C2 CompilerThread0" daemon [_thread_in_native, id=43828, stack(0x000000dc18100000,0x000000dc18200000)]
  0x00000221d4894800 JavaThread "C1 CompilerThread0" daemon [_thread_in_native, id=27716, stack(0x000000dc18200000,0x000000dc18300000)]
  0x00000221d4895800 JavaThread "Sweeper thread" daemon [_thread_blocked, id=38080, stack(0x000000dc18300000,0x000000dc18400000)]
  0x00000221d49f5800 JavaThread "Common-Cleaner" daemon [_thread_blocked, id=43756, stack(0x000000dc18400000,0x000000dc18500000)]
  0x00000221d5deb000 JavaThread "Daemon health stats" [_thread_blocked, id=20016, stack(0x000000dc18b00000,0x000000dc18c00000)]
  0x00000221d5872000 JavaThread "Incoming local TCP Connector on port 57751" [_thread_in_native, id=44980, stack(0x000000dc18600000,0x000000dc18700000)]
  0x00000221d7932800 JavaThread "Daemon periodic checks" [_thread_blocked, id=19860, stack(0x000000dc18a00000,0x000000dc18b00000)]
  0x00000221d7466800 JavaThread "Daemon" [_thread_blocked, id=21232, stack(0x000000dc18c00000,0x000000dc18d00000)]
  0x00000221d8056800 JavaThread "Handler for socket connection from /127.0.0.1:57751 to /127.0.0.1:57752" [_thread_in_native, id=7384, stack(0x000000dc18d00000,0x000000dc18e00000)]
  0x00000221d6ba4800 JavaThread "Cancel handler" [_thread_blocked, id=40684, stack(0x000000dc18e00000,0x000000dc18f00000)]
  0x00000221d73ae000 JavaThread "Daemon worker" [_thread_blocked, id=37564, stack(0x000000dc18f00000,0x000000dc19000000)]
  0x00000221d5bde800 JavaThread "Asynchronous log dispatcher for DefaultDaemonConnection: socket connection from /127.0.0.1:57751 to /127.0.0.1:57752" [_thread_in_vm_trans, id=29836, stack(0x000000dc19100000,0x000000dc19200000)]
  0x00000221d75fe800 JavaThread "Stdin handler" [_thread_blocked, id=31148, stack(0x000000dc19200000,0x000000dc19300000)]
  0x00000221d75e0800 JavaThread "Daemon client event forwarder" [_thread_blocked, id=29620, stack(0x000000dc19300000,0x000000dc19400000)]
  0x00000221d6a06000 JavaThread "Cache worker for journal cache (C:\Users\gadha\.gradle\caches\journal-1)" [_thread_blocked, id=12112, stack(0x000000dc19400000,0x000000dc19500000)]
  0x00000221d6a09800 JavaThread "File lock request listener" [_thread_in_native, id=20364, stack(0x000000dc19500000,0x000000dc19600000)]
  0x00000221d6a05800 JavaThread "Cache worker for file hash cache (C:\Users\gadha\.gradle\caches\7.4\fileHashes)" [_thread_blocked, id=29780, stack(0x000000dc19600000,0x000000dc19700000)]
  0x00000221d6a07800 JavaThread "Cache worker for checksums cache (D:\RoomDatabaseStore\.gradle\7.4\checksums)" [_thread_blocked, id=15180, stack(0x000000dc19c00000,0x000000dc19d00000)]
  0x00000221d6a0a000 JavaThread "Cache worker for cache directory md-rule (C:\Users\gadha\.gradle\caches\7.4\md-rule)" [_thread_blocked, id=11284, stack(0x000000dc19f00000,0x000000dc1a000000)]
  0x00000221d6a0c000 JavaThread "Cache worker for file hash cache (D:\RoomDatabaseStore\.gradle\7.4\fileHashes)" [_thread_blocked, id=14296, stack(0x000000dc1a000000,0x000000dc1a100000)]
  0x00000221d6a08800 JavaThread "Cache worker for cache directory md-supplier (C:\Users\gadha\.gradle\caches\7.4\md-supplier)" [_thread_blocked, id=21932, stack(0x000000dc1a100000,0x000000dc1a200000)]
  0x00000221d81c9000 JavaThread "Cache worker for execution history cache (C:\Users\gadha\.gradle\caches\7.4\executionHistory)" [_thread_blocked, id=13948, stack(0x000000dc1a200000,0x000000dc1a300000)]
  0x00000221d81c6000 JavaThread "jar transforms" [_thread_blocked, id=9768, stack(0x000000dc1a400000,0x000000dc1a500000)]
  0x00000221d81c5000 JavaThread "Cache worker for file content cache (C:\Users\gadha\.gradle\caches\7.4\fileContent)" [_thread_blocked, id=16932, stack(0x000000dc1a500000,0x000000dc1a600000)]
  0x00000221d81c6800 JavaThread "jar transforms Thread 2" [_thread_blocked, id=33664, stack(0x000000dc1a600000,0x000000dc1a700000)]
  0x00000221d81cc800 JavaThread "Cache worker for dependencies-accessors (D:\RoomDatabaseStore\.gradle\7.4\dependencies-accessors)" [_thread_blocked, id=23476, stack(0x000000dc1a700000,0x000000dc1a800000)]
  0x00000221d81cb000 JavaThread "jar transforms Thread 3" [_thread_blocked, id=33856, stack(0x000000dc1a800000,0x000000dc1a900000)]
  0x00000221d81ca000 JavaThread "Cache worker for Build Output Cleanup Cache (D:\RoomDatabaseStore\.gradle\buildOutputCleanup)" [_thread_blocked, id=11456, stack(0x000000dc19000000,0x000000dc19100000)]
  0x00000221d81cd800 JavaThread "Unconstrained build operations" [_thread_blocked, id=17616, stack(0x000000dc1aa00000,0x000000dc1ab00000)]
  0x00000221d81ce000 JavaThread "Unconstrained build operations Thread 2" [_thread_blocked, id=14660, stack(0x000000dc1ab00000,0x000000dc1ac00000)]
  0x00000221d81c8800 JavaThread "Unconstrained build operations Thread 3" [_thread_blocked, id=35428, stack(0x000000dc1ac00000,0x000000dc1ad00000)]
  0x00000221d81d3000 JavaThread "Unconstrained build operations Thread 4" [_thread_blocked, id=10048, stack(0x000000dc1ad00000,0x000000dc1ae00000)]
  0x00000221d81cf000 JavaThread "Unconstrained build operations Thread 5" [_thread_blocked, id=20684, stack(0x000000dc1ae00000,0x000000dc1af00000)]
  0x00000221d81cf800 JavaThread "Unconstrained build operations Thread 6" [_thread_blocked, id=42296, stack(0x000000dc1af00000,0x000000dc1b000000)]
  0x00000221d81d1800 JavaThread "Unconstrained build operations Thread 7" [_thread_blocked, id=31400, stack(0x000000dc1b000000,0x000000dc1b100000)]
  0x00000221d81d0800 JavaThread "Unconstrained build operations Thread 8" [_thread_blocked, id=41432, stack(0x000000dc1b100000,0x000000dc1b200000)]
  0x00000221d81d2000 JavaThread "Unconstrained build operations Thread 9" [_thread_blocked, id=28080, stack(0x000000dc1b200000,0x000000dc1b300000)]
  0x00000221da562000 JavaThread "Unconstrained build operations Thread 10" [_thread_blocked, id=22800, stack(0x000000dc1b300000,0x000000dc1b400000)]
  0x00000221da564800 JavaThread "Unconstrained build operations Thread 11" [_thread_blocked, id=25952, stack(0x000000dc1b400000,0x000000dc1b500000)]
  0x00000221da565800 JavaThread "Unconstrained build operations Thread 12" [_thread_blocked, id=32960, stack(0x000000dc1b500000,0x000000dc1b600000)]
  0x00000221da563000 JavaThread "Unconstrained build operations Thread 13" [_thread_blocked, id=13836, stack(0x000000dc1b600000,0x000000dc1b700000)]
  0x00000221da560800 JavaThread "Unconstrained build operations Thread 14" [_thread_blocked, id=27688, stack(0x000000dc1b700000,0x000000dc1b800000)]
  0x00000221da566000 JavaThread "Unconstrained build operations Thread 15" [_thread_blocked, id=29352, stack(0x000000dc1b800000,0x000000dc1b900000)]
  0x00000221da563800 JavaThread "Unconstrained build operations Thread 16" [_thread_blocked, id=18376, stack(0x000000dc1b900000,0x000000dc1ba00000)]
  0x00000221da561800 JavaThread "Unconstrained build operations Thread 17" [_thread_blocked, id=34908, stack(0x000000dc1ba00000,0x000000dc1bb00000)]
  0x00000221da568000 JavaThread "Unconstrained build operations Thread 18" [_thread_blocked, id=35724, stack(0x000000dc1bb00000,0x000000dc1bc00000)]
  0x00000221da567000 JavaThread "Unconstrained build operations Thread 19" [_thread_blocked, id=24556, stack(0x000000dc1bc00000,0x000000dc1bd00000)]
  0x00000221da56a800 JavaThread "Unconstrained build operations Thread 20" [_thread_blocked, id=31512, stack(0x000000dc1bd00000,0x000000dc1be00000)]
  0x00000221da56c800 JavaThread "Unconstrained build operations Thread 21" [_thread_blocked, id=14720, stack(0x000000dc1be00000,0x000000dc1bf00000)]
  0x00000221da569800 JavaThread "Unconstrained build operations Thread 22" [_thread_blocked, id=33772, stack(0x000000dc1bf00000,0x000000dc1c000000)]
  0x00000221da56b000 JavaThread "Unconstrained build operations Thread 23" [_thread_blocked, id=37412, stack(0x000000dc1c000000,0x000000dc1c100000)]
  0x00000221da56d800 JavaThread "Unconstrained build operations Thread 24" [_thread_blocked, id=25632, stack(0x000000dc1c100000,0x000000dc1c200000)]
  0x00000221da56e800 JavaThread "Unconstrained build operations Thread 25" [_thread_blocked, id=29712, stack(0x000000dc1c200000,0x000000dc1c300000)]
  0x00000221da56c000 JavaThread "Unconstrained build operations Thread 26" [_thread_blocked, id=5804, stack(0x000000dc1c300000,0x000000dc1c400000)]
  0x00000221da568800 JavaThread "Unconstrained build operations Thread 27" [_thread_blocked, id=31740, stack(0x000000dc1c400000,0x000000dc1c500000)]
  0x00000221da56f000 JavaThread "Unconstrained build operations Thread 28" [_thread_blocked, id=15152, stack(0x000000dc1c500000,0x000000dc1c600000)]
  0x00000221d5b4c800 JavaThread "Unconstrained build operations Thread 29" [_thread_blocked, id=13668, stack(0x000000dc1c600000,0x000000dc1c700000)]
  0x00000221d5b50800 JavaThread "Unconstrained build operations Thread 30" [_thread_blocked, id=8244, stack(0x000000dc1c700000,0x000000dc1c800000)]
  0x00000221d5b4f000 JavaThread "Unconstrained build operations Thread 31" [_thread_blocked, id=33588, stack(0x000000dc1c800000,0x000000dc1c900000)]
  0x00000221d5b4e000 JavaThread "Unconstrained build operations Thread 32" [_thread_blocked, id=42564, stack(0x000000dc1c900000,0x000000dc1ca00000)]
  0x00000221d5b51800 JavaThread "Unconstrained build operations Thread 33" [_thread_blocked, id=35104, stack(0x000000dc1ca00000,0x000000dc1cb00000)]
  0x00000221d5b4b800 JavaThread "Unconstrained build operations Thread 34" [_thread_blocked, id=6128, stack(0x000000dc1cb00000,0x000000dc1cc00000)]
  0x00000221d5b50000 JavaThread "Unconstrained build operations Thread 35" [_thread_blocked, id=36764, stack(0x000000dc1cc00000,0x000000dc1cd00000)]
  0x00000221d5b53000 JavaThread "Unconstrained build operations Thread 36" [_thread_blocked, id=15616, stack(0x000000dc1cd00000,0x000000dc1ce00000)]
  0x00000221d5b52000 JavaThread "Unconstrained build operations Thread 37" [_thread_blocked, id=32180, stack(0x000000dc1ce00000,0x000000dc1cf00000)]
  0x00000221d5b4d800 JavaThread "Unconstrained build operations Thread 38" [_thread_blocked, id=34968, stack(0x000000dc1cf00000,0x000000dc1d000000)]
  0x00000221d5b55800 JavaThread "Unconstrained build operations Thread 39" [_thread_blocked, id=25472, stack(0x000000dc1d000000,0x000000dc1d100000)]
  0x00000221d5b54000 JavaThread "Unconstrained build operations Thread 40" [_thread_blocked, id=34020, stack(0x000000dc1d100000,0x000000dc1d200000)]
  0x00000221d5b57000 JavaThread "Unconstrained build operations Thread 41" [_thread_blocked, id=34656, stack(0x000000dc1d200000,0x000000dc1d300000)]
  0x00000221d5b58000 JavaThread "Unconstrained build operations Thread 42" [_thread_blocked, id=31808, stack(0x000000dc1d300000,0x000000dc1d400000)]
  0x00000221d5b58800 JavaThread "Unconstrained build operations Thread 43" [_thread_blocked, id=37340, stack(0x000000dc1d400000,0x000000dc1d500000)]
  0x00000221d5b59800 JavaThread "Unconstrained build operations Thread 44" [_thread_blocked, id=28756, stack(0x000000dc1d500000,0x000000dc1d600000)]
  0x00000221d5b56800 JavaThread "Unconstrained build operations Thread 45" [_thread_blocked, id=15092, stack(0x000000dc1d600000,0x000000dc1d700000)]
  0x00000221d5b5a800 JavaThread "Unconstrained build operations Thread 46" [_thread_blocked, id=42184, stack(0x000000dc1d700000,0x000000dc1d800000)]
  0x00000221d5b54800 JavaThread "Unconstrained build operations Thread 47" [_thread_blocked, id=38820, stack(0x000000dc1d800000,0x000000dc1d900000)]
  0x00000221d5803000 JavaThread "Unconstrained build operations Thread 48" [_thread_blocked, id=40272, stack(0x000000dc1d900000,0x000000dc1da00000)]
  0x00000221d5804000 JavaThread "Unconstrained build operations Thread 49" [_thread_blocked, id=39656, stack(0x000000dc1da00000,0x000000dc1db00000)]
  0x00000221d5800800 JavaThread "Unconstrained build operations Thread 50" [_thread_blocked, id=19884, stack(0x000000dc1db00000,0x000000dc1dc00000)]
  0x00000221d5801800 JavaThread "Unconstrained build operations Thread 51" [_thread_blocked, id=21644, stack(0x000000dc1dc00000,0x000000dc1dd00000)]
  0x00000221d57fe000 JavaThread "Unconstrained build operations Thread 52" [_thread_blocked, id=41588, stack(0x000000dc1dd00000,0x000000dc1de00000)]
  0x00000221d57ff000 JavaThread "Unconstrained build operations Thread 53" [_thread_blocked, id=37200, stack(0x000000dc1de00000,0x000000dc1df00000)]
  0x00000221d5804800 JavaThread "Unconstrained build operations Thread 54" [_thread_blocked, id=28392, stack(0x000000dc1df00000,0x000000dc1e000000)]
  0x00000221d5805800 JavaThread "Unconstrained build operations Thread 55" [_thread_blocked, id=32204, stack(0x000000dc1e000000,0x000000dc1e100000)]
  0x00000221d57ff800 JavaThread "Unconstrained build operations Thread 56" [_thread_blocked, id=4528, stack(0x000000dc1e100000,0x000000dc1e200000)]
  0x00000221d5806000 JavaThread "Unconstrained build operations Thread 57" [_thread_blocked, id=9072, stack(0x000000dc1e200000,0x000000dc1e300000)]
  0x00000221d5802000 JavaThread "Unconstrained build operations Thread 58" [_thread_blocked, id=14704, stack(0x000000dc1e300000,0x000000dc1e400000)]
  0x00000221d580b000 JavaThread "Unconstrained build operations Thread 59" [_thread_blocked, id=9380, stack(0x000000dc1e400000,0x000000dc1e500000)]
  0x00000221d5808800 JavaThread "Unconstrained build operations Thread 60" [_thread_blocked, id=30676, stack(0x000000dc1e500000,0x000000dc1e600000)]
  0x00000221d580a800 JavaThread "Unconstrained build operations Thread 61" [_thread_blocked, id=43792, stack(0x000000dc1e600000,0x000000dc1e700000)]
  0x00000221d5807000 JavaThread "Unconstrained build operations Thread 62" [_thread_blocked, id=44364, stack(0x000000dc1e700000,0x000000dc1e800000)]
  0x00000221d580c000 JavaThread "Unconstrained build operations Thread 63" [_thread_blocked, id=29092, stack(0x000000dc1e800000,0x000000dc1e900000)]
  0x00000221d5808000 JavaThread "Unconstrained build operations Thread 64" [_thread_blocked, id=18912, stack(0x000000dc1e900000,0x000000dc1ea00000)]
  0x00000221d580d000 JavaThread "Unconstrained build operations Thread 65" [_thread_blocked, id=21876, stack(0x000000dc1ea00000,0x000000dc1eb00000)]
  0x00000221d5809800 JavaThread "Unconstrained build operations Thread 66" [_thread_blocked, id=32896, stack(0x000000dc1eb00000,0x000000dc1ec00000)]
  0x00000221d82d5000 JavaThread "Unconstrained build operations Thread 67" [_thread_blocked, id=19284, stack(0x000000dc1ec00000,0x000000dc1ed00000)]
  0x00000221d82d3800 JavaThread "Unconstrained build operations Thread 68" [_thread_blocked, id=18288, stack(0x000000dc1ed00000,0x000000dc1ee00000)]
  0x00000221d82d6800 JavaThread "Unconstrained build operations Thread 69" [_thread_blocked, id=25020, stack(0x000000dc1ee00000,0x000000dc1ef00000)]
  0x00000221d82da000 JavaThread "Unconstrained build operations Thread 70" [_thread_blocked, id=41044, stack(0x000000dc1ef00000,0x000000dc1f000000)]
  0x00000221d82d8000 JavaThread "Unconstrained build operations Thread 71" [_thread_blocked, id=6444, stack(0x000000dc1f000000,0x000000dc1f100000)]
  0x00000221d82d9000 JavaThread "Unconstrained build operations Thread 72" [_thread_blocked, id=41188, stack(0x000000dc1f100000,0x000000dc1f200000)]
  0x00000221d82d4000 JavaThread "Unconstrained build operations Thread 73" [_thread_in_Java, id=27396, stack(0x000000dc1f200000,0x000000dc1f300000)]
  0x00000221d82da800 JavaThread "Unconstrained build operations Thread 74" [_thread_blocked, id=3104, stack(0x000000dc1f300000,0x000000dc1f400000)]
  0x00000221d82d5800 JavaThread "Unconstrained build operations Thread 75" [_thread_blocked, id=30604, stack(0x000000dc1f400000,0x000000dc1f500000)]
  0x00000221d82d7800 JavaThread "Unconstrained build operations Thread 76" [_thread_blocked, id=10152, stack(0x000000dc1f500000,0x000000dc1f600000)]
  0x00000221d82df800 JavaThread "Unconstrained build operations Thread 77" [_thread_blocked, id=21196, stack(0x000000dc1f600000,0x000000dc1f700000)]
  0x00000221d82db800 JavaThread "Unconstrained build operations Thread 78" [_thread_blocked, id=4716, stack(0x000000dc1f700000,0x000000dc1f800000)]
  0x00000221d82de800 JavaThread "Unconstrained build operations Thread 79" [_thread_blocked, id=20528, stack(0x000000dc1f800000,0x000000dc1f900000)]
  0x00000221d82e0800 JavaThread "Unconstrained build operations Thread 80" [_thread_blocked, id=13868, stack(0x000000dc1f900000,0x000000dc1fa00000)]
  0x00000221d82de000 JavaThread "jar transforms Thread 4" [_thread_blocked, id=41748, stack(0x000000dc1fa00000,0x000000dc1fb00000)]
  0x00000221d82e1000 JavaThread "jar transforms Thread 5" [_thread_blocked, id=15576, stack(0x000000dc1fb00000,0x000000dc1fc00000)]
  0x00000221d82e2000 JavaThread "jar transforms Thread 6" [_thread_blocked, id=19848, stack(0x000000dc1fc00000,0x000000dc1fd00000)]
  0x00000221d82dc800 JavaThread "jar transforms Thread 7" [_thread_blocked, id=39600, stack(0x000000dc1fd00000,0x000000dc1fe00000)]
  0x00000221d82dd000 JavaThread "jar transforms Thread 8" [_thread_blocked, id=42332, stack(0x000000dc1fe00000,0x000000dc1ff00000)]
  0x00000221dc738000 JavaThread "Memory manager" [_thread_blocked, id=14344, stack(0x000000dc1ff00000,0x000000dc20000000)]
  0x00000221dc735800 JavaThread "build event listener" [_thread_blocked, id=26968, stack(0x000000dc20000000,0x000000dc20100000)]
  0x00000221dc736800 JavaThread "pool-3-thread-1" [_thread_blocked, id=18408, stack(0x000000dc20100000,0x000000dc20200000)]
  0x00000221dc735000 JavaThread "build event listener" [_thread_blocked, id=25164, stack(0x000000dc20200000,0x000000dc20300000)]
  0x00000221dc737800 JavaThread "included builds" [_thread_blocked, id=12168, stack(0x000000dc20300000,0x000000dc20400000)]
  0x00000221dc73a000 JavaThread "Execution worker for ':'" [_thread_blocked, id=38596, stack(0x000000dc20400000,0x000000dc20500000)]
  0x00000221dc734000 JavaThread "Execution worker for ':' Thread 2" [_thread_blocked, id=16552, stack(0x000000dc20500000,0x000000dc20600000)]
  0x00000221dc73e000 JavaThread "Execution worker for ':' Thread 3" [_thread_blocked, id=12100, stack(0x000000dc20600000,0x000000dc20700000)]
  0x00000221dc73c800 JavaThread "Execution worker for ':' Thread 4" [_thread_blocked, id=2248, stack(0x000000dc20700000,0x000000dc20800000)]
  0x00000221dc73e800 JavaThread "Execution worker for ':' Thread 5" [_thread_blocked, id=36740, stack(0x000000dc20800000,0x000000dc20900000)]
  0x00000221dc73a800 JavaThread "Execution worker for ':' Thread 6" [_thread_blocked, id=25720, stack(0x000000dc20900000,0x000000dc20a00000)]
  0x00000221dc73f800 JavaThread "Execution worker for ':' Thread 7" [_thread_blocked, id=12212, stack(0x000000dc20a00000,0x000000dc20b00000)]
  0x00000221dc740800 JavaThread "Cache worker for execution history cache (D:\RoomDatabaseStore\.gradle\7.4\executionHistory)" [_thread_blocked, id=28180, stack(0x000000dc20b00000,0x000000dc20c00000)]
  0x00000221dc741000 JavaThread "WorkerExecutor Queue" [_thread_blocked, id=6024, stack(0x000000dc20c00000,0x000000dc20d00000)]
  0x00000221d5060800 JavaThread "C2 CompilerThread1" daemon [_thread_in_native, id=6520, stack(0x000000dc20d00000,0x000000dc20e00000)]
=>0x00000221d5062000 JavaThread "C2 CompilerThread2" daemon [_thread_in_native, id=30052, stack(0x000000dc20e00000,0x000000dc20f00000)]

Other Threads:
  0x00000221d4025000 VMThread "VM Thread" [stack: 0x000000dc17b00000,0x000000dc17c00000] [id=7164]
  0x00000221d49f6800 WatcherThread [stack: 0x000000dc18500000,0x000000dc18600000] [id=10228]
  0x00000221b9b67800 GCTaskThread "GC Thread#0" [stack: 0x000000dc17600000,0x000000dc17700000] [id=5744]
  0x00000221d51ba000 GCTaskThread "GC Thread#1" [stack: 0x000000dc18700000,0x000000dc18800000] [id=24196]
  0x00000221d51ba800 GCTaskThread "GC Thread#2" [stack: 0x000000dc18800000,0x000000dc18900000] [id=10876]
  0x00000221d5719000 GCTaskThread "GC Thread#3" [stack: 0x000000dc18900000,0x000000dc18a00000] [id=43516]
  0x00000221d7b69800 GCTaskThread "GC Thread#4" [stack: 0x000000dc19700000,0x000000dc19800000] [id=33400]
  0x00000221d6fa8800 GCTaskThread "GC Thread#5" [stack: 0x000000dc19800000,0x000000dc19900000] [id=37080]
  0x00000221d7363800 GCTaskThread "GC Thread#6" [stack: 0x000000dc19900000,0x000000dc19a00000] [id=44132]
  0x00000221d59b3800 GCTaskThread "GC Thread#7" [stack: 0x000000dc19a00000,0x000000dc19b00000] [id=22828]
  0x00000221b9b98800 ConcurrentGCThread "G1 Main Marker" [stack: 0x000000dc17700000,0x000000dc17800000] [id=1996]
  0x00000221b9b9a000 ConcurrentGCThread "G1 Conc#0" [stack: 0x000000dc17800000,0x000000dc17900000] [id=21172]
  0x00000221d7cac800 ConcurrentGCThread "G1 Conc#1" [stack: 0x000000dc19b00000,0x000000dc19c00000] [id=13604]
  0x00000221d3e74800 ConcurrentGCThread "G1 Refine#0" [stack: 0x000000dc17900000,0x000000dc17a00000] [id=29408]
  0x00000221b9c2d800 ConcurrentGCThread "G1 Young RemSet Sampling" [stack: 0x000000dc17a00000,0x000000dc17b00000] [id=38008]

Threads with active compile tasks:
C2 CompilerThread0  48349 17019 %     4       com.android.tools.r8.internal.Pn::a @ 1684 (3393 bytes)
C2 CompilerThread1  48349 17034 %     4       com.android.tools.r8.ir.regalloc.b::a @ 1545 (1831 bytes)
C2 CompilerThread2  48349 16934 %     4       com.android.tools.r8.ir.regalloc.b::c @ 126 (4031 bytes)

VM state:not at safepoint (normal execution)

VM Mutex/Monitor currently owned by a thread: None

Heap address: 0x0000000080000000, size: 2048 MB, Compressed Oops mode: 32-bit
Narrow klass base: 0x0000000000000000, Narrow klass shift: 3
Compressed class space size: 1073741824 Address: 0x0000000100000000

Heap:
 garbage-first heap   total 284672K, used 158655K [0x0000000080000000, 0x0000000100000000)
  region size 1024K, 11 young (11264K), 4 survivors (4096K)
 Metaspace       used 114729K, capacity 117704K, committed 117876K, reserved 1150976K
  class space    used 14636K, capacity 15785K, committed 15872K, reserved 1048576K
Heap Regions: E=young(eden), S=young(survivor), O=old, HS=humongous(starts), HC=humongous(continues), CS=collection set, F=free, A=archive, TAMS=top-at-mark-start (previous, next)
|   0|0x0000000080000000, 0x0000000080100000, 0x0000000080100000|100%| O|  |TAMS 0x0000000080100000, 0x0000000080000000| Untracked 
|   1|0x0000000080100000, 0x0000000080200000, 0x0000000080200000|100%| O|  |TAMS 0x0000000080200000, 0x0000000080100000| Untracked 
|   2|0x0000000080200000, 0x0000000080300000, 0x0000000080300000|100%| O|  |TAMS 0x0000000080300000, 0x0000000080200000| Untracked 
|   3|0x0000000080300000, 0x0000000080400000, 0x0000000080400000|100%|HS|  |TAMS 0x0000000080400000, 0x0000000080300000| Complete 
|   4|0x0000000080400000, 0x0000000080500000, 0x0000000080500000|100%|HC|  |TAMS 0x0000000080500000, 0x0000000080400000| Complete 
|   5|0x0000000080500000, 0x0000000080600000, 0x0000000080600000|100%|HC|  |TAMS 0x0000000080600000, 0x0000000080500000| Complete 
|   6|0x0000000080600000, 0x0000000080700000, 0x0000000080700000|100%| O|  |TAMS 0x0000000080700000, 0x0000000080600000| Untracked 
|   7|0x0000000080700000, 0x0000000080800000, 0x0000000080800000|100%| O|  |TAMS 0x0000000080800000, 0x0000000080700000| Untracked 
|   8|0x0000000080800000, 0x0000000080900000, 0x0000000080900000|100%| O|  |TAMS 0x0000000080900000, 0x0000000080800000| Untracked 
|   9|0x0000000080900000, 0x0000000080a00000, 0x0000000080a00000|100%| O|  |TAMS 0x0000000080a00000, 0x0000000080900000| Untracked 
|  10|0x0000000080a00000, 0x0000000080b00000, 0x0000000080b00000|100%| O|  |TAMS 0x0000000080b00000, 0x0000000080a00000| Untracked 
|  11|0x0000000080b00000, 0x0000000080c00000, 0x0000000080c00000|100%| O|  |TAMS 0x0000000080c00000, 0x0000000080b00000| Untracked 
|  12|0x0000000080c00000, 0x0000000080d00000, 0x0000000080d00000|100%| O|  |TAMS 0x0000000080d00000, 0x0000000080c00000| Untracked 
|  13|0x0000000080d00000, 0x0000000080e00000, 0x0000000080e00000|100%| O|  |TAMS 0x0000000080e00000, 0x0000000080d00000| Untracked 
|  14|0x0000000080e00000, 0x0000000080f00000, 0x0000000080f00000|100%| O|  |TAMS 0x0000000080f00000, 0x0000000080e00000| Untracked 
|  15|0x0000000080f00000, 0x0000000081000000, 0x0000000081000000|100%| O|  |TAMS 0x0000000081000000, 0x0000000080f00000| Untracked 
|  16|0x0000000081000000, 0x0000000081100000, 0x0000000081100000|100%| O|  |TAMS 0x0000000081100000, 0x0000000081000000| Untracked 
|  17|0x0000000081100000, 0x0000000081200000, 0x0000000081200000|100%|HS|  |TAMS 0x0000000081200000, 0x0000000081100000| Complete 
|  18|0x0000000081200000, 0x0000000081300000, 0x0000000081300000|100%| O|  |TAMS 0x0000000081300000, 0x0000000081200000| Untracked 
|  19|0x0000000081300000, 0x0000000081400000, 0x0000000081400000|100%| O|  |TAMS 0x0000000081400000, 0x0000000081300000| Untracked 
|  20|0x0000000081400000, 0x0000000081500000, 0x0000000081500000|100%| O|  |TAMS 0x0000000081500000, 0x0000000081400000| Untracked 
|  21|0x0000000081500000, 0x0000000081600000, 0x0000000081600000|100%| O|  |TAMS 0x0000000081600000, 0x0000000081500000| Untracked 
|  22|0x0000000081600000, 0x0000000081700000, 0x0000000081700000|100%| O|  |TAMS 0x0000000081700000, 0x0000000081600000| Untracked 
|  23|0x0000000081700000, 0x0000000081800000, 0x0000000081800000|100%|HS|  |TAMS 0x0000000081800000, 0x0000000081700000| Complete 
|  24|0x0000000081800000, 0x0000000081900000, 0x0000000081900000|100%|HS|  |TAMS 0x0000000081900000, 0x0000000081800000| Complete 
|  25|0x0000000081900000, 0x0000000081a00000, 0x0000000081a00000|100%|HS|  |TAMS 0x0000000081a00000, 0x0000000081900000| Complete 
|  26|0x0000000081a00000, 0x0000000081b00000, 0x0000000081b00000|100%|HC|  |TAMS 0x0000000081b00000, 0x0000000081a00000| Complete 
|  27|0x0000000081b00000, 0x0000000081c00000, 0x0000000081c00000|100%|HC|  |TAMS 0x0000000081c00000, 0x0000000081b00000| Complete 
|  28|0x0000000081c00000, 0x0000000081d00000, 0x0000000081d00000|100%|HC|  |TAMS 0x0000000081d00000, 0x0000000081c00000| Complete 
|  29|0x0000000081d00000, 0x0000000081e00000, 0x0000000081e00000|100%| O|  |TAMS 0x0000000081e00000, 0x0000000081d00000| Untracked 
|  30|0x0000000081e00000, 0x0000000081f00000, 0x0000000081f00000|100%|HS|  |TAMS 0x0000000081f00000, 0x0000000081e00000| Complete 
|  31|0x0000000081f00000, 0x0000000082000000, 0x0000000082000000|100%|HC|  |TAMS 0x0000000082000000, 0x0000000081f00000| Complete 
|  32|0x0000000082000000, 0x0000000082100000, 0x0000000082100000|100%| O|  |TAMS 0x0000000082100000, 0x0000000082000000| Untracked 
|  33|0x0000000082100000, 0x0000000082200000, 0x0000000082200000|100%| O|  |TAMS 0x0000000082200000, 0x0000000082100000| Untracked 
|  34|0x0000000082200000, 0x0000000082300000, 0x0000000082300000|100%| O|  |TAMS 0x0000000082300000, 0x0000000082200000| Untracked 
|  35|0x0000000082300000, 0x0000000082400000, 0x0000000082400000|100%| O|  |TAMS 0x0000000082400000, 0x0000000082300000| Untracked 
|  36|0x0000000082400000, 0x0000000082500000, 0x0000000082500000|100%| O|  |TAMS 0x0000000082500000, 0x0000000082400000| Untracked 
|  37|0x0000000082500000, 0x0000000082600000, 0x0000000082600000|100%| O|  |TAMS 0x0000000082600000, 0x0000000082500000| Untracked 
|  38|0x0000000082600000, 0x0000000082700000, 0x0000000082700000|100%| O|  |TAMS 0x0000000082700000, 0x0000000082600000| Untracked 
|  39|0x0000000082700000, 0x0000000082800000, 0x0000000082800000|100%| O|  |TAMS 0x0000000082800000, 0x0000000082700000| Untracked 
|  40|0x0000000082800000, 0x0000000082900000, 0x0000000082900000|100%| O|  |TAMS 0x0000000082900000, 0x0000000082800000| Untracked 
|  41|0x0000000082900000, 0x0000000082a00000, 0x0000000082a00000|100%| O|  |TAMS 0x0000000082a00000, 0x0000000082900000| Untracked 
|  42|0x0000000082a00000, 0x0000000082b00000, 0x0000000082b00000|100%| O|  |TAMS 0x0000000082b00000, 0x0000000082a00000| Untracked 
|  43|0x0000000082b00000, 0x0000000082c00000, 0x0000000082c00000|100%| O|  |TAMS 0x0000000082c00000, 0x0000000082b00000| Untracked 
|  44|0x0000000082c00000, 0x0000000082d00000, 0x0000000082d00000|100%| O|  |TAMS 0x0000000082d00000, 0x0000000082c00000| Untracked 
|  45|0x0000000082d00000, 0x0000000082e00000, 0x0000000082e00000|100%| O|  |TAMS 0x0000000082e00000, 0x0000000082d00000| Untracked 
|  46|0x0000000082e00000, 0x0000000082f00000, 0x0000000082f00000|100%| O|  |TAMS 0x0000000082f00000, 0x0000000082e00000| Untracked 
|  47|0x0000000082f00000, 0x0000000083000000, 0x0000000083000000|100%| O|  |TAMS 0x0000000083000000, 0x0000000082f00000| Untracked 
|  48|0x0000000083000000, 0x0000000083100000, 0x0000000083100000|100%| O|  |TAMS 0x0000000083100000, 0x0000000083000000| Untracked 
|  49|0x0000000083100000, 0x0000000083200000, 0x0000000083200000|100%| O|  |TAMS 0x0000000083200000, 0x0000000083100000| Untracked 
|  50|0x0000000083200000, 0x0000000083300000, 0x0000000083300000|100%| O|  |TAMS 0x0000000083300000, 0x0000000083200000| Untracked 
|  51|0x0000000083300000, 0x0000000083400000, 0x0000000083400000|100%| O|  |TAMS 0x0000000083400000, 0x0000000083300000| Untracked 
|  52|0x0000000083400000, 0x0000000083500000, 0x0000000083500000|100%| O|  |TAMS 0x0000000083500000, 0x0000000083400000| Untracked 
|  53|0x0000000083500000, 0x0000000083600000, 0x0000000083600000|100%| O|  |TAMS 0x0000000083600000, 0x0000000083500000| Untracked 
|  54|0x0000000083600000, 0x0000000083700000, 0x0000000083700000|100%| O|  |TAMS 0x0000000083700000, 0x0000000083600000| Untracked 
|  55|0x0000000083700000, 0x0000000083800000, 0x0000000083800000|100%| O|  |TAMS 0x0000000083800000, 0x0000000083700000| Untracked 
|  56|0x0000000083800000, 0x0000000083900000, 0x0000000083900000|100%| O|  |TAMS 0x0000000083900000, 0x0000000083800000| Untracked 
|  57|0x0000000083900000, 0x0000000083a00000, 0x0000000083a00000|100%| O|  |TAMS 0x0000000083a00000, 0x0000000083900000| Untracked 
|  58|0x0000000083a00000, 0x0000000083b00000, 0x0000000083b00000|100%| O|  |TAMS 0x0000000083b00000, 0x0000000083a00000| Untracked 
|  59|0x0000000083b00000, 0x0000000083c00000, 0x0000000083c00000|100%| O|  |TAMS 0x0000000083c00000, 0x0000000083b00000| Untracked 
|  60|0x0000000083c00000, 0x0000000083d00000, 0x0000000083d00000|100%| O|  |TAMS 0x0000000083d00000, 0x0000000083c00000| Untracked 
|  61|0x0000000083d00000, 0x0000000083e00000, 0x0000000083e00000|100%| O|  |TAMS 0x0000000083e00000, 0x0000000083d00000| Untracked 
|  62|0x0000000083e00000, 0x0000000083f00000, 0x0000000083f00000|100%| O|  |TAMS 0x0000000083f00000, 0x0000000083e00000| Untracked 
|  63|0x0000000083f00000, 0x0000000084000000, 0x0000000084000000|100%| O|  |TAMS 0x0000000084000000, 0x0000000083f00000| Untracked 
|  64|0x0000000084000000, 0x0000000084100000, 0x0000000084100000|100%| O|  |TAMS 0x0000000084100000, 0x0000000084000000| Untracked 
|  65|0x0000000084100000, 0x0000000084200000, 0x0000000084200000|100%| O|  |TAMS 0x0000000084200000, 0x0000000084100000| Untracked 
|  66|0x0000000084200000, 0x0000000084300000, 0x0000000084300000|100%| O|  |TAMS 0x0000000084300000, 0x0000000084200000| Untracked 
|  67|0x0000000084300000, 0x0000000084400000, 0x0000000084400000|100%| O|  |TAMS 0x0000000084400000, 0x0000000084300000| Untracked 
|  68|0x0000000084400000, 0x0000000084500000, 0x0000000084500000|100%| O|  |TAMS 0x0000000084500000, 0x0000000084400000| Untracked 
|  69|0x0000000084500000, 0x0000000084600000, 0x0000000084600000|100%| O|  |TAMS 0x0000000084600000, 0x0000000084500000| Untracked 
|  70|0x0000000084600000, 0x0000000084700000, 0x0000000084700000|100%| O|  |TAMS 0x0000000084700000, 0x0000000084600000| Untracked 
|  71|0x0000000084700000, 0x0000000084800000, 0x0000000084800000|100%| O|  |TAMS 0x0000000084800000, 0x0000000084700000| Untracked 
|  72|0x0000000084800000, 0x0000000084900000, 0x0000000084900000|100%| O|  |TAMS 0x0000000084900000, 0x0000000084800000| Untracked 
|  73|0x0000000084900000, 0x0000000084a00000, 0x0000000084a00000|100%| O|  |TAMS 0x0000000084a00000, 0x0000000084900000| Untracked 
|  74|0x0000000084a00000, 0x0000000084b00000, 0x0000000084b00000|100%| O|  |TAMS 0x0000000084b00000, 0x0000000084a00000| Untracked 
|  75|0x0000000084b00000, 0x0000000084c00000, 0x0000000084c00000|100%| O|  |TAMS 0x0000000084c00000, 0x0000000084b00000| Untracked 
|  76|0x0000000084c00000, 0x0000000084d00000, 0x0000000084d00000|100%| O|  |TAMS 0x0000000084d00000, 0x0000000084c00000| Untracked 
|  77|0x0000000084d00000, 0x0000000084e00000, 0x0000000084e00000|100%| O|  |TAMS 0x0000000084e00000, 0x0000000084d00000| Untracked 
|  78|0x0000000084e00000, 0x0000000084f00000, 0x0000000084f00000|100%| O|  |TAMS 0x0000000084f00000, 0x0000000084e00000| Untracked 
|  79|0x0000000084f00000, 0x0000000085000000, 0x0000000085000000|100%| O|  |TAMS 0x0000000085000000, 0x0000000084f00000| Untracked 
|  80|0x0000000085000000, 0x0000000085100000, 0x0000000085100000|100%| O|  |TAMS 0x0000000085100000, 0x0000000085000000| Untracked 
|  81|0x0000000085100000, 0x0000000085200000, 0x0000000085200000|100%| O|  |TAMS 0x0000000085200000, 0x0000000085100000| Untracked 
|  82|0x0000000085200000, 0x0000000085300000, 0x0000000085300000|100%| O|  |TAMS 0x0000000085300000, 0x0000000085200000| Untracked 
|  83|0x0000000085300000, 0x0000000085400000, 0x0000000085400000|100%| O|  |TAMS 0x0000000085400000, 0x0000000085300000| Untracked 
|  84|0x0000000085400000, 0x0000000085500000, 0x0000000085500000|100%| O|  |TAMS 0x0000000085500000, 0x0000000085400000| Untracked 
|  85|0x0000000085500000, 0x0000000085600000, 0x0000000085600000|100%| O|  |TAMS 0x0000000085600000, 0x0000000085500000| Untracked 
|  86|0x0000000085600000, 0x0000000085700000, 0x0000000085700000|100%| O|  |TAMS 0x0000000085700000, 0x0000000085600000| Untracked 
|  87|0x0000000085700000, 0x0000000085800000, 0x0000000085800000|100%| O|  |TAMS 0x0000000085800000, 0x0000000085700000| Untracked 
|  88|0x0000000085800000, 0x0000000085900000, 0x0000000085900000|100%| O|  |TAMS 0x0000000085900000, 0x0000000085800000| Untracked 
|  89|0x0000000085900000, 0x0000000085a00000, 0x0000000085a00000|100%| O|  |TAMS 0x0000000085a00000, 0x0000000085900000| Untracked 
|  90|0x0000000085a00000, 0x0000000085b00000, 0x0000000085b00000|100%| O|  |TAMS 0x0000000085b00000, 0x0000000085a00000| Untracked 
|  91|0x0000000085b00000, 0x0000000085c00000, 0x0000000085c00000|100%| O|  |TAMS 0x0000000085c00000, 0x0000000085b00000| Untracked 
|  92|0x0000000085c00000, 0x0000000085d00000, 0x0000000085d00000|100%| O|  |TAMS 0x0000000085d00000, 0x0000000085c00000| Untracked 
|  93|0x0000000085d00000, 0x0000000085e00000, 0x0000000085e00000|100%| O|  |TAMS 0x0000000085e00000, 0x0000000085d00000| Untracked 
|  94|0x0000000085e00000, 0x0000000085f00000, 0x0000000085f00000|100%| O|  |TAMS 0x0000000085f00000, 0x0000000085e00000| Untracked 
|  95|0x0000000085f00000, 0x0000000086000000, 0x0000000086000000|100%| O|  |TAMS 0x0000000086000000, 0x0000000085f00000| Untracked 
|  96|0x0000000086000000, 0x0000000086100000, 0x0000000086100000|100%| O|  |TAMS 0x0000000086100000, 0x0000000086000000| Untracked 
|  97|0x0000000086100000, 0x0000000086200000, 0x0000000086200000|100%| O|  |TAMS 0x0000000086200000, 0x0000000086100000| Untracked 
|  98|0x0000000086200000, 0x0000000086300000, 0x0000000086300000|100%| O|  |TAMS 0x0000000086300000, 0x0000000086200000| Untracked 
|  99|0x0000000086300000, 0x0000000086400000, 0x0000000086400000|100%| O|  |TAMS 0x0000000086400000, 0x0000000086300000| Untracked 
| 100|0x0000000086400000, 0x0000000086500000, 0x0000000086500000|100%| O|  |TAMS 0x0000000086500000, 0x0000000086400000| Untracked 
| 101|0x0000000086500000, 0x0000000086600000, 0x0000000086600000|100%| O|  |TAMS 0x0000000086600000, 0x0000000086500000| Untracked 
| 102|0x0000000086600000, 0x0000000086700000, 0x0000000086700000|100%|HS|  |TAMS 0x0000000086700000, 0x0000000086600000| Complete 
| 103|0x0000000086700000, 0x0000000086800000, 0x0000000086800000|100%| O|  |TAMS 0x0000000086800000, 0x0000000086700000| Untracked 
| 104|0x0000000086800000, 0x0000000086900000, 0x0000000086900000|100%| O|  |TAMS 0x0000000086900000, 0x0000000086800000| Untracked 
| 105|0x0000000086900000, 0x0000000086a00000, 0x0000000086a00000|100%| O|  |TAMS 0x0000000086a00000, 0x0000000086900000| Untracked 
| 106|0x0000000086a00000, 0x0000000086b00000, 0x0000000086b00000|100%| O|  |TAMS 0x0000000086b00000, 0x0000000086a00000| Untracked 
| 107|0x0000000086b00000, 0x0000000086c00000, 0x0000000086c00000|100%| O|  |TAMS 0x0000000086c00000, 0x0000000086b00000| Untracked 
| 108|0x0000000086c00000, 0x0000000086d00000, 0x0000000086d00000|100%| O|  |TAMS 0x0000000086d00000, 0x0000000086c00000| Untracked 
| 109|0x0000000086d00000, 0x0000000086e00000, 0x0000000086e00000|100%| O|  |TAMS 0x0000000086e00000, 0x0000000086d00000| Untracked 
| 110|0x0000000086e00000, 0x0000000086f00000, 0x0000000086f00000|100%| O|  |TAMS 0x0000000086f00000, 0x0000000086e00000| Untracked 
| 111|0x0000000086f00000, 0x0000000087000000, 0x0000000087000000|100%| O|  |TAMS 0x0000000087000000, 0x0000000086f00000| Untracked 
| 112|0x0000000087000000, 0x0000000087100000, 0x0000000087100000|100%| O|  |TAMS 0x0000000087100000, 0x0000000087000000| Untracked 
| 113|0x0000000087100000, 0x0000000087200000, 0x0000000087200000|100%| O|  |TAMS 0x0000000087200000, 0x0000000087100000| Untracked 
| 114|0x0000000087200000, 0x0000000087300000, 0x0000000087300000|100%| O|  |TAMS 0x0000000087300000, 0x0000000087200000| Untracked 
| 115|0x0000000087300000, 0x0000000087400000, 0x0000000087400000|100%| O|  |TAMS 0x0000000087400000, 0x0000000087300000| Untracked 
| 116|0x0000000087400000, 0x0000000087500000, 0x0000000087500000|100%| O|  |TAMS 0x0000000087500000, 0x0000000087400000| Untracked 
| 117|0x0000000087500000, 0x0000000087600000, 0x0000000087600000|100%| O|  |TAMS 0x0000000087600000, 0x0000000087500000| Untracked 
| 118|0x0000000087600000, 0x0000000087700000, 0x0000000087700000|100%| O|  |TAMS 0x0000000087700000, 0x0000000087600000| Untracked 
| 119|0x0000000087700000, 0x0000000087800000, 0x0000000087800000|100%| O|  |TAMS 0x0000000087800000, 0x0000000087700000| Untracked 
| 120|0x0000000087800000, 0x0000000087900000, 0x0000000087900000|100%| O|  |TAMS 0x0000000087900000, 0x0000000087800000| Untracked 
| 121|0x0000000087900000, 0x0000000087a00000, 0x0000000087a00000|100%| O|  |TAMS 0x0000000087a00000, 0x0000000087900000| Untracked 
| 122|0x0000000087a00000, 0x0000000087b00000, 0x0000000087b00000|100%| O|  |TAMS 0x0000000087b00000, 0x0000000087a00000| Untracked 
| 123|0x0000000087b00000, 0x0000000087c00000, 0x0000000087c00000|100%| O|  |TAMS 0x0000000087c00000, 0x0000000087b00000| Untracked 
| 124|0x0000000087c00000, 0x0000000087d00000, 0x0000000087d00000|100%| O|  |TAMS 0x0000000087d00000, 0x0000000087c00000| Untracked 
| 125|0x0000000087d00000, 0x0000000087e00000, 0x0000000087e00000|100%| O|  |TAMS 0x0000000087e00000, 0x0000000087d00000| Untracked 
| 126|0x0000000087e00000, 0x0000000087f00000, 0x0000000087f00000|100%| O|  |TAMS 0x0000000087f00000, 0x0000000087e00000| Untracked 
| 127|0x0000000087f00000, 0x0000000088000000, 0x0000000088000000|100%| O|  |TAMS 0x0000000088000000, 0x0000000087f00000| Untracked 
| 128|0x0000000088000000, 0x0000000088100000, 0x0000000088100000|100%| O|  |TAMS 0x0000000088100000, 0x0000000088000000| Untracked 
| 129|0x0000000088100000, 0x0000000088200000, 0x0000000088200000|100%| O|  |TAMS 0x0000000088200000, 0x0000000088100000| Untracked 
| 130|0x0000000088200000, 0x0000000088300000, 0x0000000088300000|100%| O|  |TAMS 0x0000000088300000, 0x0000000088200000| Untracked 
| 131|0x0000000088300000, 0x0000000088400000, 0x0000000088400000|100%| O|  |TAMS 0x0000000088400000, 0x0000000088300000| Untracked 
| 132|0x0000000088400000, 0x0000000088500000, 0x0000000088500000|100%| O|  |TAMS 0x0000000088500000, 0x0000000088400000| Untracked 
| 133|0x0000000088500000, 0x0000000088600000, 0x0000000088600000|100%| O|  |TAMS 0x0000000088600000, 0x0000000088500000| Untracked 
| 134|0x0000000088600000, 0x0000000088700000, 0x0000000088700000|100%| O|  |TAMS 0x0000000088700000, 0x0000000088600000| Untracked 
| 135|0x0000000088700000, 0x0000000088800000, 0x0000000088800000|100%| O|  |TAMS 0x0000000088800000, 0x0000000088700000| Untracked 
| 136|0x0000000088800000, 0x0000000088900000, 0x0000000088900000|100%| O|  |TAMS 0x0000000088900000, 0x0000000088800000| Untracked 
| 137|0x0000000088900000, 0x0000000088a00000, 0x0000000088a00000|100%| O|  |TAMS 0x0000000088a00000, 0x0000000088900000| Untracked 
| 138|0x0000000088a00000, 0x0000000088b00000, 0x0000000088b00000|100%| O|  |TAMS 0x0000000088b00000, 0x0000000088a00000| Untracked 
| 139|0x0000000088b00000, 0x0000000088c00000, 0x0000000088c00000|100%| O|  |TAMS 0x0000000088c00000, 0x0000000088b00000| Untracked 
| 140|0x0000000088c00000, 0x0000000088d00000, 0x0000000088d00000|100%| O|  |TAMS 0x0000000088d00000, 0x0000000088c00000| Untracked 
| 141|0x0000000088d00000, 0x0000000088e00000, 0x0000000088e00000|100%| O|  |TAMS 0x0000000088e00000, 0x0000000088d00000| Untracked 
| 142|0x0000000088e00000, 0x0000000088f00000, 0x0000000088f00000|100%| O|  |TAMS 0x0000000088f00000, 0x0000000088e00000| Untracked 
| 143|0x0000000088f00000, 0x0000000089000000, 0x0000000089000000|100%| O|  |TAMS 0x0000000089000000, 0x0000000088f00000| Untracked 
| 144|0x0000000089000000, 0x0000000089100000, 0x0000000089100000|100%| O|  |TAMS 0x0000000089100000, 0x0000000089000000| Untracked 
| 145|0x0000000089100000, 0x0000000089173000, 0x0000000089200000| 44%| O|  |TAMS 0x0000000089173000, 0x0000000089100000| Untracked 
| 146|0x0000000089200000, 0x0000000089200000, 0x0000000089300000|  0%| F|  |TAMS 0x0000000089200000, 0x0000000089200000| Untracked 
| 147|0x0000000089300000, 0x0000000089300000, 0x0000000089400000|  0%| F|  |TAMS 0x0000000089300000, 0x0000000089300000| Untracked 
| 148|0x0000000089400000, 0x0000000089400000, 0x0000000089500000|  0%| F|  |TAMS 0x0000000089400000, 0x0000000089400000| Untracked 
| 149|0x0000000089500000, 0x0000000089500000, 0x0000000089600000|  0%| F|  |TAMS 0x0000000089500000, 0x0000000089500000| Untracked 
| 150|0x0000000089600000, 0x0000000089600000, 0x0000000089700000|  0%| F|  |TAMS 0x0000000089600000, 0x0000000089600000| Untracked 
| 151|0x0000000089700000, 0x0000000089700000, 0x0000000089800000|  0%| F|  |TAMS 0x0000000089700000, 0x0000000089700000| Untracked 
| 152|0x0000000089800000, 0x0000000089800000, 0x0000000089900000|  0%| F|  |TAMS 0x0000000089800000, 0x0000000089800000| Untracked 
| 153|0x0000000089900000, 0x0000000089900000, 0x0000000089a00000|  0%| F|  |TAMS 0x0000000089900000, 0x0000000089900000| Untracked 
| 154|0x0000000089a00000, 0x0000000089a00000, 0x0000000089b00000|  0%| F|  |TAMS 0x0000000089a00000, 0x0000000089a00000| Untracked 
| 155|0x0000000089b00000, 0x0000000089b00000, 0x0000000089c00000|  0%| F|  |TAMS 0x0000000089b00000, 0x0000000089b00000| Untracked 
| 156|0x0000000089c00000, 0x0000000089c00000, 0x0000000089d00000|  0%| F|  |TAMS 0x0000000089c00000, 0x0000000089c00000| Untracked 
| 157|0x0000000089d00000, 0x0000000089d00000, 0x0000000089e00000|  0%| F|  |TAMS 0x0000000089d00000, 0x0000000089d00000| Untracked 
| 158|0x0000000089e00000, 0x0000000089e00000, 0x0000000089f00000|  0%| F|  |TAMS 0x0000000089e00000, 0x0000000089e00000| Untracked 
| 159|0x0000000089f00000, 0x0000000089f00000, 0x000000008a000000|  0%| F|  |TAMS 0x0000000089f00000, 0x0000000089f00000| Untracked 
| 160|0x000000008a000000, 0x000000008a000000, 0x000000008a100000|  0%| F|  |TAMS 0x000000008a000000, 0x000000008a000000| Untracked 
| 161|0x000000008a100000, 0x000000008a100000, 0x000000008a200000|  0%| F|  |TAMS 0x000000008a100000, 0x000000008a100000| Untracked 
| 162|0x000000008a200000, 0x000000008a200000, 0x000000008a300000|  0%| F|  |TAMS 0x000000008a200000, 0x000000008a200000| Untracked 
| 163|0x000000008a300000, 0x000000008a300000, 0x000000008a400000|  0%| F|  |TAMS 0x000000008a300000, 0x000000008a300000| Untracked 
| 164|0x000000008a400000, 0x000000008a400000, 0x000000008a500000|  0%| F|  |TAMS 0x000000008a400000, 0x000000008a400000| Untracked 
| 165|0x000000008a500000, 0x000000008a500000, 0x000000008a600000|  0%| F|  |TAMS 0x000000008a500000, 0x000000008a500000| Untracked 
| 166|0x000000008a600000, 0x000000008a600000, 0x000000008a700000|  0%| F|  |TAMS 0x000000008a600000, 0x000000008a600000| Untracked 
| 167|0x000000008a700000, 0x000000008a700000, 0x000000008a800000|  0%| F|  |TAMS 0x000000008a700000, 0x000000008a700000| Untracked 
| 168|0x000000008a800000, 0x000000008a800000, 0x000000008a900000|  0%| F|  |TAMS 0x000000008a800000, 0x000000008a800000| Untracked 
| 169|0x000000008a900000, 0x000000008a900000, 0x000000008aa00000|  0%| F|  |TAMS 0x000000008a900000, 0x000000008a900000| Untracked 
| 170|0x000000008aa00000, 0x000000008aa00000, 0x000000008ab00000|  0%| F|  |TAMS 0x000000008aa00000, 0x000000008aa00000| Untracked 
| 171|0x000000008ab00000, 0x000000008ab00000, 0x000000008ac00000|  0%| F|  |TAMS 0x000000008ab00000, 0x000000008ab00000| Untracked 
| 172|0x000000008ac00000, 0x000000008ac00000, 0x000000008ad00000|  0%| F|  |TAMS 0x000000008ac00000, 0x000000008ac00000| Untracked 
| 173|0x000000008ad00000, 0x000000008ad00000, 0x000000008ae00000|  0%| F|  |TAMS 0x000000008ad00000, 0x000000008ad00000| Untracked 
| 174|0x000000008ae00000, 0x000000008ae00000, 0x000000008af00000|  0%| F|  |TAMS 0x000000008ae00000, 0x000000008ae00000| Untracked 
| 175|0x000000008af00000, 0x000000008af00000, 0x000000008b000000|  0%| F|  |TAMS 0x000000008af00000, 0x000000008af00000| Untracked 
| 176|0x000000008b000000, 0x000000008b000000, 0x000000008b100000|  0%| F|  |TAMS 0x000000008b000000, 0x000000008b000000| Untracked 
| 177|0x000000008b100000, 0x000000008b100000, 0x000000008b200000|  0%| F|  |TAMS 0x000000008b100000, 0x000000008b100000| Untracked 
| 178|0x000000008b200000, 0x000000008b200000, 0x000000008b300000|  0%| F|  |TAMS 0x000000008b200000, 0x000000008b200000| Untracked 
| 179|0x000000008b300000, 0x000000008b300000, 0x000000008b400000|  0%| F|  |TAMS 0x000000008b300000, 0x000000008b300000| Untracked 
| 180|0x000000008b400000, 0x000000008b400000, 0x000000008b500000|  0%| F|  |TAMS 0x000000008b400000, 0x000000008b400000| Untracked 
| 181|0x000000008b500000, 0x000000008b500000, 0x000000008b600000|  0%| F|  |TAMS 0x000000008b500000, 0x000000008b500000| Untracked 
| 182|0x000000008b600000, 0x000000008b600000, 0x000000008b700000|  0%| F|  |TAMS 0x000000008b600000, 0x000000008b600000| Untracked 
| 183|0x000000008b700000, 0x000000008b700000, 0x000000008b800000|  0%| F|  |TAMS 0x000000008b700000, 0x000000008b700000| Untracked 
| 184|0x000000008b800000, 0x000000008b800000, 0x000000008b900000|  0%| F|  |TAMS 0x000000008b800000, 0x000000008b800000| Untracked 
| 185|0x000000008b900000, 0x000000008b900000, 0x000000008ba00000|  0%| F|  |TAMS 0x000000008b900000, 0x000000008b900000| Untracked 
| 186|0x000000008ba00000, 0x000000008ba00000, 0x000000008bb00000|  0%| F|  |TAMS 0x000000008ba00000, 0x000000008ba00000| Untracked 
| 187|0x000000008bb00000, 0x000000008bb7cd30, 0x000000008bc00000| 48%| S|CS|TAMS 0x000000008bb00000, 0x000000008bb00000| Complete 
| 188|0x000000008bc00000, 0x000000008bd00000, 0x000000008bd00000|100%| S|CS|TAMS 0x000000008bc00000, 0x000000008bc00000| Complete 
| 189|0x000000008bd00000, 0x000000008be00000, 0x000000008be00000|100%| S|CS|TAMS 0x000000008bd00000, 0x000000008bd00000| Complete 
| 190|0x000000008be00000, 0x000000008be00000, 0x000000008bf00000|  0%| F|  |TAMS 0x000000008be00000, 0x000000008be00000| Untracked 
| 191|0x000000008bf00000, 0x000000008bf00000, 0x000000008c000000|  0%| F|  |TAMS 0x000000008bf00000, 0x000000008bf00000| Untracked 
| 192|0x000000008c000000, 0x000000008c000000, 0x000000008c100000|  0%| F|  |TAMS 0x000000008c000000, 0x000000008c000000| Untracked 
| 193|0x000000008c100000, 0x000000008c200000, 0x000000008c200000|100%| S|CS|TAMS 0x000000008c100000, 0x000000008c100000| Complete 
| 194|0x000000008c200000, 0x000000008c200000, 0x000000008c300000|  0%| F|  |TAMS 0x000000008c200000, 0x000000008c200000| Untracked 
| 195|0x000000008c300000, 0x000000008c300000, 0x000000008c400000|  0%| F|  |TAMS 0x000000008c300000, 0x000000008c300000| Untracked 
| 196|0x000000008c400000, 0x000000008c400000, 0x000000008c500000|  0%| F|  |TAMS 0x000000008c400000, 0x000000008c400000| Untracked 
| 197|0x000000008c500000, 0x000000008c500000, 0x000000008c600000|  0%| F|  |TAMS 0x000000008c500000, 0x000000008c500000| Untracked 
| 198|0x000000008c600000, 0x000000008c600000, 0x000000008c700000|  0%| F|  |TAMS 0x000000008c600000, 0x000000008c600000| Untracked 
| 199|0x000000008c700000, 0x000000008c700000, 0x000000008c800000|  0%| F|  |TAMS 0x000000008c700000, 0x000000008c700000| Untracked 
| 200|0x000000008c800000, 0x000000008c800000, 0x000000008c900000|  0%| F|  |TAMS 0x000000008c800000, 0x000000008c800000| Untracked 
| 201|0x000000008c900000, 0x000000008c900000, 0x000000008ca00000|  0%| F|  |TAMS 0x000000008c900000, 0x000000008c900000| Untracked 
| 202|0x000000008ca00000, 0x000000008ca00000, 0x000000008cb00000|  0%| F|  |TAMS 0x000000008ca00000, 0x000000008ca00000| Untracked 
| 203|0x000000008cb00000, 0x000000008cb00000, 0x000000008cc00000|  0%| F|  |TAMS 0x000000008cb00000, 0x000000008cb00000| Untracked 
| 204|0x000000008cc00000, 0x000000008cc00000, 0x000000008cd00000|  0%| F|  |TAMS 0x000000008cc00000, 0x000000008cc00000| Untracked 
| 205|0x000000008cd00000, 0x000000008cd00000, 0x000000008ce00000|  0%| F|  |TAMS 0x000000008cd00000, 0x000000008cd00000| Untracked 
| 206|0x000000008ce00000, 0x000000008ce00000, 0x000000008cf00000|  0%| F|  |TAMS 0x000000008ce00000, 0x000000008ce00000| Untracked 
| 207|0x000000008cf00000, 0x000000008cf00000, 0x000000008d000000|  0%| F|  |TAMS 0x000000008cf00000, 0x000000008cf00000| Untracked 
| 208|0x000000008d000000, 0x000000008d000000, 0x000000008d100000|  0%| F|  |TAMS 0x000000008d000000, 0x000000008d000000| Untracked 
| 209|0x000000008d100000, 0x000000008d100000, 0x000000008d200000|  0%| F|  |TAMS 0x000000008d100000, 0x000000008d100000| Untracked 
| 210|0x000000008d200000, 0x000000008d200000, 0x000000008d300000|  0%| F|  |TAMS 0x000000008d200000, 0x000000008d200000| Untracked 
| 211|0x000000008d300000, 0x000000008d300000, 0x000000008d400000|  0%| F|  |TAMS 0x000000008d300000, 0x000000008d300000| Untracked 
| 212|0x000000008d400000, 0x000000008d400000, 0x000000008d500000|  0%| F|  |TAMS 0x000000008d400000, 0x000000008d400000| Untracked 
| 213|0x000000008d500000, 0x000000008d500000, 0x000000008d600000|  0%| F|  |TAMS 0x000000008d500000, 0x000000008d500000| Untracked 
| 214|0x000000008d600000, 0x000000008d600000, 0x000000008d700000|  0%| F|  |TAMS 0x000000008d600000, 0x000000008d600000| Untracked 
| 215|0x000000008d700000, 0x000000008d700000, 0x000000008d800000|  0%| F|  |TAMS 0x000000008d700000, 0x000000008d700000| Untracked 
| 216|0x000000008d800000, 0x000000008d800000, 0x000000008d900000|  0%| F|  |TAMS 0x000000008d800000, 0x000000008d800000| Untracked 
| 217|0x000000008d900000, 0x000000008d900000, 0x000000008da00000|  0%| F|  |TAMS 0x000000008d900000, 0x000000008d900000| Untracked 
| 218|0x000000008da00000, 0x000000008da00000, 0x000000008db00000|  0%| F|  |TAMS 0x000000008da00000, 0x000000008da00000| Untracked 
| 219|0x000000008db00000, 0x000000008db00000, 0x000000008dc00000|  0%| F|  |TAMS 0x000000008db00000, 0x000000008db00000| Untracked 
| 220|0x000000008dc00000, 0x000000008dc00000, 0x000000008dd00000|  0%| F|  |TAMS 0x000000008dc00000, 0x000000008dc00000| Untracked 
| 221|0x000000008dd00000, 0x000000008dd00000, 0x000000008de00000|  0%| F|  |TAMS 0x000000008dd00000, 0x000000008dd00000| Untracked 
| 222|0x000000008de00000, 0x000000008de00000, 0x000000008df00000|  0%| F|  |TAMS 0x000000008de00000, 0x000000008de00000| Untracked 
| 223|0x000000008df00000, 0x000000008df00000, 0x000000008e000000|  0%| F|  |TAMS 0x000000008df00000, 0x000000008df00000| Untracked 
| 224|0x000000008e000000, 0x000000008e000000, 0x000000008e100000|  0%| F|  |TAMS 0x000000008e000000, 0x000000008e000000| Untracked 
| 225|0x000000008e100000, 0x000000008e100000, 0x000000008e200000|  0%| F|  |TAMS 0x000000008e100000, 0x000000008e100000| Untracked 
| 226|0x000000008e200000, 0x000000008e200000, 0x000000008e300000|  0%| F|  |TAMS 0x000000008e200000, 0x000000008e200000| Untracked 
| 227|0x000000008e300000, 0x000000008e300000, 0x000000008e400000|  0%| F|  |TAMS 0x000000008e300000, 0x000000008e300000| Untracked 
| 228|0x000000008e400000, 0x000000008e400000, 0x000000008e500000|  0%| F|  |TAMS 0x000000008e400000, 0x000000008e400000| Untracked 
| 229|0x000000008e500000, 0x000000008e500000, 0x000000008e600000|  0%| F|  |TAMS 0x000000008e500000, 0x000000008e500000| Untracked 
| 230|0x000000008e600000, 0x000000008e600000, 0x000000008e700000|  0%| F|  |TAMS 0x000000008e600000, 0x000000008e600000| Untracked 
| 231|0x000000008e700000, 0x000000008e700000, 0x000000008e800000|  0%| F|  |TAMS 0x000000008e700000, 0x000000008e700000| Untracked 
| 232|0x000000008e800000, 0x000000008e800000, 0x000000008e900000|  0%| F|  |TAMS 0x000000008e800000, 0x000000008e800000| Untracked 
| 233|0x000000008e900000, 0x000000008e900000, 0x000000008ea00000|  0%| F|  |TAMS 0x000000008e900000, 0x000000008e900000| Untracked 
| 234|0x000000008ea00000, 0x000000008ea00000, 0x000000008eb00000|  0%| F|  |TAMS 0x000000008ea00000, 0x000000008ea00000| Untracked 
| 235|0x000000008eb00000, 0x000000008eb00000, 0x000000008ec00000|  0%| F|  |TAMS 0x000000008eb00000, 0x000000008eb00000| Untracked 
| 236|0x000000008ec00000, 0x000000008ec00000, 0x000000008ed00000|  0%| F|  |TAMS 0x000000008ec00000, 0x000000008ec00000| Untracked 
| 237|0x000000008ed00000, 0x000000008ed00000, 0x000000008ee00000|  0%| F|  |TAMS 0x000000008ed00000, 0x000000008ed00000| Untracked 
| 238|0x000000008ee00000, 0x000000008ee00000, 0x000000008ef00000|  0%| F|  |TAMS 0x000000008ee00000, 0x000000008ee00000| Untracked 
| 239|0x000000008ef00000, 0x000000008ef00000, 0x000000008f000000|  0%| F|  |TAMS 0x000000008ef00000, 0x000000008ef00000| Untracked 
| 240|0x000000008f000000, 0x000000008f000000, 0x000000008f100000|  0%| F|  |TAMS 0x000000008f000000, 0x000000008f000000| Untracked 
| 241|0x000000008f100000, 0x000000008f100000, 0x000000008f200000|  0%| F|  |TAMS 0x000000008f100000, 0x000000008f100000| Untracked 
| 242|0x000000008f200000, 0x000000008f200000, 0x000000008f300000|  0%| F|  |TAMS 0x000000008f200000, 0x000000008f200000| Untracked 
| 243|0x000000008f300000, 0x000000008f300000, 0x000000008f400000|  0%| F|  |TAMS 0x000000008f300000, 0x000000008f300000| Untracked 
| 244|0x000000008f400000, 0x000000008f400000, 0x000000008f500000|  0%| F|  |TAMS 0x000000008f400000, 0x000000008f400000| Untracked 
| 245|0x000000008f500000, 0x000000008f500000, 0x000000008f600000|  0%| F|  |TAMS 0x000000008f500000, 0x000000008f500000| Untracked 
| 246|0x000000008f600000, 0x000000008f600000, 0x000000008f700000|  0%| F|  |TAMS 0x000000008f600000, 0x000000008f600000| Untracked 
| 247|0x000000008f700000, 0x000000008f700000, 0x000000008f800000|  0%| F|  |TAMS 0x000000008f700000, 0x000000008f700000| Untracked 
| 248|0x000000008f800000, 0x000000008f800000, 0x000000008f900000|  0%| F|  |TAMS 0x000000008f800000, 0x000000008f800000| Untracked 
| 249|0x000000008f900000, 0x000000008f900000, 0x000000008fa00000|  0%| F|  |TAMS 0x000000008f900000, 0x000000008f900000| Untracked 
| 250|0x000000008fa00000, 0x000000008fa00000, 0x000000008fb00000|  0%| F|  |TAMS 0x000000008fa00000, 0x000000008fa00000| Untracked 
| 251|0x000000008fb00000, 0x000000008fb00000, 0x000000008fc00000|  0%| F|  |TAMS 0x000000008fb00000, 0x000000008fb00000| Untracked 
| 252|0x000000008fc00000, 0x000000008fc00000, 0x000000008fd00000|  0%| F|  |TAMS 0x000000008fc00000, 0x000000008fc00000| Untracked 
| 253|0x000000008fd00000, 0x000000008fd00000, 0x000000008fe00000|  0%| F|  |TAMS 0x000000008fd00000, 0x000000008fd00000| Untracked 
| 254|0x000000008fe00000, 0x000000008fe00000, 0x000000008ff00000|  0%| F|  |TAMS 0x000000008fe00000, 0x000000008fe00000| Untracked 
| 255|0x000000008ff00000, 0x000000008ff00000, 0x0000000090000000|  0%| F|  |TAMS 0x000000008ff00000, 0x000000008ff00000| Untracked 
| 256|0x0000000090000000, 0x0000000090000000, 0x0000000090100000|  0%| F|  |TAMS 0x0000000090000000, 0x0000000090000000| Untracked 
| 257|0x0000000090100000, 0x0000000090100000, 0x0000000090200000|  0%| F|  |TAMS 0x0000000090100000, 0x0000000090100000| Untracked 
| 258|0x0000000090200000, 0x0000000090200000, 0x0000000090300000|  0%| F|  |TAMS 0x0000000090200000, 0x0000000090200000| Untracked 
| 259|0x0000000090300000, 0x0000000090300000, 0x0000000090400000|  0%| F|  |TAMS 0x0000000090300000, 0x0000000090300000| Untracked 
| 260|0x0000000090400000, 0x0000000090400000, 0x0000000090500000|  0%| F|  |TAMS 0x0000000090400000, 0x0000000090400000| Untracked 
| 261|0x0000000090500000, 0x0000000090500000, 0x0000000090600000|  0%| F|  |TAMS 0x0000000090500000, 0x0000000090500000| Untracked 
| 262|0x0000000090600000, 0x0000000090600000, 0x0000000090700000|  0%| F|  |TAMS 0x0000000090600000, 0x0000000090600000| Untracked 
| 263|0x0000000090700000, 0x0000000090700000, 0x0000000090800000|  0%| F|  |TAMS 0x0000000090700000, 0x0000000090700000| Untracked 
| 264|0x0000000090800000, 0x0000000090800000, 0x0000000090900000|  0%| F|  |TAMS 0x0000000090800000, 0x0000000090800000| Untracked 
| 265|0x0000000090900000, 0x0000000090900000, 0x0000000090a00000|  0%| F|  |TAMS 0x0000000090900000, 0x0000000090900000| Untracked 
| 266|0x0000000090a00000, 0x0000000090a00000, 0x0000000090b00000|  0%| F|  |TAMS 0x0000000090a00000, 0x0000000090a00000| Untracked 
| 267|0x0000000090b00000, 0x0000000090b00000, 0x0000000090c00000|  0%| F|  |TAMS 0x0000000090b00000, 0x0000000090b00000| Untracked 
| 268|0x0000000090c00000, 0x0000000090c00000, 0x0000000090d00000|  0%| F|  |TAMS 0x0000000090c00000, 0x0000000090c00000| Untracked 
| 269|0x0000000090d00000, 0x0000000090d00000, 0x0000000090e00000|  0%| F|  |TAMS 0x0000000090d00000, 0x0000000090d00000| Untracked 
| 270|0x0000000090e00000, 0x0000000090f00000, 0x0000000090f00000|100%| E|  |TAMS 0x0000000090e00000, 0x0000000090e00000| Complete 
| 271|0x0000000090f00000, 0x0000000091000000, 0x0000000091000000|100%| E|CS|TAMS 0x0000000090f00000, 0x0000000090f00000| Complete 
| 272|0x0000000091000000, 0x0000000091100000, 0x0000000091100000|100%| E|CS|TAMS 0x0000000091000000, 0x0000000091000000| Complete 
| 273|0x0000000091100000, 0x0000000091200000, 0x0000000091200000|100%| E|CS|TAMS 0x0000000091100000, 0x0000000091100000| Complete 
| 274|0x0000000091200000, 0x0000000091300000, 0x0000000091300000|100%| E|CS|TAMS 0x0000000091200000, 0x0000000091200000| Complete 
| 275|0x0000000091300000, 0x0000000091400000, 0x0000000091400000|100%| E|CS|TAMS 0x0000000091300000, 0x0000000091300000| Complete 
| 276|0x0000000091400000, 0x0000000091500000, 0x0000000091500000|100%| E|CS|TAMS 0x0000000091400000, 0x0000000091400000| Complete 
| 277|0x0000000091500000, 0x0000000091600000, 0x0000000091600000|100%| E|CS|TAMS 0x0000000091500000, 0x0000000091500000| Complete 

Card table byte_map: [0x00000221ccda0000,0x00000221cd1a0000] _byte_map_base: 0x00000221cc9a0000

Marking Bits (Prev, Next): (CMBitMap*) 0x00000221b9b8f940, (CMBitMap*) 0x00000221b9b8f908
 Prev Bits: [0x00000221cf5a0000, 0x00000221d15a0000)
 Next Bits: [0x00000221cd5a0000, 0x00000221cf5a0000)

Polling page: 0x00000221b7990000

Metaspace:

Usage:
  Non-class:     99.53 MB capacity,    97.75 MB ( 98%) used,     1.42 MB (  1%) free+waste,   371.44 KB ( <1%) overhead. 
      Class:     15.42 MB capacity,    14.29 MB ( 93%) used,   983.55 KB (  6%) free+waste,   165.13 KB (  1%) overhead. 
       Both:    114.95 MB capacity,   112.04 MB ( 97%) used,     2.38 MB (  2%) free+waste,   536.56 KB ( <1%) overhead. 

Virtual space:
  Non-class space:      100.00 MB reserved,      99.61 MB (>99%) committed 
      Class space:        1.00 GB reserved,      15.50 MB (  2%) committed 
             Both:        1.10 GB reserved,     115.11 MB ( 10%) committed 

Chunk freelists:
   Non-Class:  21.00 KB
       Class:  55.00 KB
        Both:  76.00 KB

MaxMetaspaceSize: 17179869184.00 GB
CompressedClassSpaceSize: 1.00 GB
Initial GC threshold: 20.80 MB
Current GC threshold: 191.02 MB
CDS: off

CodeHeap 'non-profiled nmethods': size=120000Kb used=10451Kb max_used=10451Kb free=109548Kb
 bounds [0x00000221c5140000, 0x00000221c5b80000, 0x00000221cc670000]
CodeHeap 'profiled nmethods': size=120000Kb used=39255Kb max_used=39255Kb free=80745Kb
 bounds [0x00000221bdc10000, 0x00000221c0270000, 0x00000221c5140000]
CodeHeap 'non-nmethods': size=5760Kb used=2424Kb max_used=2489Kb free=3335Kb
 bounds [0x00000221bd670000, 0x00000221bd8f0000, 0x00000221bdc10000]
 total_blobs=17556 nmethods=16595 adapters=872
 compilation: enabled
              stopped_count=0, restarted_count=0
 full_count=0

Compilation events (20 events):
Event: 47.879 Thread 0x00000221d4894800 17045       2       com.android.tools.r8.internal.D4::c (72 bytes)
Event: 47.880 Thread 0x00000221d4894800 nmethod 17045 0x00000221c0257f10 code [0x00000221c02580e0, 0x00000221c0258268]
Event: 47.943 Thread 0x00000221d4894800 17047       2       com.android.tools.r8.internal.S8$$Lambda$1957/0x0000000100f2b840::test (16 bytes)
Event: 47.944 Thread 0x00000221d4894800 nmethod 17047 0x00000221c0258410 code [0x00000221c02585e0, 0x00000221c0258818]
Event: 47.977 Thread 0x00000221d4894800 17048 %     3       com.android.tools.r8.internal.kI::a @ 9 (245 bytes)
Event: 47.979 Thread 0x00000221d4894800 nmethod 17048% 0x00000221c0258990 code [0x00000221c0258c60, 0x00000221c025a098]
Event: 47.981 Thread 0x00000221d4894800 17049       2       com.android.tools.r8.internal.pn::a (14 bytes)
Event: 47.981 Thread 0x00000221d4894800 nmethod 17049 0x00000221c025a690 code [0x00000221c025a840, 0x00000221c025a9a8]
Event: 47.981 Thread 0x00000221d4894800 17050       2       com.android.tools.r8.internal.in::a (12 bytes)
Event: 47.982 Thread 0x00000221d4894800 nmethod 17050 0x00000221c025aa90 code [0x00000221c025ac40, 0x00000221c025ad68]
Event: 47.984 Thread 0x00000221d4894800 17051 %     3       com.android.tools.r8.internal.dt::d @ 68 (191 bytes)
Event: 47.985 Thread 0x00000221d4894800 nmethod 17051% 0x00000221c025ae10 code [0x00000221c025b0c0, 0x00000221c025bf08]
Event: 48.029 Thread 0x00000221d4894800 17052       2       com.android.tools.r8.internal.D4::a (223 bytes)
Event: 48.033 Thread 0x00000221d4894800 nmethod 17052 0x00000221c025c490 code [0x00000221c025c760, 0x00000221c025d3e8]
Event: 48.098 Thread 0x00000221d4894800 17055       3       com.android.tools.r8.internal.kI::a (245 bytes)
Event: 48.101 Thread 0x00000221d4894800 nmethod 17055 0x00000221c025dd10 code [0x00000221c025dfc0, 0x00000221c025f378]
Event: 48.177 Thread 0x00000221d4894800 17056       3       com.android.tools.r8.internal.Kg::a (54 bytes)
Event: 48.178 Thread 0x00000221d4894800 nmethod 17056 0x00000221c025fa10 code [0x00000221c025fc40, 0x00000221c0260648]
Event: 48.190 Thread 0x00000221d4894800 17057       3       com.android.tools.r8.internal.Kg::<init> (46 bytes)
Event: 48.190 Thread 0x00000221d4894800 nmethod 17057 0x00000221c0260a90 code [0x00000221c0260c60, 0x00000221c0260fb8]

GC Heap History (20 events):
Event: 40.369 GC heap before
{Heap before GC invocations=37 (full 0):
 garbage-first heap   total 236544K, used 190044K [0x0000000080000000, 0x0000000100000000)
  region size 1024K, 52 young (53248K), 7 survivors (7168K)
 Metaspace       used 112949K, capacity 115844K, committed 116084K, reserved 1148928K
  class space    used 14559K, capacity 15709K, committed 15872K, reserved 1048576K
}
Event: 40.390 GC heap after
{Heap after GC invocations=38 (full 0):
 garbage-first heap   total 236544K, used 149722K [0x0000000080000000, 0x0000000100000000)
  region size 1024K, 6 young (6144K), 6 survivors (6144K)
 Metaspace       used 112949K, capacity 115844K, committed 116084K, reserved 1148928K
  class space    used 14559K, capacity 15709K, committed 15872K, reserved 1048576K
}
Event: 41.414 GC heap before
{Heap before GC invocations=39 (full 0):
 garbage-first heap   total 236544K, used 192730K [0x0000000080000000, 0x0000000100000000)
  region size 1024K, 48 young (49152K), 6 survivors (6144K)
 Metaspace       used 113800K, capacity 116730K, committed 116852K, reserved 1150976K
  class space    used 14598K, capacity 15761K, committed 15872K, reserved 1048576K
}
Event: 41.426 GC heap after
{Heap after GC invocations=40 (full 0):
 garbage-first heap   total 284672K, used 149964K [0x0000000080000000, 0x0000000100000000)
  region size 1024K, 1 young (1024K), 1 survivors (1024K)
 Metaspace       used 113800K, capacity 116730K, committed 116852K, reserved 1150976K
  class space    used 14598K, capacity 15761K, committed 15872K, reserved 1048576K
}
Event: 41.715 GC heap before
{Heap before GC invocations=40 (full 0):
 garbage-first heap   total 284672K, used 162252K [0x0000000080000000, 0x0000000100000000)
  region size 1024K, 13 young (13312K), 1 survivors (1024K)
 Metaspace       used 113833K, capacity 116731K, committed 116852K, reserved 1150976K
  class space    used 14598K, capacity 15761K, committed 15872K, reserved 1048576K
}
Event: 41.723 GC heap after
{Heap after GC invocations=41 (full 0):
 garbage-first heap   total 284672K, used 149394K [0x0000000080000000, 0x0000000100000000)
  region size 1024K, 1 young (1024K), 1 survivors (1024K)
 Metaspace       used 113833K, capacity 116731K, committed 116852K, reserved 1150976K
  class space    used 14598K, capacity 15761K, committed 15872K, reserved 1048576K
}
Event: 43.028 GC heap before
{Heap before GC invocations=41 (full 0):
 garbage-first heap   total 284672K, used 215954K [0x0000000080000000, 0x0000000100000000)
  region size 1024K, 66 young (67584K), 1 survivors (1024K)
 Metaspace       used 114145K, capacity 117013K, committed 117364K, reserved 1150976K
  class space    used 14600K, capacity 15763K, committed 15872K, reserved 1048576K
}
Event: 43.034 GC heap after
{Heap after GC invocations=42 (full 0):
 garbage-first heap   total 284672K, used 149828K [0x0000000080000000, 0x0000000100000000)
  region size 1024K, 1 young (1024K), 1 survivors (1024K)
 Metaspace       used 114145K, capacity 117013K, committed 117364K, reserved 1150976K
  class space    used 14600K, capacity 15763K, committed 15872K, reserved 1048576K
}
Event: 43.967 GC heap before
{Heap before GC invocations=43 (full 0):
 garbage-first heap   total 284672K, used 220484K [0x0000000080000000, 0x0000000100000000)
  region size 1024K, 70 young (71680K), 1 survivors (1024K)
 Metaspace       used 114386K, capacity 117350K, committed 117620K, reserved 1150976K
  class space    used 14615K, capacity 15766K, committed 15872K, reserved 1048576K
}
Event: 43.973 GC heap after
{Heap after GC invocations=44 (full 0):
 garbage-first heap   total 284672K, used 150022K [0x0000000080000000, 0x0000000100000000)
  region size 1024K, 2 young (2048K), 2 survivors (2048K)
 Metaspace       used 114386K, capacity 117350K, committed 117620K, reserved 1150976K
  class space    used 14615K, capacity 15766K, committed 15872K, reserved 1048576K
}
Event: 44.736 GC heap before
{Heap before GC invocations=44 (full 0):
 garbage-first heap   total 284672K, used 222726K [0x0000000080000000, 0x0000000100000000)
  region size 1024K, 73 young (74752K), 2 survivors (2048K)
 Metaspace       used 114500K, capacity 117430K, committed 117620K, reserved 1150976K
  class space    used 14616K, capacity 15768K, committed 15872K, reserved 1048576K
}
Event: 44.741 GC heap after
{Heap after GC invocations=45 (full 0):
 garbage-first heap   total 284672K, used 150430K [0x0000000080000000, 0x0000000100000000)
  region size 1024K, 2 young (2048K), 2 survivors (2048K)
 Metaspace       used 114500K, capacity 117430K, committed 117620K, reserved 1150976K
  class space    used 14616K, capacity 15768K, committed 15872K, reserved 1048576K
}
Event: 45.472 GC heap before
{Heap before GC invocations=45 (full 0):
 garbage-first heap   total 284672K, used 227230K [0x0000000080000000, 0x0000000100000000)
  region size 1024K, 77 young (78848K), 2 survivors (2048K)
 Metaspace       used 114575K, capacity 117518K, committed 117620K, reserved 1150976K
  class space    used 14622K, capacity 15776K, committed 15872K, reserved 1048576K
}
Event: 45.477 GC heap after
{Heap after GC invocations=46 (full 0):
 garbage-first heap   total 284672K, used 150879K [0x0000000080000000, 0x0000000100000000)
  region size 1024K, 2 young (2048K), 2 survivors (2048K)
 Metaspace       used 114575K, capacity 117518K, committed 117620K, reserved 1150976K
  class space    used 14622K, capacity 15776K, committed 15872K, reserved 1048576K
}
Event: 46.202 GC heap before
{Heap before GC invocations=46 (full 0):
 garbage-first heap   total 284672K, used 230751K [0x0000000080000000, 0x0000000100000000)
  region size 1024K, 80 young (81920K), 2 survivors (2048K)
 Metaspace       used 114600K, capacity 117521K, committed 117620K, reserved 1150976K
  class space    used 14622K, capacity 15776K, committed 15872K, reserved 1048576K
}
Event: 46.208 GC heap after
{Heap after GC invocations=47 (full 0):
 garbage-first heap   total 284672K, used 151316K [0x0000000080000000, 0x0000000100000000)
  region size 1024K, 3 young (3072K), 3 survivors (3072K)
 Metaspace       used 114600K, capacity 117521K, committed 117620K, reserved 1150976K
  class space    used 14622K, capacity 15776K, committed 15872K, reserved 1048576K
}
Event: 46.910 GC heap before
{Heap before GC invocations=47 (full 0):
 garbage-first heap   total 284672K, used 232212K [0x0000000080000000, 0x0000000100000000)
  region size 1024K, 82 young (83968K), 3 survivors (3072K)
 Metaspace       used 114628K, capacity 117586K, committed 117876K, reserved 1150976K
  class space    used 14622K, capacity 15776K, committed 15872K, reserved 1048576K
}
Event: 46.918 GC heap after
{Heap after GC invocations=48 (full 0):
 garbage-first heap   total 284672K, used 151701K [0x0000000080000000, 0x0000000100000000)
  region size 1024K, 3 young (3072K), 3 survivors (3072K)
 Metaspace       used 114628K, capacity 117586K, committed 117876K, reserved 1150976K
  class space    used 14622K, capacity 15776K, committed 15872K, reserved 1048576K
}
Event: 47.633 GC heap before
{Heap before GC invocations=48 (full 0):
 garbage-first heap   total 284672K, used 234645K [0x0000000080000000, 0x0000000100000000)
  region size 1024K, 84 young (86016K), 3 survivors (3072K)
 Metaspace       used 114642K, capacity 117589K, committed 117876K, reserved 1150976K
  class space    used 14622K, capacity 15776K, committed 15872K, reserved 1048576K
}
Event: 47.641 GC heap after
{Heap after GC invocations=49 (full 0):
 garbage-first heap   total 284672K, used 152133K [0x0000000080000000, 0x0000000100000000)
  region size 1024K, 4 young (4096K), 4 survivors (4096K)
 Metaspace       used 114642K, capacity 117589K, committed 117876K, reserved 1150976K
  class space    used 14622K, capacity 15776K, committed 15872K, reserved 1048576K
}

Deoptimization events (20 events):
Event: 46.000 Thread 0x00000221d82d4000 DEOPT PACKING pc=0x00000221c5adf390 sp=0x000000dc1f2f91c0
Event: 46.000 Thread 0x00000221d82d4000 DEOPT UNPACKING pc=0x00000221bd6ba1af sp=0x000000dc1f2f91e0 mode 2
Event: 46.056 Thread 0x00000221d82d4000 Uncommon trap: trap_request=0xffffffde fr.pc=0x00000221c5adf390 relative=0x0000000000005f30
Event: 46.056 Thread 0x00000221d82d4000 Uncommon trap: reason=class_check action=maybe_recompile pc=0x00000221c5adf390 method=com.android.tools.r8.internal.B8.a(Lcom/android/tools/r8/internal/Pn;IZ)V @ 616 c2
Event: 46.056 Thread 0x00000221d82d4000 DEOPT PACKING pc=0x00000221c5adf390 sp=0x000000dc1f2f91c0
Event: 46.056 Thread 0x00000221d82d4000 DEOPT UNPACKING pc=0x00000221bd6ba1af sp=0x000000dc1f2f91e0 mode 2
Event: 46.588 Thread 0x00000221d82d4000 Uncommon trap: trap_request=0xffffff4d fr.pc=0x00000221c5b00754 relative=0x0000000000004ab4
Event: 46.588 Thread 0x00000221d82d4000 Uncommon trap: reason=unstable_if action=reinterpret pc=0x00000221c5b00754 method=com.android.tools.r8.internal.w20.g0()Z @ 36 c2
Event: 46.588 Thread 0x00000221d82d4000 DEOPT PACKING pc=0x00000221c5b00754 sp=0x000000dc1f2f8e30
Event: 46.588 Thread 0x00000221d82d4000 DEOPT UNPACKING pc=0x00000221bd6ba1af sp=0x000000dc1f2f8de8 mode 2
Event: 46.680 Thread 0x00000221d82d4000 DEOPT PACKING pc=0x00000221bfc849c5 sp=0x000000dc1f2f8e70
Event: 46.680 Thread 0x00000221d82d4000 DEOPT UNPACKING pc=0x00000221bd6ba95e sp=0x000000dc1f2f8638 mode 0
Event: 47.327 Thread 0x00000221d82d4000 Uncommon trap: trap_request=0xffffff76 fr.pc=0x00000221c5b574c4 relative=0x0000000000005304
Event: 47.327 Thread 0x00000221d82d4000 Uncommon trap: reason=loop_limit_check action=maybe_recompile pc=0x00000221c5b574c4 method=com.android.tools.r8.graph.Y.a(IILcom/android/tools/r8/internal/Xq;)V @ 307 c2
Event: 47.327 Thread 0x00000221d82d4000 DEOPT PACKING pc=0x00000221c5b574c4 sp=0x000000dc1f2f8fb0
Event: 47.328 Thread 0x00000221d82d4000 DEOPT UNPACKING pc=0x00000221bd6ba1af sp=0x000000dc1f2f8fc0 mode 2
Event: 47.628 Thread 0x00000221d82d4000 Uncommon trap: trap_request=0xffffff4d fr.pc=0x00000221c5b689a8 relative=0x0000000000000328
Event: 47.628 Thread 0x00000221d82d4000 Uncommon trap: reason=unstable_if action=reinterpret pc=0x00000221c5b689a8 method=com.android.tools.r8.ir.regalloc.c.compareTo(Ljava/lang/Object;)I @ 52 c2
Event: 47.628 Thread 0x00000221d82d4000 DEOPT PACKING pc=0x00000221c5b689a8 sp=0x000000dc1f2f8ad0
Event: 47.628 Thread 0x00000221d82d4000 DEOPT UNPACKING pc=0x00000221bd6ba1af sp=0x000000dc1f2f8a20 mode 2

Classes redefined (0 events):
No events

Internal exceptions (20 events):
Event: 38.290 Thread 0x00000221d82df800 Exception <a 'java/lang/IncompatibleClassChangeError'{0x000000008b901728}: Found class java.lang.Object, but interface was expected> (0x000000008b901728) thrown at [./src/hotspot/share/interpreter/linkResolver.cpp, line 839]
Event: 38.438 Thread 0x00000221d82d3800 Exception <a 'java/lang/NoSuchMethodError'{0x000000008b1402d8}: 'void java.lang.invoke.DirectMethodHandle$Holder.invokeSpecial(java.lang.Object, java.lang.Object, int, java.lang.Object)'> (0x000000008b1402d8) thrown at [./src/hotspot/share/interpreter/linkResolver.cpp, line 773]
Event: 38.438 Thread 0x00000221d5b53000 Exception <a 'java/lang/NoSuchMethodError'{0x000000008b004148}: 'void java.lang.invoke.DirectMethodHandle$Holder.invokeSpecial(java.lang.Object, java.lang.Object, int, java.lang.Object)'> (0x000000008b004148) thrown at [./src/hotspot/share/interpreter/linkResolver.cpp, line 773]
Event: 38.727 Thread 0x00000221d5b53000 Exception <a 'java/lang/NoSuchMethodError'{0x0000000089d9e9d8}: 'int java.lang.invoke.DirectMethodHandle$Holder.invokeSpecial(java.lang.Object, java.lang.Object, java.lang.Object, int, java.lang.Object)'> (0x0000000089d9e9d8) thrown at [./src/hotspot/share/interpreter/linkResolver.cpp, line 773]
Event: 38.729 Thread 0x00000221d82df800 Exception <a 'java/lang/NoSuchMethodError'{0x0000000089c05270}: 'int java.lang.invoke.DirectMethodHandle$Holder.invokeSpecial(java.lang.Object, java.lang.Object, java.lang.Object, int, java.lang.Object)'> (0x0000000089c05270) thrown at [./src/hotspot/share/interpreter/linkResolver.cpp, line 773]
Event: 38.989 Thread 0x00000221d5b53000 Exception <a 'java/lang/NoSuchMethodError'{0x000000008dbcb628}: 'java.lang.Object java.lang.invoke.Invokers$Holder.linkToTargetMethod(java.lang.Object, int, java.lang.Object, java.lang.Object, java.lang.Object, java.lang.Object)'> (0x000000008dbcb628) thrown at [./src/hotspot/share/interpreter/linkResolver.cpp, line 773]
Event: 38.996 Thread 0x00000221d5b53000 Exception <a 'java/lang/NoSuchMethodError'{0x000000008dab9098}: 'void java.lang.invoke.DirectMethodHandle$Holder.invokeStatic(java.lang.Object, java.lang.Object, java.lang.Object, java.lang.Object, java.lang.Object, java.lang.Object, java.lang.Object, java.lang.Object)'> (0x000000008dab9098) thrown at [./src/hotspot/share/interpreter/linkResolver.cpp, line 773]
Event: 39.217 Thread 0x00000221d5b53000 Exception <a 'java/lang/IncompatibleClassChangeError'{0x000000008c6e3248}: Found class java.lang.Object, but interface was expected> (0x000000008c6e3248) thrown at [./src/hotspot/share/interpreter/linkResolver.cpp, line 839]
Event: 39.479 Thread 0x00000221d5b53000 Exception <a 'java/lang/NoSuchMethodError'{0x000000008dd00e58}: 'void java.lang.invoke.DirectMethodHandle$Holder.invokeSpecial(java.lang.Object, java.lang.Object, int)'> (0x000000008dd00e58) thrown at [./src/hotspot/share/interpreter/linkResolver.cpp, line 773]
Event: 39.610 Thread 0x00000221d5b53000 Exception <a 'sun/nio/fs/WindowsException'{0x000000008d588458}> (0x000000008d588458) thrown at [./src/hotspot/share/prims/jni.cpp, line 616]
Event: 39.697 Thread 0x00000221d82df800 Exception <a 'java/lang/NoSuchMethodError'{0x000000008d0d6728}: 'java.lang.Object java.lang.invoke.DirectMethodHandle$Holder.invokeSpecial(java.lang.Object, java.lang.Object, java.lang.Object, java.lang.Object, java.lang.Object, java.lang.Object, java.lang.Object, java.lang.Object, java.lang.Object, java.lang.Object, java.lang.Object)'> (0x000000008d0d6728) thrown at [./src/hotspot/share/interpreter/linkResolver.cpp, line 773]
Event: 39.699 Thread 0x00000221d82df800 Exception <a 'java/lang/NoSuchMethodError'{0x000000008d0f5dc8}: 'java.lang.Object java.lang.invoke.Invokers$Holder.linkToTargetMethod(java.lang.Object, java.lang.Object, java.lang.Object, java.lang.Object, java.lang.Object, java.lang.Object, java.lang.Object, java.lang.Object, java.lang.Object, java.lang.Object)'> (0x000000008d0f5dc8) thrown at [./src/hotspot/share/interpreter/linkResolver.cpp, line 773]
Event: 39.797 Thread 0x00000221d82df800 Exception <a 'java/lang/IncompatibleClassChangeError'{0x000000008ca245c0}: Found class java.lang.Object, but interface was expected> (0x000000008ca245c0) thrown at [./src/hotspot/share/interpreter/linkResolver.cpp, line 839]
Event: 40.433 Thread 0x00000221d82df800 Exception <a 'sun/nio/fs/WindowsException'{0x000000008e6367a0}> (0x000000008e6367a0) thrown at [./src/hotspot/share/prims/jni.cpp, line 616]
Event: 40.503 Thread 0x00000221d82d4000 Implicit null exception at 0x00000221c5790ceb to 0x00000221c5790d0c
Event: 40.628 Thread 0x00000221d82d4000 Exception <a 'java/lang/NoSuchMethodError'{0x000000008dd72058}: 'java.lang.Object java.lang.invoke.DirectMethodHandle$Holder.invokeInterface(java.lang.Object, java.lang.Object, int)'> (0x000000008dd72058) thrown at [./src/hotspot/share/interpreter/linkResolver.cpp, line 773]
Event: 40.665 Thread 0x00000221d82d3800 Exception <a 'sun/nio/fs/WindowsException'{0x000000008dcd6dc0}> (0x000000008dcd6dc0) thrown at [./src/hotspot/share/prims/jni.cpp, line 616]
Event: 40.959 Thread 0x00000221d82d4000 Exception <a 'java/lang/NoSuchMethodError'{0x000000008cf3d818}: 'void java.lang.invoke.DirectMethodHandle$Holder.invokeSpecialIFC(java.lang.Object, java.lang.Object, java.lang.Object, java.lang.Object)'> (0x000000008cf3d818) thrown at [./src/hotspot/share/interpreter/linkResolver.cpp, line 773]
Event: 42.291 Thread 0x00000221d82d4000 Implicit null exception at 0x00000221c5a2f20d to 0x00000221c5a2f308
Event: 43.078 Thread 0x00000221d82d4000 Exception <a 'java/lang/NoSuchMethodError'{0x00000000912ab138}: 'int java.lang.invoke.DirectMethodHandle$Holder.invokeInterface(java.lang.Object, java.lang.Object, int)'> (0x00000000912ab138) thrown at [./src/hotspot/share/interpreter/linkResolver.cpp, line 773]

Events (20 events):
Event: 45.398 loading class com/android/tools/r8/internal/yY
Event: 45.398 loading class com/android/tools/r8/internal/yY done
Event: 45.398 loading class com/android/tools/r8/internal/xY
Event: 45.398 loading class com/android/tools/r8/internal/xY done
Event: 45.398 loading class com/android/tools/r8/code/E0
Event: 45.398 loading class com/android/tools/r8/code/E0 done
Event: 45.398 loading class com/android/tools/r8/code/E0
Event: 45.398 loading class com/android/tools/r8/code/E0 done
Event: 45.399 loading class com/android/tools/r8/code/E0
Event: 45.399 loading class com/android/tools/r8/code/E0 done
Event: 45.471 Executing VM operation: G1CollectForAllocation
Event: 45.477 Executing VM operation: G1CollectForAllocation done
Event: 45.876 Executing VM operation: ICBufferFull
Event: 45.877 Executing VM operation: ICBufferFull done
Event: 46.202 Executing VM operation: G1CollectForAllocation
Event: 46.208 Executing VM operation: G1CollectForAllocation done
Event: 46.910 Executing VM operation: G1CollectForAllocation
Event: 46.918 Executing VM operation: G1CollectForAllocation done
Event: 47.632 Executing VM operation: G1CollectForAllocation
Event: 47.641 Executing VM operation: G1CollectForAllocation done


Dynamic libraries:
0x00007ff629290000 - 0x00007ff62929a000 	C:\Program Files\Android\Android Studio\jre\bin\java.exe
0x00007ffa69d70000 - 0x00007ffa69f68000 	C:\WINDOWS\SYSTEM32\ntdll.dll
0x00007ffa68d90000 - 0x00007ffa68e4d000 	C:\WINDOWS\System32\KERNEL32.DLL
0x00007ffa67620000 - 0x00007ffa67916000 	C:\WINDOWS\System32\KERNELBASE.dll
0x00007ffa67b00000 - 0x00007ffa67c00000 	C:\WINDOWS\System32\ucrtbase.dll
0x00007ffa62b40000 - 0x00007ffa62b59000 	C:\Program Files\Android\Android Studio\jre\bin\jli.dll
0x00007ffa60230000 - 0x00007ffa60247000 	C:\Program Files\Android\Android Studio\jre\bin\VCRUNTIME140.dll
0x00007ffa680d0000 - 0x00007ffa6826e000 	C:\WINDOWS\System32\USER32.dll
0x00007ffa67920000 - 0x00007ffa67942000 	C:\WINDOWS\System32\win32u.dll
0x00007ffa51f20000 - 0x00007ffa521ba000 	C:\WINDOWS\WinSxS\amd64_microsoft.windows.common-controls_6595b64144ccf1df_6.0.19041.1110_none_60b5254171f9507e\COMCTL32.dll
0x00007ffa68f80000 - 0x00007ffa68fac000 	C:\WINDOWS\System32\GDI32.dll
0x00007ffa68030000 - 0x00007ffa680ce000 	C:\WINDOWS\System32\msvcrt.dll
0x00007ffa67cb0000 - 0x00007ffa67dca000 	C:\WINDOWS\System32\gdi32full.dll
0x00007ffa67580000 - 0x00007ffa6761d000 	C:\WINDOWS\System32\msvcp_win.dll
0x00007ffa69d00000 - 0x00007ffa69d30000 	C:\WINDOWS\System32\IMM32.DLL
0x00007ffa47350000 - 0x00007ffa473ed000 	C:\Program Files\Android\Android Studio\jre\bin\msvcp140.dll
0x00007ffa0ed10000 - 0x00007ffa0f812000 	C:\Program Files\Android\Android Studio\jre\bin\server\jvm.dll
0x00007ffa682f0000 - 0x00007ffa6839e000 	C:\WINDOWS\System32\ADVAPI32.dll
0x00007ffa67f90000 - 0x00007ffa6802c000 	C:\WINDOWS\System32\sechost.dll
0x00007ffa694b0000 - 0x00007ffa695d6000 	C:\WINDOWS\System32\RPCRT4.dll
0x00007ffa694a0000 - 0x00007ffa694a8000 	C:\WINDOWS\System32\PSAPI.DLL
0x00007ffa63e50000 - 0x00007ffa63e59000 	C:\WINDOWS\SYSTEM32\WSOCK32.dll
0x00007ffa64230000 - 0x00007ffa6423a000 	C:\WINDOWS\SYSTEM32\VERSION.dll
0x00007ffa51e60000 - 0x00007ffa51e87000 	C:\WINDOWS\SYSTEM32\WINMM.dll
0x00007ffa695e0000 - 0x00007ffa6964b000 	C:\WINDOWS\System32\WS2_32.dll
0x00007ffa65370000 - 0x00007ffa65382000 	C:\WINDOWS\SYSTEM32\kernel.appcore.dll
0x00007ffa4d970000 - 0x00007ffa4d981000 	C:\Program Files\Android\Android Studio\jre\bin\verify.dll
0x00007ffa65160000 - 0x00007ffa65344000 	C:\WINDOWS\SYSTEM32\DBGHELP.DLL
0x00007ffa5bcc0000 - 0x00007ffa5bcf4000 	C:\WINDOWS\SYSTEM32\dbgcore.DLL
0x00007ffa674f0000 - 0x00007ffa67572000 	C:\WINDOWS\System32\bcryptPrimitives.dll
0x00007ffa474b0000 - 0x00007ffa474d9000 	C:\Program Files\Android\Android Studio\jre\bin\java.dll
0x00007ffa62af0000 - 0x00007ffa62afb000 	C:\Program Files\Android\Android Studio\jre\bin\jimage.dll
0x00007ffa47490000 - 0x00007ffa474a8000 	C:\Program Files\Android\Android Studio\jre\bin\zip.dll
0x00007ffa68530000 - 0x00007ffa68c75000 	C:\WINDOWS\System32\SHELL32.dll
0x00007ffa654e0000 - 0x00007ffa65c7b000 	C:\WINDOWS\SYSTEM32\windows.storage.dll
0x00007ffa68fb0000 - 0x00007ffa69304000 	C:\WINDOWS\System32\combase.dll
0x00007ffa66dc0000 - 0x00007ffa66dee000 	C:\WINDOWS\SYSTEM32\Wldp.dll
0x00007ffa693f0000 - 0x00007ffa6949d000 	C:\WINDOWS\System32\SHCORE.dll
0x00007ffa69650000 - 0x00007ffa696a5000 	C:\WINDOWS\System32\shlwapi.dll
0x00007ffa67380000 - 0x00007ffa673a5000 	C:\WINDOWS\SYSTEM32\profapi.dll
0x00007ffa47470000 - 0x00007ffa4748a000 	C:\Program Files\Android\Android Studio\jre\bin\net.dll
0x00007ffa60800000 - 0x00007ffa6090a000 	C:\WINDOWS\SYSTEM32\WINHTTP.dll
0x00007ffa66b20000 - 0x00007ffa66b8a000 	C:\WINDOWS\system32\mswsock.dll
0x00007ffa46f60000 - 0x00007ffa46f74000 	C:\Program Files\Android\Android Studio\jre\bin\nio.dll
0x00007ffa38e00000 - 0x00007ffa38e27000 	C:\Users\gadha\.gradle\native\e1d6ef7f7dcc3fd88c89a11ec53ec762bb8ba0a96d01ffa2cd45eb1d1d8dd5c5\windows-amd64\native-platform.dll
0x00007ffa38850000 - 0x00007ffa38994000 	C:\Users\gadha\.gradle\native\0d407fdbe67a94daf76414ababcb853783967236a71b16ec16e742cd7a986fd3\windows-amd64\native-platform-file-events.dll
0x00007ffa56bd0000 - 0x00007ffa56bda000 	C:\Program Files\Android\Android Studio\jre\bin\management.dll
0x00007ffa53fc0000 - 0x00007ffa53fcd000 	C:\Program Files\Android\Android Studio\jre\bin\management_ext.dll
0x00007ffa66d20000 - 0x00007ffa66d38000 	C:\WINDOWS\SYSTEM32\CRYPTSP.dll
0x00007ffa66430000 - 0x00007ffa66464000 	C:\WINDOWS\system32\rsaenh.dll
0x00007ffa674c0000 - 0x00007ffa674e7000 	C:\WINDOWS\System32\bcrypt.dll
0x00007ffa67340000 - 0x00007ffa6736e000 	C:\WINDOWS\SYSTEM32\USERENV.dll
0x00007ffa66d10000 - 0x00007ffa66d1c000 	C:\WINDOWS\SYSTEM32\CRYPTBASE.dll
0x00007ffa66810000 - 0x00007ffa6684b000 	C:\WINDOWS\SYSTEM32\IPHLPAPI.DLL
0x00007ffa696b0000 - 0x00007ffa696b8000 	C:\WINDOWS\System32\NSI.dll
0x00007ffa60f10000 - 0x00007ffa60f27000 	C:\WINDOWS\SYSTEM32\dhcpcsvc6.DLL
0x00007ffa61390000 - 0x00007ffa613ad000 	C:\WINDOWS\SYSTEM32\dhcpcsvc.DLL
0x00007ffa66850000 - 0x00007ffa6691a000 	C:\WINDOWS\SYSTEM32\DNSAPI.dll
0x00007ffa601d0000 - 0x00007ffa601ee000 	C:\Users\gadha\AppData\Local\Temp\native-platform13701093455424588469dir\native-platform.dll

dbghelp: loaded successfully - version: 4.0.5 - missing functions: none
symbol engine: initialized successfully - sym options: 0x614 - pdb path: .;C:\Program Files\Android\Android Studio\jre\bin;C:\WINDOWS\SYSTEM32;C:\WINDOWS\WinSxS\amd64_microsoft.windows.common-controls_6595b64144ccf1df_6.0.19041.1110_none_60b5254171f9507e;C:\Program Files\Android\Android Studio\jre\bin\server;C:\Users\gadha\.gradle\native\e1d6ef7f7dcc3fd88c89a11ec53ec762bb8ba0a96d01ffa2cd45eb1d1d8dd5c5\windows-amd64;C:\Users\gadha\.gradle\native\0d407fdbe67a94daf76414ababcb853783967236a71b16ec16e742cd7a986fd3\windows-amd64;C:\Users\gadha\AppData\Local\Temp\native-platform13701093455424588469dir

VM Arguments:
jvm_args: --add-opens=java.base/java.util=ALL-UNNAMED --add-opens=java.base/java.lang=ALL-UNNAMED --add-opens=java.base/java.lang.invoke=ALL-UNNAMED --add-opens=java.base/java.util=ALL-UNNAMED --add-opens=java.prefs/java.util.prefs=ALL-UNNAMED --add-opens=java.prefs/java.util.prefs=ALL-UNNAMED --add-opens=java.base/java.nio.charset=ALL-UNNAMED --add-opens=java.base/java.net=ALL-UNNAMED --add-opens=java.base/java.util.concurrent.atomic=ALL-UNNAMED -Xmx2048m -Dfile.encoding=UTF-8 -Duser.country=US -Duser.language=en -Duser.variant 
java_command: org.gradle.launcher.daemon.bootstrap.GradleDaemon 7.4
java_class_path (initial): C:\Users\gadha\.gradle\wrapper\dists\gradle-7.4-bin\c0gwcg53nkjbqw7r0h0umtfvt\gradle-7.4\lib\gradle-launcher-7.4.jar
Launcher Type: SUN_STANDARD

[Global flags]
     intx CICompilerCount                          = 4                                         {product} {ergonomic}
     uint ConcGCThreads                            = 2                                         {product} {ergonomic}
     uint G1ConcRefinementThreads                  = 8                                         {product} {ergonomic}
   size_t G1HeapRegionSize                         = 1048576                                   {product} {ergonomic}
    uintx GCDrainStackTargetSize                   = 64                                        {product} {ergonomic}
   size_t InitialHeapSize                          = 201326592                                 {product} {ergonomic}
   size_t MarkStackSize                            = 4194304                                   {product} {ergonomic}
   size_t MaxHeapSize                              = 2147483648                                {product} {command line}
   size_t MaxNewSize                               = 1287651328                                {product} {ergonomic}
   size_t MinHeapDeltaBytes                        = 1048576                                   {product} {ergonomic}
    uintx NonNMethodCodeHeapSize                   = 5836300                                {pd product} {ergonomic}
    uintx NonProfiledCodeHeapSize                  = 122910970                              {pd product} {ergonomic}
    uintx ProfiledCodeHeapSize                     = 122910970                              {pd product} {ergonomic}
    uintx ReservedCodeCacheSize                    = 251658240                              {pd product} {ergonomic}
     bool SegmentedCodeCache                       = true                                      {product} {ergonomic}
     bool UseCompressedClassPointers               = true                                 {lp64_product} {ergonomic}
     bool UseCompressedOops                        = true                                 {lp64_product} {ergonomic}
     bool UseG1GC                                  = true                                      {product} {ergonomic}
     bool UseLargePagesIndividualAllocation        = false                                  {pd product} {ergonomic}

Logging:
Log output configuration:
 #0: stdout all=warning uptime,level,tags
 #1: stderr all=off uptime,level,tags

Environment Variables:
PATH=C:\Program Files\Common Files\Oracle\Java\javapath;C:\Program Files (x86)\Intel\iCLS Client\;C:\Program Files\Intel\iCLS Client\;C:\WINDOWS\system32;C:\WINDOWS;C:\WINDOWS\System32\Wbem;C:\WINDOWS\System32\WindowsPowerShell\v1.0\;C:\Program Files (x86)\Intel\Intel(R) Management Engine Components\DAL;C:\Program Files\Intel\Intel(R) Management Engine Components\DAL;C:\Program Files (x86)\Intel\Intel(R) Management Engine Components\IPT;C:\Program Files\Intel\Intel(R) Management Engine Components\IPT;C:\WINDOWS\System32\OpenSSH\;C:\MinGW\bin;C:\Program Files\Git\cmd;C:\Users\gadha\AppData\Local\Microsoft\WindowsApps;;C:\Users\gadha\AppData\Local\Programs\Microsoft VS Code\bin
USERNAME=gadha
OS=Windows_NT
PROCESSOR_IDENTIFIER=Intel64 Family 6 Model 142 Stepping 10, GenuineIntel



---------------  S Y S T E M  ---------------

OS: Windows 10 , 64 bit Build 19041 (10.0.19041.3393)
OS uptime: 8 days 20:48 hours

CPU:total 8 (initial active 8) (4 cores per cpu, 2 threads per core) family 6 model 142 stepping 10 microcode 0xea, cmov, cx8, fxsr, mmx, sse, sse2, sse3, ssse3, sse4.1, sse4.2, popcnt, avx, avx2, aes, clmul, erms, 3dnowpref, lzcnt, ht, tsc, tscinvbit, bmi1, bmi2, adx, fma

Memory: 4k page, system-wide physical 12197M (576M free)
TotalPageFile size 12197M (AvailPageFile size 5M)
current process WorkingSet (physical memory assigned to process): 671M, peak: 675M
current process commit charge ("private bytes"): 721M, peak: 724M

vm_info: OpenJDK 64-Bit Server VM (11.0.13+0-b1751.21-8125866) for windows-amd64 JRE (11.0.13+0-b1751.21-8125866), built on Feb  2 2022 03:00:22 by "builder" with MS VC++ 14.0 (VS2015)

END.
